548 772 171
542 786 171
882 993 174
321 610 144
428 706 171
477 927 179
961 975 143
61 242 128
749 885 179
913 997 174
143 847 171
952 963 130
583 942 179
849 897 179
574 893 179
512 677 145
85 457 144
566 790 171
393 641 142
68 293 128
157 581 144
701 756 171
728 975 179
680 752 171
959 966 130
562 804 171
411 467 134
103 870 171
104 756 171
964 970 143
2516 8033 262
8319 9898 260
1922 5747 238
6054 9055 262
4244 8160 262
6962 8126 252
4820 8795 262
3842 6797 262
7221 9450 260
7715 8788 252
1790 2039 175
6213 9404 260
1505 4174 238
3022 8760 262
2011 9118 262
8057 8166 190
6796 8173 257
1443 7423 262
5595 7010 262
8915 9772 260
7616 8069 252
6536 7562 257
1680 9718 262
1027 1635 182
8171 8473 234
5754 5993 218
8864 9328 260
3650 5016 238
1786 9749 262
7807 8570 252
29030 69048 340
41261 81078 351
80435 89331 333
73177 82080 351
87551 95122 333
60741 84305 351
85060 95553 333
24211 75057 340
83974 91447 333
53052 93102 351
85176 93401 333
76099 98094 351
95110 99094 328
64973 82929 351
82958 86114 320
74834 86220 351
57581 84022 351
57590 58178 273
64026 82059 351
68457 82865 351
98546 99321 328
93702 98476 328
99584 99876 328
69192 78824 351
61010 72631 330
29033 79577 351
85762 93842 333
71907 75155 325
93484 99606 328
47358 75462 340
141069 276899 443
193977 481800 449
245290 388068 441
298735 491717 449
394220 420045 449
224633 353910 443
196635 481687 449
234428 242206 368
129792 346451 443
360144 371980 410
180533 184660 334
286911 288962 389
180226 224253 386
307280 438921 449
425618 436307 387
291481 355533 441
186003 327521 443
150377 233334 443
482192 494915 426
292602 418122 449
471198 480207 382
285493 352055 441
384148 390947 436
499167 499663 395
251055 355151 441
264623 308776 407
142059 388470 443
492050 495570 426
469762 471252 307
211591 303886 443
881303 988433 507
791993 843762 525
755885 921936 525
747465 991914 525
679766 728074 504
782531 863682 525
951455 973177 458
806874 830933 450
843432 942815 507
855909 882405 432
808260 980201 525
800687 862750 525
665216 917546 525
835521 989088 525
930761 979033 507
595577 656672 509
541160 745757 509
619784 771056 509
840931 897793 445
640424 870988 525
543380 937904 525
625673 913194 525
810035 911655 525
674750 782919 504
846136 977950 507
646140 983075 525
583370 756518 509
695057 988162 525
919646 956311 507
641252 743456 504
