1 10 20
100 200 125
201 210 89
900 1000 174
321 600 144
601 700 145
99 769360 509
18 83367 351
648451 942674 525
107786 210802 383
654 4560 238
54 236 128
315 568 144
6450 9988 260
678912 879921 525
203791 278491 443
313524 719076 509
710645 30021 509
970 991 143
776 955 179
341095 616674 470
4268 400881 443
210000 219999 386
210000 220000 386
272780 203296 443
617079 756510 509
1 1 1
1 2 2
837798 837800 525
682058 118013 509
1 999999 525
1 10 20
10 100 119
100 1000 179
1000 10000 262
10000 100000 351
100000 999999 525
1 999999 525
10 1 20
100 10 119
1000 100 179
10000 1000 262
100000 10000 351
999999 100000 525
3213 434535 449
1 1000000 525
500 500000 449
600 600000 470
700 700000 509
1001 2000 182
2001 3000 217
3001 4000 238
4001 5000 215
5001 6000 236
6001 7000 262
