481641 904238 525
840222 862485 419
127126 227030 386
844439 859299 419
328184 822064 509
295720 581419 470
989013 997252 365
973205 977182 383
798873 817668 406
310542 744425 509
598232 988207 525
508423 765749 509
423006 661021 509
688328 690679 336
779872 963219 525
633212 979900 525
464354 589986 470
793889 838187 525
787325 865589 525
893206 999123 507
558580 940390 525
793573 949814 525
77404 582780 470
121791 498014 449
821570 874420 525
506612 772480 509
123232 868147 525
644354 915014 525
26947 533779 470
836243 871733 525
290977 350325 441
194608 530700 470
607277 813955 509
142717 265771 443
693506 994431 525
740640 763496 424
66260 457737 449
768755 772749 393
878205 943141 507
321740 638983 509
382744 811052 509
133660 974011 525
260013 617627 470
308696 782294 509
396918 529921 470
744761 824065 468
154003 173231 383
676295 764229 504
666186 936769 525
561236 783247 509
437907 844788 525
220142 550482 470
829145 977376 525
563848 590631 434
40725 529496 470
144492 544246 470
263950 590749 470
665745 855979 525
910247 975822 507
879768 944407 507
356034 723808 509
109433 727988 509
260555 353242 441
2523 697313 509
187956 429542 449
32889 671760 509
457761 490430 444
198599 466724 449
579380 928346 525
771355 881821 525
440285 476504 444
788422 979207 525
257205 502491 449
847386 981962 507
875069 936896 476
291024 742449 509
377552 589979 470
922629 970524 507
713586 896818 525
735303 946303 525
321450 761002 509
892398 980537 507
147591 882843 525
599273 982692 525
555484 719192 509
151506 764514 509
199485 653340 509
345621 871418 525
47525 693524 509
96999 134597 354
142071 356319 443
966076 989420 458
333568 433731 449
927795 976125 507
170954 467788 449
38233 845748 525
109204 713520 509
397599 982320 525
18250 733134 509
307103 826202 509
794350 928943 525
