1 10 20
100 200 125
201 210 89
900 1000 174
1 1000000 525
53 22 112
1 1 1
32348 43254 324
3804 4235 202
12345 2345 268
9876 10000 242
1 3 8
1750 1758 149
10234 134 262
103240 294857 443
345682 94524 443
57 59 33
95 29 116
20 90 116
86 38 116
9 7 20
10 25 24
2359 2359 59
800 800 29
2 2 2
4 4 3
8 8 4
16 16 5
32 32 6
3 5 8
3 10 20
60 70 108
90 100 119
29 59 113
20 4 21
800 900 179
130 913 179
1204 1029 182
78 89 111
11 11 15
9528 10000 242
4334 4390 215
100 240 128
39 10 112
80 60 116
78 88 111
10 485 144
485 490 142
1 2 2
2 3 8
3 4 8
4 5 6
170 2940 217
1239 2405 183
2059 134 182
5460 5094 192
1349 2459 183
1054 4250 238
10349 13059 268
1049 2589 209
1958 2000 175
4095 5698 236
4256 2406 238
2149 2409 183
1000 1001 143
1001 1000 143
3520 1350 217
2457 3000 217
193 1394 182
1305 31508 308
13059 42056 324
1000000 1000000 153
1 304 128
49 429 144
1925 2405 183
1349 3560 217
1035 1305 182
1598 3413 217
1235 150 182
1354 153 182
1394 3569 217
630 602 132
2469 2640 191
1044 4923 238
248 324 131
46025 25094 324
16498 24698 282
1000 2000 182
2609 1035 209
2456 2640 209
1594 2150 180
1359 259 182
5204 2609 238
12309 42560 324
1598 3584 217
2468 9457 262
5134 1584 238
137 238 128
30 59 113
41 256 128
