1 10 20
100 200 125
201 210 89
900 1000 174
1 1 1
1 1000 179
1 100002 351
10 1000000 525
53 299 128
30000 2444 308
99 344 144
1 23 21
668 232 145
5934 594 238
38 23 112
999999 1000000 259
575757 534 470
392 3999 238
192 392 144
4999 39554 324
301 44932 324
5684 28444 308
932 39444 324
95 58221 340
59403 4395 340
94822 345 351
5824 49392 324
495 50394 324
1 59 113
39 43 110
50 9993 262
910293 2831 525
38205 38202 107
394 44 144
494 89999 351
98283 711 351
181 944 179
93922 48104 351
48 29394 308
919 191 179
9394 48381 324
39402 38482 275
49302 3943 324
3920 8382 262
94 182 125
392929 832921 509
3829 384123 443
8302 4832 262
483 32891 308
493 34 144
3283 40393 324
8293 482983 449
483 28394 308
48392 384 324
4832 948 238
39281 2301 324
323829 48392 443
38291 304999 443
99943 38291 351
3841 1 238
384 32 144
9 282 128
1000000 1 525
483 20191 279
3940 39281 324
348938 382 443
483 20493 279
584 394855 443
584 39485 324
85 483932 449
384 3829 238
4111 1811 238
48392 58 324
849 3848 238
4928 384839 443
91 283 128
302 38481 324
222 20 125
38194 8383 324
49109 4727 324
3948 37291 324
483 38 144
4 3 8
2983 48 217
482 2 144
81918 3 351
48392 3 324
48 311 128
8492 483 262
829384 28 509
584 39485 324
85 483932 449
384 3829 238
4111 1811 238
48392 58 324
849 3848 238
348938 382 443
483 20493 279
584 394855 443
584 39485 324
85 483932 449
384 3829 238
3 182 125
1 22 21
1 5939 238
591 32 144
593 5900 238
485 372 134
4891 15 238
83 29 116
5948 382 238
59 38 113
483 33 144
9581 273 262
8103 389283 443
83 483 144
391 30 144
39483 13 324
50595 383 324
8394 4381 262
492838 4829 449
9584 32 262
838 489 171
5847 839 238
482938 483 449
8373 2837 262
39483 282 324
11 111 119
2833 438 209
