1 10 20
100 200 125
201 210 89
900 1000 174
10 60 113
50 90 116
1 1 1
2 4 8
8 9 20
3 100 119
100 100 26
50 55 113
22 68 113
2000 4000 238
90 128 119
29 129 122
1000 4000 238
23 65 113
12 34 112
932 954 174
1000 1001 143
2 102 119
50 100 119
97 98 119
19 59 113
34 921 179
300 500 144
708 923 179
64 87 116
12 24 21
78 90 111
23 58 113
1234 5678 238
232 482 144
492 500 111
5000 8340 262
3000 7000 262
342 812 171
5003 5005 179
238 430 144
89 203 125
892 1023 174
494 2943 217
56 80 116
904 1003 174
43 44 30
123 908 179
300 102 128
1 123 119
403 493 142
784 492 171
9032 10002 260
897 902 117
123 738 171
730 2382 183
8344 9083 247
382 842 171
849 850 60
82 83 111
78 79 36
123 321 131
99 100 26
101 103 88
87 89 31
23 27 112
45 56 113
89 90 31
39 41 110
48 50 25
24 26 24
80 82 111
890 902 117
784 984 179
23 89 116
47 49 105
902 905 117
89 94 106
86 97 119
432 439 116
563 574 106
573 574 106
674 676 114
978 978 50
274 904 179
2888 3049 217
453 563 142
89 89 31
410 427 134
893 896 99
489 490 49
342 895 179
4000 5000 215
3 4 8
5 5 6
9 9 20
454 893 179
232 903 179
193 283 128
483 902 179
847 834 135
2500 3500 217
4600 5500 210
82 78 111
90 172 125
20 37 112
36 50 110
89 90 31
28 45 110
56 87 116
34 75 116
65 90 116
349 782 171