1 10 20
100 200 125
201 210 89
900 1000 174
1 1 1
0 0 1
0 1 1
1 0 1
1 9999 262
1 99999 351
1 999999 525
999999 1 525
99999 1 351
9999 1 262
24 24 11
90000 30000 351
4 8 17
99 201 125
314 159265 383
999999 999000 396
8 256 128
1 3 8
2 4 8
3 5 8
10 30 112
20 40 112
30 50 110
100 300 128
200 400 144
300 500 144
1000 3000 217
2000 4000 238
3000 5000 238
10000 30000 308
20000 40000 324
30000 50000 324
100000 300000 443
200000 400000 443
300000 500000 449
9967 9973 136
3203 3109 199
70 836 171
13930 14770 271
932 556 179
904 1000 174
12 18 21
3 20 21
13 1885 182
101010 10101 351
1 1000000 525
199 198 120
1024 768 179
1080 1920 182
999999 1000000 259
587868 751086 509
14099 478516 449
664498 365167 509
712175 961063 525
688962 248209 509
193017 707812 509
657512 495573 509
214765 377567 443
141940 768119 509
315201 111063 443
579381 400145 470
56637 456135 449
230190 208553 386
377495 57186 443
139521 167125 383
495731 27091 449
83579 190101 383
31201 450491 449
802802 59815 509
95307 521568 470
777819 476582 509
431414 73909 449
429727 972080 525
34022 22429 308
413752 426465 418
938772 234329 525
707920 991256 525
13213 642388 509
114262 645388 509
798709 78984 509
36086 931712 525
58753 177631 383
775255 33196 509
720261 680239 504
209686 576879 470
994819 401242 525
175384 470309 449
959487 744164 525
2674 480038 449
681889 306635 509
770419 633422 504
301539 685060 509
426482 925453 525
354546 6127 443
759986 321193 509
255791 207627 443
668206 658624 442
270142 769804 509
111987 658791 509
747208 383941 509
361047 449735 449
374282 156503 443
789102 924621 525
515951 945598 525
401152 323413 441
860435 73703 525
9873 744354 509
604661 120853 470
260779 284935 407
667266 211102 509
872113 340474 525
705687 185290 509
509932 487124 426
662956 684273 442
632887 288983 509
769664 93610 509
301389 47547 443
885235 201844 525
922938 546673 525
860388 585660 525
895037 945175 507
883318 601351 525
42729 771989 509
207888 450434 449
652140 542579 509
668712 165822 509
100303 115823 354
975628 800547 525
832428 192910 509
456834 424324 400
729552 729916 318
280058 371346 441
360368 461623 449
712650 264404 509
261082 319630 407
507619 981862 525
661415 41187 509
138785 313463 443
7879 838334 525
267073 958825 525
825549 873751 525
742253 119112 509
311010 672830 509
717665 383959 509
99360 154586 375
504502 342338 449
899416 645334 525
55281 42942 340
879432 53623 525
786620 325910 509
