1 10 20
100 200 125
201 210 89
900 1000 174
1 1000000 525
1 100 119
1 1000 179
1 10000 262
1 100000 351
27 27 112
1 1 1
1000000 1000000 153
500000 1000000 525
1 2 2
1 3 8
1 4 8
1 5 8
1 6 9
1 7 17
1 8 17
1 9 20
100 1 119
2 4 8
4 8 17
5 10 20
90 100 119
800 1000 179
6000 10000 262
70000 100000 351
800000 1000000 525
800 900 179
6000 7000 262
70000 80000 351
800000 900000 525
250000 1000000 525
15 20 21
9 97 119
97 871 179
871 6171 262
6171 77031 351
837799 1000000 525
1000000 1 525
24324 24326 65
142433 142437 75
1 27 112
1 30 112
1 35 112
20 30 112
20 35 112
1 18 21
18 25 24
25 27 112
27 54 113
54 73 116
73 97 119
97 129 122
129 171 125
171 231 128
231 313 131
313 327 144
327 649 145
649 703 171
703 871 179
871 1161 182
1161 2223 183
2223 2463 209
2463 2919 217
2919 3711 238
3711 6171 262
1 2000 182
1 2500 209
1 3000 217
1 4000 238
1 5000 238
1 6000 238
1 7000 262
2000 3000 217
3000 4000 238
4000 5000 215
5000 6000 236
10 20 21
20 30 112
30 40 107
40 50 110
50 60 113
60 70 108
70 80 116
80 90 111
90 100 119
100 90 119
90 80 111
80 70 116
70 60 108
60 50 113
50 40 110
40 30 107
30 20 112
20 10 21
20 1 21
1 50 112
50 100 119
100 150 122
200 250 128
250 300 123