1 10 20
100 200 125
201 210 89
990 1000 112
1000000 1000000 153
1 1 1
10 1 20
5 5 6
6 6 9
7 7 17
8 8 4
9 9 20
10 10 7
80 100 119
81 100 119
82 100 119
83 100 119
84 100 119
85 100 119
86 100 119
87 100 119
88 100 119
89 100 119
90 100 119
91 100 119
92 100 119
93 100 119
94 100 119
95 100 119
96 100 119
97 100 119
98 100 26
99 100 26
100 100 26
79 100 119
78 100 119
77 100 119
995 1000 112
1995 2000 113
2995 3000 49
3995 4000 189
4995 5000 179
5995 6000 187
6995 7000 133
7995 8000 190
9995 10000 180
20000 19995 93
30000 29995 179
40000 39995 94
50000 49995 159
60000 59995 198
70000 69995 144
80000 79995 69
90000 89995 165
499999 500000 258
999999 999999 259
999998 999999 259
1000 999 112
2000 1999 113
3000 2999 49
4000 3999 189
5000 4999 91
6000 5999 187
7000 6999 133
8000 7999 190
9000 8999 185
10000 9999 92
90 100 119
140 150 117
190 200 120
200 200 27
300 300 17
400 400 28
500 500 111
1000 1000 112
1 2 2
2 1 2
1 5 8
5 1 8
67 67 28
199 200 120
95 96 106
95 95 106
95 90 106
100 101 26
101 102 26
102 103 88
103 104 88
104 105 39
1337 1337 45
43110 43110 151
1 42 112
42 1 112
7 9 20
100 1000 179
1000 1100 169
99 100 26
999 1000 112
9999 10000 92
99999 100000 227
999999 1000000 259
1 1000000 525
