1 1 1
1 2 2
1 10 20
100 200 125
201 210 89
900 1000 174
1 250 128
10 1 20
251 625 144
250 625 144
625 251 144
2 2002 182
2000 5000 238
5000 2000 238
1 1000 179
1 1001 179
2 1000 179
2 1002 179
1 1000000 525
3644 34876 311
1000 2000 182
2000 3000 217
3000 4000 238
4000 5000 215
5000 6000 236
6000 7000 262
7000 8000 252
9000 10000 260
10000 20000 279
20000 30000 308
30000 40000 324
40000 50000 314
50000 60000 340
60000 70000 335
70000 80000 351
90000 100000 333
100000 200000 383
200000 300000 443
300000 400000 441
400000 500000 449
500000 600000 470
600000 700000 509
700000 800000 504
900000 1000000 507
1001 2001 182
2002 3002 217
3002 4001 238
4001 4999 215
5001 6999 262
6002 7999 262
7002 8001 252
9001 10000 260
10001 20001 279
20002 30002 308
30002 40001 324
40001 49999 314
50001 69999 340
60002 79999 351
70002 80001 351
90001 100000 333
345 357 126
473 7680 262
234 658 145
44 44 17
55 55 113
550 551 93
55 44 113
44 55 113
1050 2500 209
24560 3000 282
356450 4 443
4 5000 238
599 600 119
60 70 108
70 80 116
9789 5675 262
456 6535 262
5645 42456 324
4565 675 238
65 4563 238
7566 65665 340
666 6667 262
6758 65356 340
765 6546 262
6769 1 262
1 4563 238
900 9000 262
1 9764 262
756 456756 449
8789 5675 262
2456 5867 238
45634 86567 351
754567 765456 380
456724 482234 444
468883 456111 444
900000 675345 525
123456 789012 509
12 12 10
12 13 10
13 14 18
14 15 18
15 16 18
10000 10001 180
10001 20000 279
699999 799999 504
799999 899999 525
69999 79999 351
79999 89999 333
99999 100000 227
9999 10000 92
20102 21245 256
234 57 128
20567 20589 150
20545 20545 150
20525 20625 212
20507 31500 308
30567 30589 197
30545 30545 86
30525 30625 197
30507 31599 285
9 99 119
99 999 179
999 9999 262
99999 999999 525
1001 50001 324
