1 10 20
100 200 125
201 210 89
900 1000 174
999000 1000000 396
1 1000000 525
1000000 1 525
1 1 1
1000000 1000000 153
1 2 2
1 3 8
1 3 8
1 10 20
10 20 21
11 20 21
15 20 21
500 999 179
501 1000 179
8789 10000 260
999 1000 112
897456 1000000 507
64 1000 179
5000 10000 262
4999 10000 262
6842 6850 151
900000 1000000 507
837799 837799 525
800000 900000 525
900000 800000 525
999999 1000000 259
2 999999 525
123456 654321 509
89756 956421 525
1 837798 509
837798 1 509
101 200 125
201 300 128
301 400 144
401 500 142
501 600 137
601 700 145
701 800 171
801 900 179
901 1000 174
1001 2000 182
2001 3000 217
3001 4000 238
4001 5000 215
5001 6000 236
6001 7000 262
7001 8000 252
8001 9000 247
9001 10000 260
10001 100000 351
10001 200000 383
10001 300000 443
10001 400000 443
10001 500000 449
10001 600000 470
10001 700000 509
10001 800000 509
10001 900000 525
580630 9104 470
363967 324315 441
270358 163112 443
478009 804438 509
522764 378545 470
632332 400212 509
598912 443185 470
233356 591209 470
511827 184445 449
356987 649899 509
102158 614026 470
152448 566634 470
504589 46737 449
336781 39508 443
113243 43975 354
352496 18963 443
139552 753640 509
847811 501210 525
273016 986890 525
820193 548013 509
467105 388010 449
288592 416373 449
728746 332090 509
417881 589332 470
726281 211259 509
35973 534876 470
747139 251563 509
589264 851513 525
74532 867252 525
725617 373746 509
698875 357250 509
894207 772991 525
141538 665852 509
436395 971835 525
645721 477651 509
874189 332796 525
850868 955054 507
225 81106 351
153954 927651 525
120012 937970 525
970016 575197 525
193258 229641 386
267513 109319 443
343275 753691 509
943343 153039 525
280564 942045 525
259179 77153 443
882603 30554 525
357735 770066 509
66675 3529 340
891097 96596 525
887735 339763 525
165216 594299 470
338594 307543 384
791880 976198 525
186736 198972 360
956966 841315 507
488094 765921 509
635918 964638 525
859885 804976 525
248785 730509 509
581780 153869 470
588492 850542 525
38527 219198 386
530976 161380 470
702446 537551 509
481321 882040 525
685964 643777 442
944037 840304 507
986596 144807 525
893894 975082 507
556980 39743 470
8742 95356 351
425843 627644 509
187796 471457 449
585252 315950 470
700498 934005 525
302078 493902 449
760108 196653 509
246179 89727 443
805268 155326 509
762281 814778 468
1927 504522 449
619710 986668 525
89129 3206 351
453786 549802 470
85874 526637 470
362310 602047 470
579862 427863 470
253365 430755 449
922282 862423 476
667971 729205 504
897985 281075 525
174534 818491 509
727166 37506 509
138899 741307 509
439698 209449 449
814278 723571 468
171690 723683 509
