1 1000000 525
500000 1000000 525
500000 500001 152
1 1 1
500000 500000 152
1000000 1000000 153
1 10 20
1 20 21
148056 777535 509
32521 576134 470
332636 110977 443
375095 770971 509
178100 363386 443
274126 102127 443
244698 192890 443
92371 996342 525
483953 740069 509
742633 221611 509
730957 306173 509
354493 70559 443
83309 887086 525
74772 644748 509
111763 749593 509
950116 755790 525
621186 956105 525
611360 750069 509
760355 406985 509
483562 666353 509
721072 364467 509
902549 991017 507
229845 335399 443
427565 329258 449
882713 638663 525
309793 464179 449
132123 717402 509
324569 845353 525
571146 112616 470
761584 813257 468
44612 701107 509
598976 729541 509
814566 164310 509
267296 168128 443
206371 110027 383
507185 604777 470
855488 138430 525
702947 941671 525
244311 95618 443
130341 596190 470
260945 621165 470
52173 621934 470
222857 105374 386
768331 693044 504
44945 51180 314
260442 139924 443
760382 10783 509
188620 582 383
362810 662053 509
532664 540234 377
838453 263453 525
31211 823463 509
854390 481384 525
826650 880164 525
944621 561134 525
231872 386362 441
670101 901627 525
957709 510004 525
478199 860519 525
566766 698063 509
242861 503681 449
839432 238500 525
719978 840812 525
784129 460804 509
120119 204713 383
543709 357454 470
394971 394531 405
897351 734734 525
565623 321188 470
691835 909569 525
129249 140906 344
794034 398812 509
206196 551474 470
139528 598357 470
103144 889642 525
720826 222122 509
438575 56197 449
841069 764780 525
44189 628686 509
346471 629028 509
156722 418430 449
881750 375896 525
946434 155979 525
627469 520186 509
249613 538203 470
236982 295316 407
84418 565329 470
373190 822329 509
598886 256396 470
458774 467449 444
924491 485870 525
979962 737197 525
297831 473894 449
878590 654068 525
587560 822716 509
958102 448816 525
697494 755467 504
887989 269536 525
519978 927641 525
531406 316069 470
379886 505608 449
675996 168219 509
457283 829090 509
732504 264745 509
417285 205378 449
625949 101934 470
251737 663460 509
61299 305539 443
788485 34441 509
821566 379909 509
456528 357967 449
527669 102548 470
622383 657105 509
190154 595330 470
873252 390112 525
793984 716440 468
69188 341626 443
532905 482540 470
626814 553699 509
841203 589013 525
359176 994526 525
906877 612091 525
31315 924161 525
121721 34084 354
377100 56973 443
554774 910035 525
169751 454842 449
211031 235259 443
775686 517018 509
789716 197360 509
794714 655456 504
992605 255831 525
709030 878771 525
8828 584872 470
342000 828037 509
708305 101866 509
917615 425433 525
740536 207666 509
899384 250028 525
654261 520978 509
28954 603361 470
628534 549389 509
387464 511716 449
591048 808418 509
912068 335977 525
838106 614276 525
459810 60651 449
703473 481432 509
959051 152923 525
82174 478393 449
