1 10 20
100 200 125
201 210 89
900 1000 174
1 1 1
5 5 6
10 10 7
10 1 20
200 100 125
210 201 89
1000 900 174
647189 535064 509
976224 476765 525
977346 144842 525
285548 750382 509
879547 84235 525
524635 760534 509
995439 4366 525
256044 309943 407
673773 339032 509
52698 867652 525
551118 705918 509
820327 443714 509
3628 354758 443
638184 742396 504
330261 611784 470
673086 588374 509
419754 677130 509
37839 517871 470
274047 551009 470
60193 188692 383
90210 405293 443
480695 443799 444
311044 490735 449
403833 817484 509
109417 573846 470
122720 91590 354
201204 614024 470
708543 915045 525
703033 786492 504
176746 590604 470
193410 406990 443
72262 588396 470
47507 773137 509
461098 429267 400
991901 929478 507
518247 994619 525
400374 924544 525
373252 442326 449
352330 75875 443
15405 827834 509
563577 263624 470
789639 375929 509
498660 897681 525
905737 760346 525
444758 510552 444
52256 967631 525
199686 202999 342
793762 756418 468
284617 364614 441
606717 973812 525
13473 940969 525
181951 697732 509
120842 145568 375
99395 794858 509
900626 497977 525
28423 398064 443
483959 872544 525
658273 204862 509
616586 436775 470
614790 196861 470
66891 668050 509
589531 275391 470
497508 99266 449
477763 584600 470
462225 138745 449
966895 257729 525
164229 419010 449
895006 288125 525
140054 485208 449
188779 556108 470
606347 721211 509
365886 890999 525
880915 733879 525
288899 711796 509
85942 954649 525
797782 713908 468
170285 36310 383
742479 223074 509
509771 3600 449
500189 50526 449
203787 525157 470
936737 564485 525
940978 405336 525
688780 931318 525
381682 53966 443
702047 497358 509
92419 37169 351
150186 681121 509
925061 425788 525
194738 415107 449
955977 909100 507
813727 95889 509
388669 749061 509
144199 100820 375
994023 989552 352
335873 620404 470
96109 423608 449
551080 139848 470
307817 860290 525
119729 861729 525
671843 740574 504
726429 296507 509
400691 860232 525
644359 142358 509
490574 840877 525
49313 728776 509
517783 836417 509
167916 955119 525
51466 894663 525
855895 591897 525
422814 654955 509
721943 527249 509
739532 206731 509
68414 873158 525
478986 541194 470
228466 844010 525
312673 171416 443
56692 893656 525
162926 404795 443
202857 721204 509
124841 440098 449
587072 544306 452
828760 569836 509
255944 637441 509
533856 227485 470
90797 343489 443
125805 494711 449
674031 445070 509
374960 680974 509
161424 890186 525
442409 42086 449
183716 489762 449
93571 356420 443
162669 847704 525
865369 758016 525
278505 62988 443
86417 276074 443
877786 811201 525
376115 62427 443
572464 568973 377
985960 586733 525
553331 95367 470
872015 703842 525
511132 247623 449
91520 695826 509
613879 668542 509
838320 801811 525
736784 820007 468
924455 912946 445
120522 430816 449
