1 10 20
100 200 125
201 210 89
900 1000 174
1 1 1
5 5 6
1 1000000 525
134 140 91
234962 203982 443
318139 460013 449
928893 620629 525
901787 854479 445
737906 295849 509
568948 105585 470
935916 120807 525
547364 226520 470
933559 103279 525
852697 498116 525
809459 295112 509
508937 41312 449
285384 682029 509
306416 688313 509
54490 219199 386
5697 9766 262
2162 3235 217
1028 7763 262
384 7954 262
4200 6543 262
7409 8465 252
4849 762 238
5268 8577 262
9395 8830 260
2263 285 183
7262 4712 262
9252 7478 252
7370 711 262
4934 1559 238
8534 799 262
2637 2105 209
572 74 144
8383 12 262
3102 1872 217
2570 5699 238
6816 4215 262
8979 4443 262
9789 4247 262
2312 445 183
1689 2203 180
418 4299 238
7466 8044 252
3953 7076 262
6700 6103 262
2083 9559 262
724 7616 262
3781 6985 262
712 996 179
1103 6531 262
7650 849 262
6874 7702 257
5884 1767 238
2625 1710 209
5648 9046 262
3537 8726 262
779 3441 217
403 4480 238
3377 3028 199
5527 859 238
2335 61 183
5182 7966 262
846 6203 262
8676 8072 234
9694 6478 260
2107 8271 262
1185 1102 182
5292 3095 238
1402 3253 217
9274 3847 262
8522 1962 262
1 2195 182
4401 129 238
713768 77412 509
800337 863758 525
134787 47135 354
49487 48755 296
147017 80464 375
997085 722357 525
327798 334121 353
893951 437116 525
356397 232869 441
910636 735337 525
415193 298135 449
56760 717952 509
592343 257470 470
538 30 144
382 19 144
69 556 144
388 614 142
780 193 171
294 315 131
651 67 145
48 548 144
914 68 179
857 329 171
656 313 145
546 297 144
252 335 144
860 508 171
501 316 144
827 284 171
128 542 144
150 511 144
973 381 179
927 452 179
643 121 144
819 1000 179
823 952 179
239 96 128
459 596 142
297 541 144
270 869 171
648 852 171
91 766 171
