1 1000000 525
57594 265314 443
435456 530457 470
841666 959502 507
891069 742078 525
667740 314185 509
957381 141085 525
181137 474219 449
991195 209373 525
88794 720738 509
988661 150443 525
66001 996558 525
502527 991521 525
229408 423096 449
815888 729345 468
159840 336265 443
359920 580512 470
29485 737198 509
608272 479225 470
655954 776799 504
825372 945852 525
17654 706533 509
313358 889377 525
19190 820175 509
281676 618413 470
345965 943922 525
202032 147565 383
439560 426931 400
354736 47681 443
422291 731852 509
351188 795206 509
440526 875375 525
519529 825796 509
786302 810201 468
35965 15608 324
859772 393180 525
562703 446019 470
113601 842196 525
771107 578270 509
661467 908783 525
528308 304124 470
803068 348783 509
811649 389819 509
669127 575828 509
682756 577507 509
420523 430428 418
209098 770927 509
728105 326664 509
889041 398817 525
295857 969837 525
821918 746740 468
619372 1539 470
856175 446403 525
939493 640460 525
558763 461350 470
407296 836320 509
235784 33819 443
111312 326405 443
891142 364767 525
346151 494630 449
901274 604337 525
732220 377954 509
124976 934956 525
567467 125457 470
111604 678165 509
89761 468558 449
878755 170389 525
43025 94011 351
641957 876092 525
977433 936430 507
441062 665283 509
865787 603061 525
210784 760486 509
429415 255353 449
613561 642657 509
273698 186944 443
703009 789001 504
391595 95214 443
55144 216869 386
84823 975220 525
52721 142396 354
907524 175990 525
862823 47977 525
92933 524096 470
30512 290390 443
85450 698278 509
701361 221963 509
757748 205110 509
807051 29024 509
729610 79794 509
448231 138899 449
116 857857 525
11985 669697 509
477862 980616 525
3080 769584 509
54725 784128 509
777699 388928 509
917332 791802 525
532214 362598 470
511851 154632 449
370284 570147 470
32587 225588 386
119241 462196 449
901842 805505 525
477699 879305 525
563165 253902 470
70121 976481 525
845458 29217 525
479013 172735 449
279538 91949 443
550030 307281 470
340345 228283 443
225374 772152 509
484732 780298 509
647565 514912 509
680164 535254 509
981038 487989 525
728604 304424 509
809007 558427 509
694763 9967 509
93832 645470 509
352227 62926 443
445986 75170 449
9676 123686 354
883955 201753 525
190245 165581 365
196476 779174 509
811796 625207 509
532130 45131 470
112845 724610 509
34223 346784 443
642190 615673 509
446618 101768 449
85812 603111 470
912402 179046 525
972182 634107 525
644974 863374 525
767783 402464 509
719694 122556 509
406869 278721 441
468436 703185 509
748520 153674 509
225117 946864 525
379241 213025 443
222412 24070 386
781124 956857 525
72409 318501 443
447084 215856 449
799127 650718 504
83161 75076 351
168148 136938 383
443068 797460 509
335643 214342 443
760014 914928 525
308155 675013 509
193034 495269 449
683390 543440 509
880724 969161 507
305583 179239 443
82070 745331 509
932614 143428 525
28844 776805 509
915442 478271 525
15620 615088 470
603216 258324 470
128410 499948 449
217322 959844 525
327042 860841 525
725266 772268 468
971918 972628 277
161923 279792 443
478376 554477 470
419799 112564 449
136458 60023 354
526991 414750 470
565044 248993 470
630674 331 509
892607 868623 445
896207 244135 525
247707 521490 470
495490 743456 509
27234 488285 449
33960 945866 525
527240 978194 525
382146 982299 525
841616 879892 432
166186 201122 365
390458 179383 443
226307 641415 509
846493 519885 525
20273 901036 525
202391 286181 443
457761 436305 400
120516 831124 509
143183 974111 525
341862 104661 443
389255 742220 509
433255 174746 449
571786 4609 470
647044 683754 442
885480 411750 525
793421 154668 509
284611 447328 449
547383 676739 509
173974 407531 443
791595 750875 468
940211 46116 525
268791 392450 441
537470 730918 509
751742 497206 509
409019 940679 525
511784 771106 509
606929 318253 470
776509 989591 525
954507 26866 525
275962 904205 525
774086 250270 509
164620 260530 443
182274 33203 383
45364 83412 351
722605 242988 509
222915 533847 470
456062 725118 509
948429 895654 507
510540 985201 525
68186 286563 443
318241 380822 441
14184 798384 509
427677 471859 444
861416 232547 525
715654 706491 411
544481 298982 470
339024 393537 441
218556 295148 443
339263 223553 443
562703 818211 509
970614 429274 525
941699 978517 458
201734 961131 525
72664 104996 351
409832 262383 441
516176 890749 525
726414 836583 468
535798 574285 452
839414 552945 525
822893 488037 509
951432 670408 525
792938 564507 509
234301 243744 368
134676 822930 509
104878 622229 470
467298 404552 449
174975 408095 443
23272 799469 509
72445 710782 509
604184 281545 470
442838 858045 525
13157 575704 470
954327 507008 525
474019 177778 449
573413 668487 509
310161 337877 384
88187 198841 383
795262 77526 509
388154 457875 449
946272 741021 525
616983 143184 470
411504 507655 444
447581 776098 509
75484 143392 375
600753 437011 470
13738 670328 509
622154 825283 509
607676 486146 470
481543 754531 509
884992 952456 507
416551 694832 509
494050 30067 449
988999 671046 525
665097 954010 525
921007 704590 525
706964 793849 468
604947 134832 470
15739 548456 470
110841 73477 354
85967 806007 509
204425 668340 509
512699 945777 525
651072 857073 525
513678 15797 470
363761 326113 441
68408 894764 525
501929 336743 449
603134 503409 470
632799 312592 509
249120 831901 509
897233 252489 525
671219 901030 525
222759 467976 449
