1 1 1
2 2 2
10 10 7
100 100 26
10000 10000 30
200000 200000 130
500000 500000 152
800000 800000 132
900000 900000 158
1000000 1000000 153
1000000 800000 525
10 1 20
20 1 21
10000 10 262
1000000 1 525
1 300000 443
200001 500000 449
400001 800000 509
700001 1000000 525
1 1000000 525
5 300005 443
200010 500009 449
400008 800002 509
700004 999999 525
2 999999 525
403443 832380 509
22 53 112
293208 382733 441
376086 737147 509
194756 470311 449
239179 425136 449
458422 829627 509
256743 319971 407
261835 652597 509
377244 379535 361
426777 867290 525
111597 323146 443
177698 283413 443
5994 160351 383
14545 48674 324
4065 184702 383
187078 622910 470
147675 253111 443
264129 399600 441
48544 109822 354
375771 808539 509
373949 733817 509
368967 718836 509
228905 689411 509
357943 727898 509
284496 742027 509
469444 500583 426
297474 767153 509
479953 927328 525
289736 915254 525
17067 658569 509
107989 502031 449
50456 900611 525
363665 546803 470
29171 943889 525
361077 996881 525
231531 585564 470
57841 718072 509
181433 561642 470
365742 771222 509
350637 612573 470
192511 719130 509
310443 660316 509
45395 601250 470
18124 631987 509
265922 559760 470
23608 725446 509
41941 899929 525
60092 875573 525
247803 620128 470
238652 846476 525
396424 1000000 525
152403 1000000 525
401351 1000000 525
244503 1000000 525
48064 1000000 525
213233 1000000 525
99977 1000000 525
319707 1000000 525
409765 1000000 525
275885 1000000 525
158247 1000000 525
199240 1000000 525
76699 1000000 525
240761 1000000 525
344152 1000000 525
175228 1000000 525
412098 1000000 525
398146 1000000 525
326131 1000000 525
351732 1000000 525
435932 1000000 525
249005 1000000 525
311794 1000000 525
340719 1000000 525
294221 1000000 525
347530 142440 443
570594 821198 509
632940 856217 525
560021 559354 284
764519 523263 509
505173 95618 449
659640 198703 509
138610 81963 354
354513 994686 525
54056 483746 449
659608 194969 509
997866 777030 525
961659 47710 525
616248 731063 509
467588 260569 449
827093 771183 468
284300 78627 443
412023 226991 449
733168 838344 525
257277 736444 509
209191 59726 383
911321 698619 525
712172 464055 509
772548 946168 525
900890 785987 525