1 10 20
100 200 125
201 210 89
900 1000 174
50 100 119
5 10 20
1 1 1
400 410 41
1924 1337 180
40 360 144
60 100 119
143 98 122
98 99 26
100 100 26
77777 89 351
30 70 113
33 66 113
99 190 125
200 100 125
75 80 36
1 1000 179
924 999 174
345 123 144
10 11 15
234 432 144
1213 1345 177
1000 501 179
234 3245 217
12 14 18
243 456 144
234 567 144
123 456 144
999 111 179
234 432 144
23 56 113
87 12 116
90 100 119
50 100 119
51 100 119
2 2 2
4 4 3
8 8 4
16 16 5
32 32 6
64 64 7
128 128 8
256 256 9
512 512 10
1024 1024 11
2048 2048 12
1941 1945 100
1989 1991 51
54 68 113
85 23 116
8 25 24
