1 10 20
100 200 125
201 210 89
900 1000 174
1 1 1
1 27 112
1 53 112
1 54 113
32 45 110
28 30 19
28 31 107
10 14 18
10 15 18
1 17 20
1 18 21
1 19 21
1 20 21
15 25 24
5 20 21
20 20 8
27 39 112
49 60 113
28 82 116
33 78 116
26 47 112
47 100 119
50 75 116
60 97 119
34 67 113
1 100 119
653 953 179
172 500 144
452 2000 182
712 1620 182
665 672 145
574 853 171
208 308 128
913 975 174
153 154 37
144 765 171
600 4756 238
749 876 179
324 456 144
347 950 179
174 575 144
438 589 142
477 958 179
144 574 144
3447 5945 238
293 954 179
617 800 171
394 599 142
389 485 134
494 706 171
490 499 142
439 950 179
567 878 179
786 975 179
234 689 145
134 682 145
123 456 144
676 897 179
324 564 144
135 547 144
254 686 145
245 765 171
947 1000 143
454 575 142
346 768 171
365 877 179
576 679 145
457 789 171
365 696 145
455 998 179
484 706 171
455 458 129
756 867 153
364 584 142
754 934 179
438 439 54
885 950 174
8932 9573 260
1636 4893 238
2374 4058 238
2345 9085 262
3262 4958 238
2364 4382 238
3482 8564 262
2347 3864 238
4758 6274 262
2463 3854 238
1234 4567 238
2379 3684 217
3295 5738 238
3859 5483 215
7483 8594 252
2374 7923 262
5940 8504 262
2347 5893 238
8493 9584 260
1284 4854 238
2348 5734 238
2483 7853 262
5647 7464 262
2346 5742 238
3743 4738 215
4852 5723 236
5832 5958 218
5384 5745 236
20 1000 179
4793 7449 262
30 50 110
484 5833 238
58 90 116
579 675 145
473 573 142
587 685 145
768 987 179
153 678 145
27 85 116
57 79 116
580 849 171
379 438 134
674 783 171
907 1000 174
1000 1100 169
4590 4490 184
842855 875467 432
59063 100000 351
145565 347832 443
