816817 891086 525
27278 985815 525
237829 168702 443
131194 238937 443
123300 663797 509
962621 355693 525
583283 454001 470
835597 24277 509
260315 591830 470
908002 647233 525
334935 961486 525
839478 747838 525
364603 764743 509
793421 579778 509
542639 523219 408
631870 415865 509
558232 304873 470
534870 211196 470
69504 450999 449
85531 35041 351
14103 47110 324
625748 628048 509
403263 372146 436
684097 39617 509
836015 947633 525
253318 8544 443
454761 67756 449
298019 141044 443
572360 955446 525
555896 684680 509
682822 126431 509
373081 154612 443
539733 563943 452
60997 462509 449
730965 340661 509
400319 136512 443
683465 239666 509
598478 276771 470
363960 817145 509
590427 327324 470
439764 544563 470
265256 323446 407
890112 403097 525
86933 207105 383
92763 647566 509
996502 458259 525
535832 856452 525
72251 298976 443
566008 917123 525
723453 147488 509
214622 825553 509
286430 729534 509
795060 967780 525
611113 497481 470
707630 194540 509
277835 614917 470
883744 998040 507
269740 402850 441
993790 950398 458
148024 671246 509
835740 761050 468
630788 541193 509
825496 766610 468
302357 331748 384
921460 832479 525
463102 980287 525
685045 477329 509
52681 695660 509
913801 452216 525
184899 270928 443
325462 894697 525
410748 969124 525
313656 162957 443
893756 950377 507
66134 516714 470
872177 478420 525
263376 929592 525
759178 503640 509
409937 924100 525
201102 96496 383
843762 347418 525
791057 442685 509
659154 126608 509
402616 162178 443
605610 469812 470
265890 469753 449
387726 690749 509
730699 122629 509
418719 177875 449
501799 761963 509
442425 121956 449
779852 203597 509
204791 210693 373
800018 657585 504
823112 864466 525
958906 582925 525
276635 128119 443
278866 138724 443
399155 783304 509
