38981 74710 340
900971 66922 525
801898 5516 509
559086 89541 470
657709 99084 509
693574 65469 509
583016 79070 470
973896 55443 525
112199 87582 354
328276 88515 443
214935 74898 383
831044 33132 509
488824 91556 449
904926 559 525
252530 40221 443
461713 7099 449
148232 59389 375
937842 43851 525
549243 67320 470
84107 20018 351
379536 68036 443
729525 12664 509
680780 18389 509
818180 50675 509
676341 65239 509
932261 66731 525
199540 33643 383
701699 18953 509
914346 50148 525
510607 72346 449
884628 24703 525
493957 80527 449
627995 27583 509
882930 37042 525
580761 19150 470
285623 95593 443
863196 94560 525
49850 43482 314
109075 73165 354
981573 54492 525
342840 15038 443
356203 73604 443
184944 73938 383
615789 20327 470
238504 93394 443
51201 40185 314
251780 63121 443
608251 64434 470
136562 33705 354
806308 84458 509
10541 46570 324
174265 75492 383
181651 52922 383
283572 53124 443
707137 21626 509
855493 60969 525
87323 78695 338
36134 49599 314
468992 37217 449
561364 63188 470
697326 58401 509
133576 63715 354
280110 69224 443
672530 35847 509
492167 17601 449
610127 18963 470
2461 73146 340
293088 24988 443
995242 95059 525
422335 87763 449
543183 69427 470
212410 4566 383
234802 29121 443
17784 24559 282
139825 10797 354
772962 65052 509
770330 95233 509
593300 87756 470
599350 30701 470
644340 74101 509
881494 64157 525
298823 10446 443
744992 74958 509
798897 3324 509
718083 81097 509
986767 70999 525
279463 38844 443
903127 2398 525
486092 10414 449
518140 31379 470
861853 51129 525
471881 96453 449
673349 187 509
938979 84817 525
524418 30502 470
760863 41570 509
522839 20646 470
3010 19442 279
579011 68796 470
541776 89113 470
421509 78213 449
389388 24664 443
392602 81615 443
553421 3313 470
86216 38284 351
746302 62492 509
372630 80252 443
12297 86849 351
903208 65859 525
980327 78846 525
369801 57781 443
756499 87406 509
920263 62599 525
112782 11628 354
990557 12391 525
158429 79339 383
115596 86367 354
376388 18731 443
607814 79062 470
437422 83485 449
672938 17553 509
954522 87479 525
819679 76222 509
595714 28073 470
142383 56892 354
252872 55538 443
406086 46220 443
429062 90165 449
793992 85663 509
288632 77971 443
207928 99566 383
199444 91449 383
209978 61832 383
643011 90783 509
627825 15536 509
777603 96927 509
566778 52412 470
886536 86492 525
740277 13267 509
685107 3773 509
149833 31810 375
144377 96193 375
161993 79781 383
292686 42115 443
627341 68544 509
296249 16175 443
43398 24537 324
896977 46292 525
611979 48325 470
70963 50094 340
820922 13374 509
959293 31793 525
219175 8725 386
301519 21746 443
53655 34211 340
64739 4173 340
992915 86463 525
748902 78194 509
4429 33366 308
235447 67716 443
379824 39480 443
484753 46880 449
965225 43029 525
765207 17512 509
418279 97154 449
806598 54899 509
663673 50078 509
94032 33540 351
137426 72594 354
990693 63389 525
899110 81821 525
934616 41435 525
408634 29107 443
907074 35091 525
121076 86547 354
