1 10 20
100 200 125
201 210 89
900 1000 174
1 1 1
2 2 2
1 2 2
2 1 2
1000000 1000000 153
1000000 999999 259
999999 1000000 259
30 80 116
20 30 112
70 71 103
69 70 15
77 80 36
80 77 36
70 69 15
71 70 103
80 30 116
101 110 114
110 101 114
99 100 26
100 100 26
100 99 26
40 50 110
150 170 112
180 140 125
120 121 96
122 122 21
1 3 8
1 4 8
1 5 8
1 6 9
1 7 17
1 8 17
1 9 20
9 1 20
8 1 17
7 1 17
6 1 9
5 1 8
4 1 8
3 1 8
2 3 8
2 4 8
2 5 8
2 6 9
2 7 17
2 8 17
2 9 20
9 2 20
8 2 17
7 2 17
6 2 9
5 2 8
4 2 8
3 2 8
3 3 8
3 4 8
999999 999999 259
100 150 122
150 200 125
200 250 128
250 300 123
300 350 144
350 400 126
400 450 134
450 500 142
500 550 137
2000 1900 175
1900 1800 175
1800 1700 180
1700 1600 180
1600 1500 167
1500 1400 172
1400 1300 177
1300 1200 177
1200 1100 182
1100 1000 169
5000 5001 65
6000 6001 50
7000 7001 32
8000 8001 115
9000 9001 141
10000 10001 180
11000 11001 69
12000 12001 144
13000 13001 139
14000 14001 33
14001 14000 33
13001 13000 139
12001 12000 144
11001 11000 69
10001 10000 180
9001 9000 141
8001 8000 115
7001 7000 32
6001 6000 50
5001 5000 65
10 10 7
11 11 15
12 12 10
13 13 10
14 14 18
15 15 18
16 16 5
17 17 13
18 18 21
19 19 21
