1 10 20
100 200 125
201 210 89
900 1000 174
3 9 20
23 99 119
73 90 116
36 88 116
237 873 179
4 4 3
47 837 171
1 1000 179
1 1 1
98 33 119
63 77 116
83 273 128
876 999 174
736 378 171
553 837 171
7264 9938 260
65 998 179
625 7736 262
545 847 171
358 664 145
628 870 171
508 697 145
301 614 144
383 592 142
521 616 137
163 636 144
351 372 126
79 325 131
771 996 179
354 546 142
570 968 179
218 711 171
190 439 144
242 901 179
422 880 179
930 939 174
665 935 179
681 758 171
789 894 179
458 876 179
929 970 174
564 585 119
320 689 145
390 577 142
118 224 125
74 777 171
285 740 171
166 634 144
567 776 171
295 720 171
893 893 73
653 847 171
730 947 179
485 764 171
120 386 144
157 553 144
165 322 131
126 224 125
613 855 171
27 829 171
431 700 145
715 966 179
935 966 174
637 775 171
818 865 148
248 407 144
726 780 153
868 959 179
532 624 137
125 897 179
297 791 171
622 756 171
612 735 171
220 451 144
653 729 171
374 486 134
83 530 144
27 80 116
252 379 144
118 629 144
875 930 148
889 941 174
387 530 142
480 906 179
166 445 144
179 611 144
46 357 144
318 582 144
579 856 171
500 995 179
521 737 171
813 867 148
318 495 144
354 778 171
273 307 118
898 898 117
754 860 153
46 200 125
613 634 132
181 711 171
884 932 148
185 868 171
937 974 174
698 717 171
485 756 171
357 434 134
104 342 144
89 331 144
570 909 179
37 656 145
466 502 142
571 629 132
656 979 179
204 473 144
452 565 142
85 263 128
714 997 179
142 759 171
