1 10000 262
1 1000000 525
3 30 112
2 25 24
1 1 1
1000000 1000000 153
94 4343 238
1003 3982 238
10 100 119
1000 2000 182
3000 4000 238
3001 4000 238
4010 5010 215
1999 2000 113
9863 9999 242
13 5000 238
10 20 21
20 30 112
30 40 107
30 50 110
10 50 112
8000 9104 247
3380 2000 217
3241 4009 238
4002 18800 279
1123 5662 238
1213 58000 340
1231 40009 324
7445 19985 279
1 30008 308
79 783 171
24 493 144
40 706 171
56 218 125
44 919 179
40 724 171
32 658 145
30 674 145
17 674 145
10 780 171
7761 24126 282
5799 57049 340
6405 36277 324
4639 89248 351
4592 90176 351
3550 62007 340
5902 86317 351
9453 2972 262
4255 51568 324
6308 67312 340
6835 85800 351
5828 50285 324
2468 39768 324
3312 3335 181
3335 3358 181
3358 3381 181
3381 3404 181
3404 3427 150
3427 3450 150
3450 3473 150
3473 3496 181
3496 3519 150
1 3500 217
347848 636386 509
50087 786863 509
483594 609986 470
212947 311355 443
491235 711938 509
440052 759168 509
369484 445617 449
142634 458115 449
490786 776099 509
195092 797587 509
205957 532504 470
270597 642775 509
470692 576631 470
246145 394853 441
362751 655866 509
120483 236416 443
127305 575032 470
302794 720405 509
264409 696892 509
497279 765519 509
19389 641359 509
403090 784822 509
354472 781046 509
429352 786948 509
285420 769091 509
407599 489873 449
114672 759108 509
