1 10 20
100 200 125
201 210 89
900 1000 174
1 1223 182
235 5533 238
3 1998 182
555 9992 262
3 1882 182
123 5622 238
8 179 125
532 19902 279
460 2300 183
12323 121312 354
8888 90999 351
123 333 144
32451 45011 324
5622 8802 262
772 1922 182
18 2500 209
3 199 125
6205 6206 156
200 300 128
400 720 171
153337 979278 525
34348 282005 443
293864 365473 441
740274 204042 509
188911 327678 443
455449 607368 470
26822 228485 386
511332 227512 449
744978 565120 509
17174 108782 354
998638 209189 525
7790 189259 383
79985 499207 449
523653 35874 470
707015 186050 509
591009 550087 434
860623 620298 525
75632 181322 383
527098 462227 470
87984 100062 333
886287 705859 525
662769 265385 509
292013 610450 470
183788 671697 509
509897 638554 509
795000 132707 509
96194 620134 470
331293 718297 509
74184 47879 340
190980 566504 470
605040 28195 470
514636 529600 439
700325 539286 509
68640 622229 470
821058 305916 509
111475 874168 525
122602 641653 509
792414 257228 509
696388 873564 525
296065 632207 509
128818 620613 470
492128 463033 413
707660 46530 509
372009 804043 509
107587 997911 525
915970 622790 525
857262 456792 525
942278 246968 525
177796 774272 509
363574 301379 441
232119 10924 443
647716 709071 504
932887 692793 525
297713 938510 525
658819 515631 509
684230 468331 509
420608 951263 525
871701 32968 525
348242 983404 525
760021 872262 525
339826 895921 525
739631 182834 509
898620 81603 525
159811 711529 509
648326 535973 509
813683 780736 468
54352 515904 470
855218 708658 525
313788 497605 449
727152 216242 509
673323 794193 504
507233 432003 444
941525 198441 525
170430 977582 525
813381 651412 504
951762 736040 525
365911 430461 449
281043 620003 470
308496 829392 509
765994 25265 509
898195 978596 507
742059 515578 509
230356 367153 443
3148 644194 509
932716 430799 525
484869 983445 525
462579 794824 509
889917 974583 507
166465 499686 449
210009 758685 509
260281 993717 525
782766 983349 525
810983 621265 509
653232 884203 525
995238 320416 525
41190 86722 351
116821 398766 443
2344 358362 443
249524 68738 443
974773 652079 525
