1 10 20
100 200 125
201 210 89
900 1000 174
1 1 1
1 1000000 525
1000000 1000000 153
98 102 26
10 1 20
500 1000 179
501 1000 179
502 1000 179
12345 54321 340
54321 12345 340
128 256 128
1 100 119
1 1000 179
1 10000 262
1 100000 351
256 512 144
1 500 144
11176 936191 525
395196 647383 509
318129 852018 525
279343 714372 509
115660 294257 443
59934 202878 383
130655 335166 443
398919 507234 449
140843 807003 509
384677 766667 509
180824 555993 470
365635 877407 525
144371 722536 509
339768 553546 470
4128 576443 470
503945 574019 470
329665 602019 470
8493 199757 383
476467 555909 470
687515 980242 525
225163 833537 509
670637 954880 525
723465 767102 424
67575 955083 525
674207 951994 525
55038 929382 525
66107 291124 443
521363 821111 509
6443 56732 340
329391 752270 509
115465 979885 525
99932 228048 386
60662 142442 354
310188 592708 470
536777 578112 452
89889 363919 443
403124 642561 509
383001 703565 509
336073 946286 525
109230 649214 509
369555 958403 525
42042 256517 443
580341 875189 525
11234 324782 443
92715 348451 443
27631 325813 443
262582 386381 441
691945 708691 504
507802 703775 509
295695 670319 509
447900 814518 509
245085 267159 407
42100 747455 509
193576 776592 509
31731 684686 509
630693 895169 525
62578 990867 525
68696 406373 443
122281 869637 525
728359 799902 468
406271 736581 509
31829 441893 449
308492 943196 525
174893 573525 470
188864 328261 443
278633 642650 509
150611 816369 509
287554 297831 389
68327 172279 383
211717 899609 525
736012 985396 525
64740 283595 443
251554 338380 407
838895 843941 388
366096 831398 509
265573 549701 470
11111 22222 279
33333 44444 324
55555 66666 335
77777 88888 338
99999 111111 354
