1 1 1
1 10 20
10 20 21
150 200 125
1 1000000 525
242071 639290 509
81419 418669 449
991468 965059 458
785720 128108 509
121242 68968 354
188481 196641 360
541142 747552 509
562161 46132 470
794248 925734 525
732652 757954 424
896463 496111 525
628266 67032 509
457527 884974 525
845739 823059 525
747450 66930 509
651673 108880 509
285793 559397 470
468153 50561 449
267276 593899 470
589438 276541 470
120618 705126 509
778983 561779 509
992283 81009 525
997366 594108 525
537776 928767 525
437480 325911 449
425269 42042 449
232115 260133 381
536091 478223 470
887687 435740 525
113404 730234 509
602682 709775 509
85389 388362 443
288230 756429 509
451402 67934 449
723987 586828 509
924645 562130 525
511884 936604 525
304845 654662 509
604391 708572 509
90257 432995 449
369288 944710 525
159808 6842 383
927541 965833 507
794113 502670 509
622981 107299 470
205563 36253 383
152447 950533 525
900397 488938 525
965277 808064 525
643170 456596 509
78552 994716 525
660220 236843 509
736003 999500 525
260495 697253 509
137589 196970 383
860177 925743 476
432527 120268 449
916887 303155 525
302541 494338 449
303293 616737 470
217250 212734 386
200742 746150 509
165662 537765 470
873954 414893 525
701878 595005 509
828714 575833 509
699388 515340 509
2327 200463 383
474110 814358 509
919960 803601 525
289910 871508 525
699686 122030 509
879566 8110 525
552586 963764 525
690385 410479 509
988862 177300 525
599941 484969 470
275073 189067 443
230396 124212 386
215681 918036 525
771026 385658 509
148681 917455 525
845608 839679 401
138558 115592 344
576383 653802 509
898644 114223 525
113182 891223 525
449919 808578 509
674329 878445 525
75216 771816 509
234136 662787 509
625353 692695 509
743258 100276 509
391595 763319 509
927252 303797 525
202763 219267 386
251667 677971 509
16190 352728 443
904795 495190 525
389061 500062 449
129706 665573 509
346812 300026 441
854519 610495 525
425808 837644 509
646009 813280 504
773239 564617 509
566343 337468 470
87337 916276 525
239529 214363 443
845765 729519 525
904990 266378 525
134031 46045 354
932632 290396 525
979117 208432 525
683884 763763 504
577333 452846 470
257866 845286 525
172170 704208 509
986998 663325 525
992394 32353 525
499466 691654 509
891491 731608 525
541604 437970 470
461390 779701 509
720388 163904 509
732090 764489 424
638481 72093 509
968297 117510 525
520651 944640 525
965743 436671 525
893809 366025 525
641492 137403 509
383755 568662 470
140926 821378 509
264270 566944 470
590414 240014 470
524783 906713 525
629507 660298 429
925693 697031 525
829745 50951 509
906090 813089 525
622630 294113 470
881735 546332 525
692813 537736 509
532781 657339 509
609497 508125 470
439991 546258 470
825419 888309 525
120215 363302 443
764910 889686 525
846344 273022 525
294232 941385 525
673568 281181 509
855845 267319 525
967402 263865 525
327573 928626 525
35366 870281 525
278539 406138 441
273169 201885 443
142608 435922 449
410701 149138 449
755018 954740 525
874157 397550 525
418225 459832 418
436577 301855 449
889696 824326 525
43227 410262 449
842731 686516 525
495497 45707 449
800534 173660 509
331719 676407 509
515000 62811 470
641142 12602 509
44746 505976 449
39043 614665 470
614630 46237 470
510724 196432 449
372075 243946 441
996875 250056 525
130355 908346 525
469137 643780 509
79723 467615 449
759315 140302 509
247358 762724 509
240742 920388 525
639765 816922 504
406115 777941 509
724650 204176 509
810259 863121 525
894375 496031 525
119516 8945 354
409695 965610 525
17579 952470 525
958191 925509 507
