1 1 1
1 10 20
2 4 8
4 64 113
64 64 7
15 75 116
1 100 119
1 200 125
1 1000 179
100 200 125
201 210 89
200 2000 182
300 3000 217
400 4000 238
500 5000 238
900 1000 174
710 810 153
1337 7331 262
4500 13000 268
65535 75535 325
32453 56456 340
33333 44444 324
55555 66666 335
4321 54665 340
32355 11111 308
59504 88999 351
34000 69000 340
80000 443000 449
1769 4632 238
1204 4096 238
1001 2000 182
2001 3000 217
3001 4000 238
4001 5000 215
5001 6000 236
6001 7000 262
7001 8000 252
8001 9000 247
10001 20000 279
20001 30000 308
30001 40000 324
40001 50000 314
50001 60000 340
60001 70000 335
70001 80000 351
80001 90000 333
90001 99999 333
99999 88888 333
100001 110000 354
110001 120000 349
120001 130000 344
130001 240000 443
140001 150000 375
150001 160000 383
160001 170000 370
170001 180000 347
180001 190000 365
190001 200000 360
300001 310000 371
310001 320000 384
320001 330000 384
330001 340000 366
340001 350000 441
350001 360000 379
360001 370000 410
370001 380000 423
380001 390000 436
390001 400000 405
400001 410000 405
410001 420000 449
420001 430000 418
430001 440000 400
440001 450000 369
450001 460000 387
460001 470000 444
470001 480000 382
480001 490000 413
490001 500000 426
500001 510000 426
510001 520000 470
520001 530000 408
530001 540000 377
540001 550000 452
550001 560000 421
560001 570000 421
570001 580000 390
580001 590000 434
590001 600000 403
600001 610000 403
610001 620000 447
620001 630000 509
630001 640000 416
640001 650000 416
650001 660000 429
660001 670000 442
670001 680000 385
680001 690000 398
690001 700000 442
700001 800000 504
800001 850000 525
850001 900000 445
900001 999999 507
