1 10 20
100 200 125
201 210 89
900 1000 174
1 2 2
29 29 19
597416 682653 509
308917 679203 509
967352 205137 525
827589 867615 525
288397 881457 525
151359 5125 375
641354 934898 525
716364 694452 504
32760 893167 525
521896 829387 509
167267 930244 525
574779 731803 509
73638 158470 383
85707 732991 509
915777 798252 525
595325 251835 470
10620 386762 443
56897 652701 509
960637 94214 525
352885 418376 449
954133 105163 525
313145 948497 525
752904 960215 525
856114 602903 525
974068 427271 525
343088 885169 525
349831 778549 509
373375 813142 509
196955 55053 383
509481 876425 525
924144 916147 445
142413 562691 470
980234 737998 525
982385 678069 525
540300 810900 509
989385 795487 525
387002 945280 525
805777 399502 509
144949 411986 449
131102 363885 443
630487 983848 525
672136 696982 442
999814 627552 525
14866 249789 443
485520 320112 449
105753 731755 509
26021 214684 383
12846 387467 443
314859 807696 509
481966 623813 470
174199 800053 509
214072 892392 525
125033 966325 525
873390 819409 525
696253 111992 509
241587 369869 441
203225 846938 525
268988 543148 470
474804 715763 509
640686 881229 525
83612 42845 351
88177 368707 443
870476 301431 525
470826 477386 382
160881 330581 443
375540 176879 443
293404 744032 509
427387 804416 509
332981 570477 470
820791 506346 509
198353 682531 509
393632 361092 436
871293 732167 525
394777 397888 330
848158 464737 525
743815 170742 509
85566 959947 525
376767 932484 525
195612 242316 443
218722 607247 470
941189 146000 525
280802 30919 443
125798 56203 354
604170 786611 509
500250 635509 509
982294 213045 525
189728 583410 470
355883 124417 443
207594 158680 373
424532 484469 444
161266 773807 509
97675 305845 443
170705 982158 525
719658 874462 525
334635 580813 470
926146 819813 525
434780 950865 525
604294 627729 509
54365 558093 470
338755 995648 525
