1 1 1
25 36 112
50 90 116
92 772 171
3 7 17
72 73 116
8 8 4
1 100 119
12 19 21
63 201 125
1000 2000 182
97 300 128
83 840 171
192 834 171
829 1192 182
125 321 131
301 320 131
213 290 128
1597 19378 279
245 967 179
368 432 134
7282 63528 340
727 7944 262
772 799 153
826 906 179
578821 326169 470
240344 405037 441
239 147 128
2471 133 209
4760 4716 166
21 6724 262
116542 926165 525
904 4451 238
276 318 131
87 349 144
515 511 124
524 214 144
7894 10897 260
9362 73452 340
917274 192747 525
8352 85528 351
7615 24268 282
94533 82638 333
977936 985126 427
108759 44446 354
1148 1235 182
673 2484 209
8262 72619 340
8264 7382 252
82711 82849 227
473921 968636 525
396967 705817 509
365407 3480 443
265164 105536 443
869290 993288 507
33364 67608 340
64234 75911 325
33594 25890 308
31474 56572 340
79975 16432 351
937 8192 262
9471 17493 276
2894 3895 238
55718 70600 335
46903 69815 340
40161 28675 324
14079 966 276
42443 60925 340
58115 31558 340
59587 19563 340
114517 44093 354
838878 696925 525
516565 829317 509
60368 803852 509
794588 373718 509
809235 650204 504
7383 74292 340
8474 8294 234
6583 82146 351
1759 7392 262
693496 99176 509
66075 97170 351
64575 32135 340
110424 70592 354
17632 144172 375
71866 6721 340
84692 59269 351
85447 133617 354
58931 137420 354
216211 122840 383
159612 22584 383
50669 8129 324
293629 14280 443
567395 414966 470
334203 408645 441
136248 328293 443
928 7492 262
8746 9274 260
1200 1700 180
1300 1999 180
7482 8291 252
828377 728364 468
377639 495207 449
83686 243478 443
524743 313593 470
430867 179314 449
43390 501790 449
516196 181671 470
127288 351192 443
9129 79786 351
568788 381282 470
21623 542656 470
270601 345806 389
85117 250614 443
243352 492248 449

