1 10 20
100 200 125
201 210 89
900 1000 174
68227 44295 340
20491 79173 351
66253 11159 340
22209 68774 340
36649 74849 340
79963 92047 333
54479 83141 351
51740 89459 351
19704 48051 324
60629 32930 340
84083 91728 333
75243 5351 340
97115 79115 333
47749 8476 324
93783 18059 351
32021 8495 308
71891 13997 340
96365 92793 328
73506 79093 351
70993 31004 340
63006 30094 340
3511 23197 279
63693 68439 312
77591 9003 351
76041 74098 325
87864 88727 333
53505 57429 322
33661 41371 324
26598 23254 282
89509 57569 351
74178 12595 340
13142 69194 340
3058 1030 217
34369 45053 324
71551 81413 351
49278 20973 324
87033 90588 333
67901 22698 340
91296 46353 351
85348 13778 351
50730 70747 340
4463 8656 262
99590 95344 328
50877 17505 324
72124 53235 335
48549 23927 324
27205 84700 351
92122 18172 351
68021 7263 340
7376 24414 282
13599 86112 351
32252 44125 324
52404 34160 324
93134 73613 351
33551 74725 340
35651 95834 351
53844 64385 335
86459 83649 320
62072 81772 351
51293 60126 340
37715 97600 351
1782 5838 238
42779 96981 351
94166 60341 351
50291 91920 351
60202 24608 340
68990 14240 340
43403 91726 351
44301 36819 306
67713 25006 340
36651 9487 324
94045 45127 351
7 16654 276
81847 40229 351
75261 48013 340
34 42736 324
54245 83614 351
68297 53508 335
7585 27251 308
10931 86651 351
75647 10279 340
4723 37766 324
19471 68061 340
29199 10944 308
8079 72368 340
7207 83722 351
23338 41452 324
26633 97935 351
24360 29284 308
74003 93445 351
44258 67729 340
68629 61503 330
49200 36610 314
66788 53232 335
11203 71669 340
47677 41640 314
24540 82809 351
97607 70213 351
49379 27593 324
37255 10533 324
38199 98393 351
43933 38214 306
43652 95412 351
99699 2079 351
73390 3715 340
23695 68516 340
18278 62888 340
96064 23311 351
58456 53221 322
37841 54997 340
57267 3082 340
64325 27332 340
64630 99732 351
36945 4977 324
99330 11755 351
11280 12304 250
50389 42372 314
77247 46684 351
22653 48404 324
15670 98702 351
26484 27055 308
85130 29427 351
64709 73446 325
84513 24552 351
90468 63985 351
1759 92509 351
88881 15363 351
99035 25840 351
59430 68829 335
23675 2925 282
36484 3190 324
85712 35567 351
52198 40985 314
72175 20046 340
98864 49774 351
54060 94024 351
74137 11734 340
95357 71510 351
36335 31642 324
3284 47304 324
1639 13692 276
88777 58978 351
48504 30777 324
4774 63526 340
42354 16347 324
53997 93641 351
61257 59650 335
43284 38456 306
551 11834 268
12925 28379 308
98971 40710 351
58621 42905 340
36310 44951 306
37317 54960 340
88596 79767 333
99929 55106 351
88034 61993 351
74837 25014 340
49436 36873 314
64484 318 340
54304 49117 340
16854 9447 276
87094 78352 338
79531 17111 351
63920 60333 335
75867 48046 340
57697 69349 335
21736 23462 269
36889 81724 351
98565 54866 351
84890 56047 351
19090 42214 324
10490 67951 340
24734 36221 324
43515 68759 340
87968 72695 351
89570 20837 351
39269 91114 351
51018 67483 340
41970 16846 324
24927 14385 282
91250 97044 333
72294 97969 351
13042 23648 282
65888 96382 351
25161 67537 340
45505 28437 324
9327 2837 262
73527 18629 340
62972 92292 351
84945 11668 351
59917 16256 340
71581 7241 340
14843 9779 276
89336 20615 351
13361 97111 351
77342 69122 351
33184 26 308
72334 90413 351
88267 24909 351
