66083 89536 351
91046 92930 333
22651 27639 308
94573 96895 328
7190 94763 351
67184 79798 351
56034 82905 351
47311 51302 314
77512 86243 338
89737 100020 333
7631 44659 324
73164 88991 351
43681 82989 351
92555 96225 328
16749 39899 324
44891 78545 351
94543 98131 328
50781 95692 351
11269 44482 324
10061 22206 279
1 1 1
1 5 8
3080 56629 340
85032 94752 333
36909 71920 340
584 52826 340
91604 97744 328
60163 67852 335
48422 60628 340
65549 67641 281
13496 89818 351
12779 54923 340
68743 93092 351
60871 95939 351
98900 98971 284
22326 39422 324
15514 63147 340
71984 93429 351
98216 98920 266
56157 71952 335
55251 72582 335
96458 100019 328
76065 99381 351
14150 49830 324
15116 32258 308
18499 58710 340
15967 50575 324
31746 53115 340
28235 72269 340
45526 62602 340
11403 68631 340
88341 97811 333
25949 57708 340
94941 97813 328
22506 87241 351
40205 57290 340
32918 43931 324
99282 100050 328
20234 29179 308
83549 86340 320
14413 49291 324
91488 94217 315
43617 47967 314
79706 99284 333
5969 11743 268
84605 93476 333
7918 15706 276
83008 91369 333
38492 66339 340
82191 97491 333
99859 99943 204
94122 96364 328
79037 87185 333
41723 46919 314
19534 76289 340
50538 85779 351
66882 66976 237
50454 61917 340
27022 89928 351
7650 15906 276
11186 90566 351
56809 92469 351
7035 36510 324
97110 98986 297
22183 23607 282
35621 79582 351
51646 57208 340
94957 95706 328
52274 86298 351
36029 79336 351
36295 90142 351
85136 87343 333
72521 73562 294
94038 99790 328
99750 99864 266
72255 84881 351
69228 97998 351
68021 93374 351
52066 56577 340
8314 22794 279
2614 75017 340
54541 99081 351
88342 99717 333
76144 98453 351
