1 10 20
100 200 125
201 210 89
900 1000 174
67548 841816 525
828009 504108 509
450283 247817 449
707801 85657 509
129563 385779 443
608110 247786 470
168751 662787 509
145416 192978 383
843435 384089 525
564740 786120 509
13056 809951 509
406679 734944 509
10804 555830 470
35518 835212 509
131356 148230 375
798323 444194 509
855608 98813 525
772220 472063 509
567911 558818 421
373242 448662 449
700718 666092 442
609405 535258 452
637982 485508 509
24241 466654 449
510933 374907 449
715393 887931 525
426206 197874 449
19300 581677 470
154559 298219 443
215442 452570 449
294082 708992 509
321106 812594 509
602302 684741 509
145605 161074 383
822036 543969 509
359532 138708 443
274329 596820 470
321409 379638 441
43038 561250 470
539707 518596 439
608916 449251 470
834218 508660 509
90723 135100 354
43278 144767 375
464925 859940 525
239239 76796 443
202679 361911 443
246029 580900 470
9448 846480 525
533714 615921 452
594046 655976 509
467671 165971 449
655635 582585 509
535417 164776 470
783675 702148 504
696976 771776 504
170289 815224 509
149088 68641 375
782952 141248 509
499281 270270 449
836247 782002 468
321671 291019 384
794420 884326 525
16053 488953 449
478258 562733 470
743213 674220 504
62347 547045 470
137199 306870 443
677756 805595 504
647249 638112 416
414156 248565 449
567379 841342 525
626507 656211 416
523591 205061 470
156931 45804 383
41599 599716 470
213828 67752 383
336386 392749 441
710139 660444 504
19876 260576 443
666392 12581 509
513792 343733 470
455193 705091 509
107824 436743 449
121677 878462 525
125197 431578 449
828357 835556 419
431440 898196 525
324425 617063 470
523707 516240 439
758529 126318 509
439658 61436 449
95061 294948 443
138384 138604 251
854279 848244 419
874457 453742 525
40367 134129 354
335722 384610 441
723442 560919 509
354945 868665 525
10 1 20
