1 10 20
100 200 125
201 210 89
900 1000 174
750783 675500 504
660474 630014 429
738299 356247 509
570601 402810 470
151761 256787 443
413759 491119 444
148960 165138 383
344520 806619 509
374658 845933 525
289786 950692 525
934032 780220 525
59377 739408 509
515720 308461 470
528721 127099 470
856374 409610 525
912593 217439 525
665533 577914 509
632874 251102 509
755407 461420 509
765916 537855 509
611221 755949 509
541855 787786 509
516520 321306 470
174977 305702 443
343949 768227 509
794384 733899 468
345805 159801 443
284150 654860 509
548848 708940 509
456543 147962 449
936188 47306 525
294888 686731 509
803914 665965 504
816320 791715 468
210706 285909 443
200688 518126 470
279760 956417 525
562998 3675 470
986110 633946 525
452170 696174 509
415853 724445 509
445067 448197 338
438316 176921 449
460978 173628 449
988637 154401 525
938525 53551 525
909055 978278 507
945456 4091 525
935129 603018 525
888635 719523 525
696812 569654 509
642955 530022 509
956700 400470 525
629635 746378 504
425528 777307 509
40830 723348 509
598669 973269 525
377299 208977 443
523585 412324 470
121459 336282 443
727715 792585 468
628265 321023 509
480881 896163 525
587964 225816 470
764756 279058 509
112024 515646 470
44834 179356 383
185944 714291 509
851844 186561 525
140011 712570 509
250768 575753 470
860811 681460 525
469823 632725 509
455400 321305 449
988891 492749 525
925173 635095 525
582389 453209 470
873854 310267 525
819051 910445 525
383584 657255 509
563712 548710 421
594092 254778 470
405915 553042 470
999251 366159 525
947183 200354 525
665817 121988 509
842540 305827 525
13015 831542 509
436002 581774 470
921301 156726 525
442385 540927 470
854877 735345 525
584240 648860 509
367049 439462 449
45360 221502 386
585846 900765 525
392658 382109 436
767881 918591 525
964248 909976 507
