1 10 20
100 200 125
201 210 89
900 1000 174
123 4578 238
1900 12345 268
18277 123123 354
88272 982043 525
435 983 179
1928 47388 324
183 231 128
34 98 119
2 128 119
982 4523 238
8412 234123 443
48392 25819 324
8219 183710 383
482 730 171
199 200 120
1 1 1
11111 22222 279
22222 11111 279
2198 3718 238
1301 65423 340
627389 781920 504
6573 92056 351
46381 900911 525
65749 52309 340
657499 891593 525
193756 838367 525
63322 37281 340
19823 72198 340
36271 12389 324
12222 13333 276
82718 81234 320
1000000 1000000 153
123123 123123 181
82910 291122 443
371 8491 262
3423 2423 217
98123 123981 354
123123 123592 331
9832 23423 279
28423 982374 525
3252 99812 351
432 98421 351
9087 4218 262
2098 2342 183
532 58209 340
98 98234 351
829075 18290 509
1 2 2
12341 98141 351
8741 28341 308
8914 78120 351
71023 123419 354
2041 87401 351
3672 91722 351
4022 1097 238
4690 4754 166
8632 5921 262
3668 3472 194
7546 238 262
4721 4801 197
6195 687 262
2790 384 209
23 5264 238
6007 6751 262
3621 4076 238
8384 7276 252
8695 4511 262
1802 3715 238
334 676 145
5168 9210 262
7063 1050 262
8197 4548 262
6326 2459 262
5354 3492 238
3655 3921 238
2733 1411 209
7876 7156 239
9839 7913 260
3763 7319 262
6462 1938 262
4396 5213 210
2783 6159 238
552 3363 217
3932 9540 262
5610 1878 238
6385 2767 262
7948 3785 262
6269 7860 257
2323 9123 262
1469 8396 262
7387 3 262
9701 3325 262
8218 9666 260
7764 7884 221
6782 5515 262
6114 8679 262
4356 454 238
3692 6565 262
3628 7199 262
1479 5551 238
7345 7091 195
2318 623 183
1979 7677 262
5115 1478 238
5842 9799 262
866 5525 238
5594 8742 262
2354 7226 262
9326 3006 262
398 6970 262
9820 7343 260
9426 8897 260
6337 3656 262
2729 8351 262
1260 4569 238
8449 5298 262
7986 1315 262
1708 2627 209
970 9992 262
3083 5828 238
2640 895 209
916 1056 174
12 3401 217
1157 4610 238
5431 1605 238
3704 1111 217
7739 8057 252
3859 2847 238
