528221 781775 509
46573 914795 525
403850 420100 449
660638 696482 442
147501 213237 383
18091 684847 509
244672 804126 509
728601 833958 468
991835 997333 365
417439 733876 509
31083 626785 509
333934 971408 525
645551 918372 525
409498 615128 470
113245 311722 443
395918 801808 509
617223 658578 509
339469 597296 470
60339 233649 443
425205 673575 509
12307 722208 509
882225 951059 507
227695 781300 509
825195 845131 525
41367 564218 470
804777 988578 525
658424 978339 525
508200 946694 525
245098 832170 509
416589 665159 509
815487 868308 525
967161 980077 458
89094 878816 525
949111 986211 458
568249 580043 390
8723 450310 449
852243 972833 507
495384 642116 509
154416 555945 470
946183 975964 458
262916 425451 449
921293 946644 507
256465 364608 441
368256 450848 449
374452 713522 509
620496 923103 525
193197 602514 470
34246 300875 443
490951 809582 509
763620 847134 525
802636 968354 525
500008 915269 525
561773 682529 509
964071 989686 458
257027 651855 509
477216 598413 470
591333 923239 525
672 840738 525
314589 978698 525
980232 983673 427
822161 917339 525
578387 955349 525
844898 904304 445
66365 710557 509
764508 927910 525
383456 876774 525
367171 409686 436
754398 860823 525
522211 544976 408
651778 717877 504
1273 726075 509
680174 888656 525
230915 378069 441
286903 354571 441
169742 432063 449
216664 349755 443
211343 607095 470
708692 796055 468
186555 800859 509
372930 691357 509
173919 477001 449
39837 588718 470
454266 767047 509
944811 979492 458
176849 665446 509
183805 560485 470
330289 555258 470
180996 221016 386
817900 857796 525
675008 949659 525
414436 509397 444
496596 868822 525
645964 785514 504
402908 636939 509
91717 309112 443
251822 932603 525
580591 909683 525
575294 894906 525
556182 846358 525
643197 781375 504
729840 792728 468
355389 924138 525
809443 924456 525
209342 428085 449
3385 263992 443
773796 793835 437
851374 896339 445
367543 939169 525
102115 617015 470
893501 988083 507
534213 919764 525
211303 987416 525
185783 962981 525
441314 661010 509
964044 988103 458
297793 582040 470
513566 939013 525
553069 936684 525
584830 682144 509
117837 823322 509
