1 10 20
100 200 125
201 210 89
900 1000 174
4 1 8
6 6 9
7 8 17
210 201 89
810 852 135
530 441 142
362 914 179
707 415 171
958 377 179
461 800 171
496 672 145
9 720 171
424 148 144
4209 7625 262
6929 4149 262
5982 5938 143
3214 9811 262
9513 4532 262
4706 7115 262
5513 62 238
952 997 143
7969 7650 252
4890 4739 197
1498 2634 209
3256 2749 217
22642 5857 279
16136 29772 308
19676 10917 279
8744 881 262
22363 19383 274
24081 3133 282
19515 4725 279
10692 11305 268
21 23500 279
14860 6772 276
497 22665 279
8222 6840 257
28725 25033 308
1973 772 182
25359 4013 282
19901 7621 279
18643 20381 274
15414 17832 279
139198 19449 354
281100 3372 443
224057 195348 386
11 234769 443
73965 148284 375
60381 66048 335
144893 154357 370
150567 273278 443
126370 103098 354
230567 61876 386
46131 153306 375
186668 218143 386
55706 175328 383
160965 74066 383
159348 148918 383
54916 59982 322
294754 20796 443
232330 30639 443
170780 207692 373
123771 210039 383
294074 32048 443
75846 762406 509
719684 531856 509
211253 128368 383
52476 281806 443
456567 935182 525
729277 289900 509
308875 626226 470
210651 251596 443
622546 622697 310
824753 687162 504
51058 313283 443
472678 417539 444
610504 523158 452
414291 331271 449
142881 741924 509
710168 512449 509
756171 194404 509
19152 361328 443
927957 179647 525
277820 584884 470
591966 219157 470
525842 38672 470
203118 73538 383
773266 848751 525
593845 926848 525
374209 284960 441
381737 402273 436
245510 372695 441
586238 93408 470
600391 395 470
203780 232377 443
441843 28107 449
808766 815975 406
186594 722782 509
247263 539885 470
202282 703201 509
155655 640918 509
929542 330464 525
614254 445035 470
5107 153379 375
445129 623288 470
557988 449201 470
856154 960171 507
568228 316115 470
403363 2094 443
889852 809367 525
829082 297040 509
187858 474437 449
626507 546069 509
700730 878809 525
