1 10 20
100 200 125
201 210 89
900 1000 174
1 1000000 525
400 450 134
2400 2450 165
1922 1954 175
1267 1327 177
10839 10886 206
11004 11045 193
9490 9563 198
9000 1000 262
32 174809 383
6590 102 262
43891 159703 383
57869 49317 340
4389 3597 238
2000 3000 217
5000 6000 236
7000 8000 252
9000 10000 260
11000 12000 250
13000 14000 276
15000 16000 271
17000 18000 279
19000 20000 274
21000 22000 269
23000 24000 282
40000 50000 314
50000 60000 340
70000 80000 351
90000 100000 333
100000 110000 354
110000 120000 349
130000 140000 344
150000 160000 383
160000 160000 34
170000 180000 347
190000 200000 360
210000 220000 386
230000 240000 443
250000 260000 363
270000 280000 407
290000 300000 371
310000 320000 384
330000 340000 366
350000 360000 379
370000 380000 423
380000 400000 436
900 900000 525
2 80 116
300 45942 324
41 1904 182
594 579483 470
83414 4310 351
9548 85292 351
13278 13487 245
4367 2313 238
123 345 144
8659 99999 351
8888 999999 525
46 42304 324
76 67890 340
8349 70000 340
1000 5555 238
3109 8750 262
907 40215 324
76095 978450 525
412 4000 238
589 32880 308
1289 98123 351
239420 401100 441
800012 1 509
130 10399 262
13897 18947 279
5849 438279 449
2 2 2
4 5 6
321323 675694 509
397 52973 340
4389 79806 351
68360 542908 470
980 56389 340
40853 347984 443
78043 804398 509
5308 481029 449
678 987043 525
4739 489572 449
79 900 179
84 809 171
759 4000 238
1829 8754 262
289 875 179
46 65 113
85 101 119
210 302 128
430 500 142
600 700 145
2039 24098 282
