1 10 20
100 200 125
201 210 89
900 1000 174
545241 883844 525
445801 329669 449
838170 6095 525
560520 346584 470
967114 599271 525
650455 258892 509
534727 293680 470
863050 473319 525
498137 503999 426
917336 291962 525
106934 816113 509
219730 708167 509
311776 772648 509
428503 868300 525
537900 276451 470
199264 964977 525
914783 258105 525
463095 127369 449
117425 67890 354
370181 457288 449
366387 676034 509
32712 481282 449
140940 420515 449
350563 803868 509
38303 875790 525
496399 431761 444
214280 488341 449
364272 513379 470
751430 29664 509
334146 884060 525
844403 82818 525
864562 552127 525
961773 749111 525
408265 700560 509
910489 427260 525
635395 141757 509
549886 926475 525
173886 994024 525
689804 147570 509
961038 151698 525
146048 359183 443
20781 196133 383
619871 177194 470
757520 397533 509
797471 91887 509
762004 695125 504
737509 700166 504
597783 335658 470
826921 537105 509
550564 646478 509
456759 3521 449
821446 643435 504
925518 722198 525
451325 254257 449
517163 187057 470
281103 641598 509
877984 453143 525
902069 650665 525
327517 750340 509
714294 632363 504
602320 169065 470
944978 182059 525
248489 908229 525
152404 942949 525
624886 439899 470
876426 551222 525
455982 882581 525
752785 607622 509
911049 622261 525
285898 213970 443
403084 461748 449
596649 553621 434
592163 252537 470
857388 103314 525
694822 440951 509
802472 875457 525
306622 734563 509
200190 16787 383
205345 859665 525
129581 505188 449
132728 548202 470
47170 17597 324
474018 61004 449
624362 953474 525
645906 370238 509
662312 718270 504
875540 578446 525
616737 597577 447
81261 576714 470
679508 906260 525
421791 791127 509
937384 229777 525
606283 169713 470
930398 730753 525
209713 455999 449
904742 15259 525
221523 508370 449
966029 771094 525
80569 184314 383
549139 461844 470
332557 781381 509
596123 518827 452
426790 185557 449
783611 113360 509
836194 198173 509
585331 723170 509
502060 460472 444
432379 602513 470
434461 652837 509
188277 105641 383
528190 315043 470
691074 613183 509
903788 906981 445
859889 945590 507
369492 184883 443
677969 49710 509
531038 778077 509
132647 317258 443
384295 825756 509
394299 684189 509
665638 913158 525
368205 781681 509
747760 837869 525
8997 490611 449
755030 34774 509
1 1000 179
990 2050 182
1 1 1
1 1000000 525
9009 100000 351
2 2 2
1000 900 174
45674 10000 324
989898 878787 507
1234 567890 470
8 64 113
1000 2500 209
