1 1000000 525
1000000 1 525
100 10000 262
200 50000 324
300 1500 182
5500 15550 276
85000 67890 351
7500 75000 340
10000 45000 324
45001 99999 351
7854 12345 268
621687 5580 470
144108 317434 443
2254 357240 443
296000 461208 449
196900 525807 470
239098 105336 443
774020 252360 509
114241 862829 525
493231 235999 449
366843 118396 443
506842 677913 509
677813 414476 509
870742 636791 525
592512 813200 509
328850 613448 470
288533 37925 443
400104 326350 441
975050 797034 525
367374 800560 509
48620 375466 443
874869 147690 525
95561 916304 525
611306 103815 470
453808 87799 449
624218 660360 509
724066 572753 509
201355 472698 449
849609 830368 525
191401 455885 449
662702 255562 509
522520 479431 470
375926 492885 449
766604 288926 509
863895 438810 525
850462 482060 525
847226 474247 525
477633 416333 444
494813 729847 509
780026 578188 509
337908 812316 509
414685 247789 449
134212 518517 470
698718 338781 509
744110 906239 525
412407 71406 449
480514 370375 449
684269 579743 509
814852 84904 509
417752 198488 449
724022 45602 509
728327 594817 509
189185 391510 443
390043 995184 525
809989 114641 509
125453 307126 443
889060 109815 525
120392 256367 443
900459 54524 525
189018 63945 383
570748 971162 525
608136 469175 470
294443 893023 525
922916 218292 525
685598 834739 504
692834 234320 509
85494 924812 525
926209 131719 525
389183 92294 443
202148 350271 443
929521 568402 525
616059 738031 509
896581 281977 525
933671 868427 476
614429 448696 470
868700 199798 525
572071 827042 509
606099 636345 509
573941 736000 509
638212 376854 509
436296 536207 470
57406 282571 443
321531 268180 407
210718 411039 449
786300 59542 509
992250 159681 525
350858 137834 443
22144 595050 470
493700 994596 525
617873 800615 509
200301 398515 443
410728 881063 525
427410 593391 470
508284 715760 509
343220 155729 443
911765 74448 525
589939 181575 470
491731 346874 449
448385 403856 449
972807 278118 525
299284 708861 509
892612 119273 525
936397 433077 525
508302 723616 509
826114 908136 525
800673 720870 468
