1 10 20
100 200 125
201 210 89
900 1000 174
39 671 145
432 1553 182
1330 3658 217
1744 5636 238
2144 7824 262
2752 10710 262
2994 13744 276
3224 17759 279
4196 21963 279
4310 27205 308
4441 32488 308
4791 37556 324
5617 44059 324
5952 50635 324
6244 57637 340
6840 65398 340
7369 73469 340
8115 82070 351
8496 91258 351
9447 100783 351
9681 111296 354
10267 121705 354
10344 132587 354
11275 144112 375
11900 156300 383
12189 168731 383
12844 182344 383
13455 196420 383
14207 211333 383
14475 226265 386
15015 241902 443
15547 257499 443
15821 273719 443
15911 290348 443
16010 306472 443
16116 322707 443
16864 339906 443
17690 357662 443
17729 376332 443
18463 395740 443
18796 414727 449
18930 434164 449
19279 454097 449
20066 474940 449
20491 496417 449
21184 518355 470
21621 540905 470
22365 563601 470
22886 586550 470
23057 610236 470
23322 633575 509
23373 657513 509
23638 681252 509
24227 706088 509
25205 732185 509
25483 757922 509
25691 783715 509
26090 810699 509
26876 838270 525
27243 866444 525
28035 895110 525
28922 924604 525
29295 954037 525
29625 984211 525
9 9 20
14 19 21
20 22 16
26 23 24
31 23 112
36 23 112
44 24 112
47 27 112
49 29 110
55 31 113
65 37 113
69 37 113
79 43 116
84 46 116
87 51 116
94 61 116
96 69 116
104 69 119
104 71 119
114 79 119
122 84 119
124 84 119
127 86 119
135 96 122
136 102 122
144 105 122
147 105 122
152 107 122
152 116 122
158 124 122
159 126 122
161 127 122
167 128 122
176 129 125
186 135 125
193 135 125
194 144 125
202 148 125
212 152 125
213 152 125
218 153 125
221 158 125
224 168 125
226 168 125
233 173 128
238 176 128
247 182 128
253 182 128
263 189 128
270 199 128
277 199 128
280 209 128
281 211 128
284 215 128
291 225 128
299 225 128
306 235 128
309 244 123
311 248 123
315 254 131
322 255 131
328 261 144
334 271 144
334 280 144
344 289 144
344 291 144
353 300 144
357 306 144
358 313 144
360 319 144
365 327 144
370 330 126
375 331 126
382 331 126
385 340 126
385 342 126
395 350 126
402 352 126
410 352 126
414 362 134
416 366 134
421 373 134
424 383 134
431 384 134
436 388 134
440 390 134
448 395 134
458 395 134
466 399 134
470 406 134
472 409 134
472 410 134
481 420 129
483 428 129
487 437 142
487 445 142
491 449 142
501 456 142
501 466 142
505 466 142
515 466 142
524 472 142
529 473 142
532 483 142
532 493 124
541 498 124
547 498 137
552 503 137
557 511 137
561 513 137
566 522 137
569 524 137
570 532 137
574 542 137
581 551 137
586 558 119
596 564 119
604 568 119
612 576 132
613 581 132
617 585 132
620 587 132
622 591 132
626 596 132
627 600 132
629 601 132
633 607 132
639 612 132
646 614 132
648 620 132
650 620 145
650 624 145
656 629 145
659 639 145
669 640 145
670 648 145
671 654 145
677 657 145
682 665 145
686 665 145
691 673 127
700 682 127
709 685 171
719 694 171
723 702 171
728 706 127
735 710 140
740 715 140
740 718 140
746 718 140
751 720 140
755 720 140
762 723 140
764 727 153
767 737 153
771 741 153
781 744 153
787 746 153
791 746 153
796 748 153
798 758 153
799 764 153
799 772 153
801 776 122
805 776 122
810 780 122
814 780 135
814 780 135
816 785 135
824 789 135
827 799 135
833 804 135
837 807 135
838 814 135
843 822 135
848 827 135
856 828 135
865 834 148
868 840 148
871 847 179
872 857 179
881 859 179
887 869 179
889 872 148
890 872 148
895 878 148
899 886 148
905 888 148
914 894 130
915 894 130
920 901 130
928 908 130
935 911 130
940 919 174
942 927 174
952 928 174
959 934 174
962 938 130
967 945 143
970 948 143
974 951 143
982 951 143
988 961 143
994 969 143
1001 972 143
1002 975 143
1008 981 143
1010 988 143
1011 988 143
1021 993 156
1029 994 156
1032 999 156
1037 1001 156
1043 1004 156
1048 1013 156
1048 1016 156
1049 1026 156
1054 1034 125
1061 1041 169
1061 1042 169
1067 1049 169
1074 1059 169
1077 1059 169
1086 1064 169
1095 1064 169
1103 1073 138
1109 1077 138
1118 1081 138
1120 1084 138
1125 1092 138
1134 1100 138
1139 1106 138
1144 1111 138
1153 1120 151
1162 1127 182
1172 1130 182
1180 1138 182
1181 1147 182
1186 1157 182
1191 1161 182
1201 1163 151
1202 1168 151
1212 1177 151
1213 1183 151
1222 1193 164
1225 1194 164
1228 1204 164
1229 1213 164
1236 1213 164
1243 1216 133
1247 1219 133
1256 1228 177
1259 1228 177
1263 1232 177
1266 1237 177
1275 1243 177
1283 1248 177
1287 1256 177
1292 1259 177
1300 1262 177
1305 1264 146
1306 1272 146
1309 1276 177
1311 1280 177
1320 1282 177
1324 1288 177
1332 1289 177
1334 1298 177
1334 1301 177
1344 1309 146
1347 1316 146
1355 1323 159
1357 1323 159
1359 1331 159
1368 1340 159
1370 1342 159
1380 1347 159
1384 1355 159
1386 1362 159
1387 1372 159
1394 1375 159
1397 1385 128
1405 1386 128
1408 1393 172
1414 1395 172
1424 1398 172
1429 1403 172
1439 1412 128
1444 1418 141
1448 1428 141
1456 1435 141
1458 1436 141
1464 1440 141
1464 1446 141
1467 1456 141
1476 1457 172
1482 1457 172
1487 1461 172
1488 1467 172
1491 1469 172
1501 1476 141
1502 1486 141
1509 1489 141
1518 1498 141
1522 1502 154
1532 1503 154
1538 1513 154
1546 1514 154
1549 1519 154
1550 1529 154
1560 1533 154
1561 1538 154
1567 1545 154
1569 1548 154
1570 1548 154
1571 1558 154
1577 1559 154
1583 1560 167
1591 1564 167
1591 1570 167
1597 1578 167
1604 1580 167
1604 1587 123
1614 1592 167
1620 1602 167
1630 1604 167
1630 1613 136
1638 1616 136
1645 1625 136
1648 1628 136
1651 1630 136
1659 1631 136
1665 1638 180
1667 1639 180
1668 1646 180
1670 1656 180
1671 1661 180
1676 1671 136
1678 1674 136
1687 1684 43
1692 1684 136
1695 1692 180
1703 1700 61
1713 1704 149
1719 1714 149
1724 1715 149
1729 1719 149
1733 1719 149
1742 1723 180
1748 1727 180
1755 1736 180
1761 1741 180
1769 1747 149
1777 1750 149
1783 1751 149
1785 1757 149
1795 1764 149
1798 1767 149
1801 1777 162
1803 1778 162
1804 1782 162
1812 1784 162
1815 1788 162
1816 1797 162
1817 1802 118
1825 1809 162
1830 1817 162
1839 1817 162
1842 1818 162
1851 1826 162
1853 1827 162
1862 1837 162
1862 1846 131
1872 1852 131
1873 1859 131
1878 1864 175
1881 1869 175
1891 1877 131
1901 1882 175
1909 1883 175
1919 1889 175
1929 1892 175
1937 1893 175
1942 1898 175
1946 1908 175
1948 1916 144
1948 1923 144
1952 1926 175
1961 1927 175
1961 1934 175
1962 1936 175
1964 1945 175
1966 1946 175
1966 1955 175
1975 1956 175
1983 1962 144
1990 1967 144
1995 1976 144
1998 1982 113
2007 1984 144
2014 1990 144
2022 1992 144
2029 1997 157
2036 2002 157
2036 2009 157
2040 2011 157
2040 2019 157
2048 2025 157
2049 2026 157
2049 2031 157
2052 2035 157
2054 2036 157
2058 2038 157
2064 2043 157
2067 2044 157
2072 2052 157
2080 2062 157
2085 2069 126
2089 2077 126
2097 2079 126
2100 2081 126
2110 2088 170
2113 2097 170
2114 2104 170
2121 2109 170
2123 2119 126
2128 2119 126
2136 2128 126
2137 2129 126
2141 2131 77
2147 2141 170
2152 2151 108
2162 2160 139
2172 2163 139
2174 2166 139
2177 2175 139
2179 2184 139
2183 2185 139
2191 2193 139
2201 2199 139
2201 2202 139
2206 2211 170
2206 2211 170
2213 2217 139
2222 2219 95
2230 2226 139
2239 2227 139
2249 2236 139
2258 2236 139
2258 2236 139
2266 2240 139
2266 2244 139
2269 2250 139
2277 2253 139
2279 2253 152
2282 2263 152
2288 2271 152
2288 2273 152
2298 2277 152
2301 2287 152
2305 2292 152
2306 2296 152
2313 2299 152
2323 2308 183
2332 2310 183
2341 2319 183
2342 2324 152
2350 2334 152
2351 2342 152
2357 2343 152
2359 2345 152
2363 2352 121
2365 2353 121
2366 2356 121
2371 2366 152
2371 2367 152
2371 2368 152
2378 2370 165
2379 2378 77
2381 2382 77
2387 2387 103
2396 2388 121
2398 2394 121
2403 2396 165
2406 2402 59
2414 2406 165
2414 2413 72
2419 2417 59
2425 2427 165
2425 2428 165
2432 2437 134
2436 2439 134
2446 2446 134
2454 2451 134
2460 2459 103
2464 2466 134
2469 2475 134
2469 2476 134
2475 2480 134
2483 2483 41
2486 2492 134
2489 2501 178
2489 2505 178
2492 2505 178
2497 2514 178
2504 2514 134
2511 2524 134
2511 2524 134
2516 2528 178
2521 2532 178
2528 2536 85
2533 2539 178
2542 2546 178
2550 2550 85
2554 2555 59
2558 2557 134
2564 2561 147
2564 2564 54
2566 2572 147
2573 2580 147
2580 2585 103
2585 2590 147
2588 2596 147
2589 2603 178
2593 2612 178
2593 2619 178
2603 2628 178
2604 2632 191
2612 2636 191
2618 2636 191
2628 2643 191
2629 2652 191
2636 2662 147
2639 2669 147
2645 2675 147
2654 2684 147
2662 2692 147
2669 2701 160
2670 2706 160
2677 2715 160
2685 2721 160
2688 2728 160
2690 2738 160
2694 2738 160
2696 2739 160
2705 2747 160
2715 2747 160
2715 2750 160
2719 2760 173
2722 2761 173
2730 2765 173
2736 2769 173
2736 2778 173
2738 2778 173
2745 2787 173
2755 2790 160
2756 2798 160
2759 2799 160
2761 2801 160
2770 2804 160
2776 2808 160
2776 2817 173
2781 2825 173
2782 2827 173
2786 2831 173
2788 2833 173
2788 2835 173
2792 2844 173
2802 2848 173
2804 2851 173
2811 2858 173
2820 2860 173
2820 2866 173
2826 2875 173
2828 2876 173
2830 2885 173
2834 2895 173
2842 2903 173
2849 2904 173
2856 2914 173
2864 2921 217
2867 2930 217
2875 2937 217
2880 2937 217
2890 2940 217
2900 2943 217
2902 2946 217
2912 2955 217
2912 2965 217
2922 2973 173
2924 2982 173
2934 2986 173
2942 2995 173
2949 2995 142
2959 3003 142
2966 3012 155
2971 3014 155
2978 3018 155
2982 3020 155
2985 3028 155
2993 3029 155
2999 3033 155
3007 3039 155
3017 3044 155
3022 3048 155
3032 3052 155
3042 3061 155
3047 3068 155
3049 3075 155
3052 3083 155
3052 3091 155
3060 3100 186
3066 3110 186
3066 3110 186
3069 3120 186
3070 3130 186
3073 3132 186
3079 3137 186
3085 3145 186
3093 3146 186
3100 3146 155
3107 3149 155
3110 3151 155
3118 3155 155
3125 3165 155
3128 3167 168
3134 3176 199
3138 3180 199
3146 3190 199
3149 3195 199
3150 3203 199
3158 3211 199
3161 3211 199
3170 3212 199
3177 3219 168
3180 3227 168
3187 3230 168
3191 3239 168
3200 3240 168
3205 3249 168
3207 3252 168
3211 3255 168
3212 3255 168
3222 3257 168
3224 3257 168
3229 3266 168
3239 3276 168
3247 3282 137
3252 3287 137
3259 3289 137
3266 3299 137
3266 3302 137
3266 3306 137
3276 3313 168
3277 3314 168
3277 3317 168
3283 3326 168
3289 3330 181
3298 3337 181
3300 3347 181
3307 3350 181
3317 3358 181
3324 3364 181
3324 3372 181
3332 3378 181
3335 3387 181
3341 3392 181
3348 3398 181
3355 3407 181
3363 3414 181
3368 3420 181
3374 3421 181
3375 3425 181
3376 3432 181
3386 3440 181
3390 3443 181
3392 3448 150
3399 3451 150
3401 3453 150
3409 3453 150
3414 3455 150
3424 3459 150
3426 3463 150
3433 3465 150
3434 3469 150
3436 3479 150
3437 3486 181
3444 3494 181
3451 3498 181
3453 3507 181
3462 3516 181
3464 3517 181
3464 3523 181
3468 3529 181
3478 3536 181
3488 3545 150
3498 3551 150
3508 3555 150
3518 3557 150
3523 3557 150
3525 3565 163
3526 3567 194
3527 3574 194
3527 3583 194
3535 3591 194
3540 3591 194
3547 3597 194
3549 3598 194
3559 3603 194
3560 3609 194
3566 3612 194
3567 3614 194
3571 3624 163
3576 3633 163
3582 3641 163
3584 3648 163
3584 3655 163
3593 3665 163
3600 3665 163
3605 3669 163
3615 3674 163
3623 3674 163
3627 3681 163
3628 3684 163
3631 3686 163
3638 3695 207
3647 3695 207
3650 3704 207
3650 3710 207
3650 3718 238
3652 3721 238
3652 3724 238
3661 3724 238
3665 3734 238
3674 3739 238
3678 3739 238
3685 3743 238
3686 3752 238
3688 3759 238
3697 3762 238
3698 3762 238
3700 3771 238
3704 3779 238
3704 3785 238
3708 3786 238
3717 3794 176
3721 3802 176
3727 3807 176
3735 3813 176
3745 3823 176
3755 3828 176
3756 3838 176
3761 3846 176
3768 3846 176
3776 3856 176
3780 3862 176
3784 3868 176
3793 3875 176
3798 3882 176
3806 3882 176
3808 3885 176
3816 3889 176
3820 3892 176
3823 3901 176
3826 3910 176
3831 3910 176
3833 3913 176
3840 3923 176
3844 3928 176
3853 3937 176
3858 3940 176
3860 3945 176
3867 3951 189
3877 3953 189
3883 3954 189
3886 3963 189
3890 3966 189
3899 3975 189
3909 3978 189
3912 3981 189
3912 3985 189
3920 3994 189
3921 4003 189
3928 4008 189
3934 4018 189
3935 4023 189
3936 4026 189
3938 4027 189
3939 4029 189
3945 4031 189
3949 4031 189
3950 4041 189
3951 4051 189
3960 4058 189
3963 4058 189
3964 4063 189
3965 4066 189
3966 4075 189
3967 4084 189
3977 4087 189
3978 4094 189
3984 4101 189
3988 4109 189
3993 4109 189
3994 4111 189
4001 4121 189
4006 4121 189
4016 4125 158
4016 4131 189
4026 4134 189
4030 4137 189
4035 4147 189
4044 4150 189
4044 4156 189
4050 4158 189
4051 4159 189
4055 4162 189
4059 4171 189
4065 4177 189
4074 4180 189
4076 4187 189
4084 4196 189
4090 4203 189
4094 4207 189
4095 4217 189
4104 4227 189
4105 4237 202
4108 4245 202
4114 4246 202
4115 4253 202
4125 4263 202
4133 4271 202
4135 4275 202
4142 4280 202
4143 4282 202
4144 4287 202
4150 4287 202
4152 4287 202
4154 4297 202
4159 4297 202
4166 4301 202
4174 4304 202
4183 4304 202
4192 4314 202
4200 4321 202
4206 4327 202
4213 4333 202
4223 4342 202
4230 4345 202
4235 4345 202
4243 4346 202
4251 4348 202
4252 4352 202
4253 4353 202
4254 4358 202
4261 4359 184
4270 4365 184
4272 4373 184
4272 4375 184
4278 4383 215
4288 4391 215
4293 4391 215
4298 4395 215
4301 4397 215
4305 4405 215
4307 4414 215
4313 4415 215
4315 4417 215
4319 4417 215
4319 4422 215
4325 4431 215
4335 4435 215
4337 4444 215
4340 4454 215
4341 4456 215
4347 4460 215
4353 4469 215
4359 4469 215
4368 4470 215
4377 4472 215
4384 4475 184
4391 4476 184
4400 4477 184
4400 4478 184
4410 4487 184
4418 4487 184
4420 4494 184
4423 4504 184
4433 4508 184
4434 4517 184
4437 4523 184
4444 4532 184
4452 4532 184
4461 4533 184
4470 4543 184
4478 4543 184
4480 4543 184
4484 4548 184
4486 4558 184
4487 4558 184
4488 4562 184
4498 4569 184
4498 4576 184
4504 4586 184
4509 4586 184
4509 4595 184
4518 4604 184
4518 4611 184
4527 4619 184
4529 4622 184
4536 4627 184
4541 4627 184
4544 4633 184
4552 4642 171
4552 4650 184
4558 4655 184
4568 4657 184
4578 4664 184
4585 4667 184
4587 4669 184
4587 4672 184
4588 4680 184
4592 4687 184
4595 4689 184
4598 4690 184
4603 4690 184
4610 4698 184
4616 4707 184
4622 4708 184
4624 4718 184
4634 4726 184
4639 4726 184
4642 4729 184
4649 4739 153
4659 4740 153
4667 4745 153
4669 4754 166
4677 4762 166
4687 4767 197
4691 4767 197
4691 4772 197
4697 4777 197
4706 4781 197
4714 4785 197
4714 4794 197
4722 4800 197
4722 4806 197
4728 4812 197
4738 4816 197
4739 4818 197
4739 4818 197
4739 4828 197
4740 4828 197
4746 4829 197
4751 4830 197
4760 4831 197
4760 4834 197
4762 4838 197
4762 4844 197
4762 4844 197
4765 4849 166
4769 4854 166
4778 4857 166
4780 4865 166
4789 4865 166
4791 4868 166
4800 4875 166
4802 4877 166
4809 4886 166
4818 4889 166
4822 4893 179
4830 4894 179
4833 4898 179
4833 4905 179
4837 4905 179
4842 4906 179
4843 4911 179
4850 4911 179
4853 4920 179
4857 4928 210
4864 4933 210
4866 4940 210
4867 4945 210
4869 4955 210
4878 4957 210
4880 4963 210
4888 4970 210
4888 4972 210
4891 4976 210
4899 4979 210
4901 4987 210
4911 4991 210
4913 5001 210
4919 5002 210
4926 5002 210
4936 5010 179
4940 5017 179
4943 5021 179
4944 5027 179
4944 5037 179
4946 5038 179
4950 5041 179
4960 5043 179
4963 5048 179
4970 5050 179
4972 5055 179
4972 5060 179
4977 5069 179
4982 5078 179
4984 5081 179
4988 5091 179
4994 5099 179
5002 5103 179
5004 5112 179
5014 5120 179
5023 5127 179
5026 5134 179
5030 5137 179
5032 5145 179
5034 5151 179
5043 5156 179
5044 5164 179
5046 5166 179
5051 5172 179
5060 5182 179
5061 5192 179
5062 5193 179
5062 5201 179
5070 5209 179
5074 5211 179
5076 5219 179
5076 5223 179
5078 5230 179
5079 5238 179
5087 5247 179
5089 5251 179
5091 5260 179
5099 5265 192
5101 5272 192
5104 5281 192
5108 5284 192
5110 5292 192
5111 5293 192
5118 5300 192
5127 5300 192
5135 5304 192
5144 5311 192
5153 5314 192
5153 5316 192
5160 5316 192
5169 5324 192
5173 5331 192
5175 5333 192
5180 5336 192
5189 5338 192
5190 5347 192
5195 5349 192
5196 5357 192
5200 5366 192
5204 5373 192
5210 5383 192
