1 25 24
24 800 171
125 200 125
3000 5780 238
500 999 179
100000 500555 449
348 400 126
2 9 20
48 9000 262
650000 800000 504
55 128 119
314 756 171
250899 764325 509
3001 6872 262
129 500 144
4879 9982 262
1 99 119
2000 5781 238
256998 456123 449
1459 2341 183
8 11 20
29 87 116
118 781 171
256 280 123
3598 7618 262
981 1001 143
1265 2893 209
290 8000 262
12 287 128
3928 99991 351
3356 19820 279
19 77 116
169 276 128
8721 291000 443
67 117 119
1924 2567 209
746 1003 179
15 100 119
566 812 171
3 33 112
8729 10000 260
287 345 144
11199 77778 351
888888 999999 507
7 21 21
32 291 128
90 1256 182
567 837 171
211 392 144
4178 67289 340
458 1294 182
2 18293 279
23471 982341 525
66 7821 262
342 5887 238
121 234 128
99 1000 179
789 12394 268
145 259 128
391 2039 182
6892 182394 383
891 23481 279
20 38492 324
38 90 116
199 400 144
72 991 179
156 2890 209
56 9023 262
3 19 21
143 287 128
39 8881 262
2930 234819 443
45 259 128
892 348193 443
998 10039 262
22 8394 262
94 2384 183
83 13647 276
23481 934034 525
12 89 116
25 122 119
1 33 112
92 4578 238
387 672 145
1245 2874 209
358 9530 262
56 576 144
8 193 125
45 82340 351
1948 234829 443
39 5738 238
2849 34819 311
908 1003 174
17 289 128
3489 123647 354
66 287 128
26 378 144
4938 5678 236
67890 99999 351
10001 293481 443
91 234 128
347 993 179
18 27340 308
999 10005 262
77 123 119
2 17 20
390 5782 238
2834 4561 238
99992 1000000 525
883 4578 238
291 3920 238
