1 10 20
300 400 144
69138 40377 340
52453 91808 351
63131 45134 340
17587 9148 276
59153 327 340
73071 78093 351
16817 18203 279
34851 17882 311
36075 22769 324
62769 71937 330
88289 5401 351
74774 99095 351
45493 17020 324
81311 77278 338
84969 56220 351
59472 41319 340
77291 37128 351
56006 16740 340
50399 27217 324
73190 51134 340
44890 19803 324
64095 6702 340
14870 57547 340
42241 13594 324
22521 22052 269
38978 80047 351
92310 21582 351
84857 97128 333
69196 27087 340
86581 48321 351
4466 51510 324
6316 28932 308
45433 80753 351
49913 9087 324
69711 3072 340
72410 88902 351
58628 56905 304
24795 66836 340
73104 67310 325
96458 36759 351
10724 74315 340
64042 14673 340
13544 17918 279
54778 18579 340
28177 42052 324
59543 22950 340
12891 22149 279
66765 71136 312
43407 38796 306
46428 95671 351
8837 2685 262
24655 26389 264
50388 6717 324
18036 59940 340
69144 9457 340
19138 13164 279
49623 43986 314
93829 66253 351
50423 50524 234
43683 17225 324
39668 54943 340
53863 89125 351
30446 31123 254
98702 4505 351
37820 22704 324
15082 28213 308
29119 8756 308
9561 73592 340
79232 84313 320
79307 69772 351
67128 45011 340
37041 77675 351
6339 5830 262
48566 39880 314
7104 77751 351
13530 77877 351
5816 70127 340
6636 8050 257
48967 87511 351
56341 21160 340
2305 82900 351
53730 55895 260
6913 58401 340
42611 83444 351
33799 76592 340
71425 53877 335
36374 44619 306
12892 46575 324
25372 28966 308
92522 69314 351
19079 91518 351
83385 96437 333
99127 59637 351
27771 28776 259
99517 57673 351
84192 78985 320
5717 42757 324
26552 18987 282
79038 24169 351
1 1 1
