1 1 1
10 10 7
1 1000000 525
751 103 171
148 640 144
497 778 171
133 610 144
377 712 171
19 680 145
175 941 179
251 407 144
331 700 145
154 568 144
319 824 171
201 382 144
348 784 171
124 288 128
186 526 144
62 314 131
400 697 145
131 705 171
113 259 128
474 628 142
334 809 171
276 405 144
250 473 144
843 955 179
376 920 179
521 715 171
357 380 108
426 757 171
353 541 142
468 525 142
240 288 123
337 686 145
939 949 130
327 962 179
455 693 145
60 547 144
221 401 144
93 973 179
559 943 179
34 97 119
143 842 171
441 575 142
48 774 171
152 499 144
301 708 171
502 780 171
338 996 179
904 988 174
430 824 171
27559 71589 340
15704 24488 282
66674 91845 351
65489 71921 325
57091 73588 335
18219 45429 324
18401 85706 351
47107 47905 314
42306 60644 340
28237 51058 324
22246 65231 340
70864 75883 325
24572 49341 324
25758 51850 324
15742 20005 279
13858 55483 340
35242 88312 351
11876 31678 308
9548 30604 308
40482 56968 340
17016 82775 351
22537 89619 351
50778 68726 340
63814 86805 351
18296 95577 351
32442 81664 351
11330 20324 279
72268 85761 351
67769 71957 325
22743 88921 351
22320 45979 324
39450 60628 340
23212 51956 324
39307 53197 340
14244 54306 340
55990 61277 335
60518 68791 335
11682 86628 351
21400 58205 340
95722 97518 297
42313 73225 340
11614 39035 324
16719 70151 340
9733 45923 324
20731 59369 340
27586 55029 340
9877 11017 268
13262 46658 324
47119 62944 340
86189 90603 333
45811 76214 340
22603 40202 324
22124 88722 351
37243 93821 351
3565 89996 351
9042 70477 340
20418 61815 340
36848 46272 314
47124 67856 340
44183 70109 340
37596 71523 340
11278 89728 351
6294 59484 340
25250 42791 324
41024 99445 351
35114 97174 351
11129 61262 340
40234 45227 314
59172 62232 335
62946 83701 351
82694 96793 333
61808 92189 351
24231 56839 340
26337 68859 340
17420 30777 308
19433 93506 351
31487 61153 340
1530 26652 308
1692 60176 340
420 99856 351
79774 84764 320
71905 80484 351
93 77872 351
1030 37255 324
65810 78319 351
26086 42082 324
9939 94454 351
36383 87085 351
42820 49928 314
81405 91473 333
61270 65152 330
18481 48812 324
20434 22493 269
12023 39250 324
19117 27817 308
27437 52150 324
67245 78953 351
51801 84472 351
75716 93615 351
74092 6339 340
