1 10 20
100 200 125
201 210 89
900 1000 174
9 9 20
3 3 8
1 1 1
2 2 2
4 4 3
8 8 4
16 16 5
32 32 6
64 64 7
128 128 8
256 256 9
1073741824 1073741824 31
1000000 1000000 153
999999 999999 259
999999 1000000 259
195273 255539 443
399248 742385 509
413497 394885 449
140624 182420 383
28145 31968 285
335736 199915 443
161626 163534 339
46043 296011 443
454680 524152 470
75245 477295 449
378819 90396 443
87693 801815 509
112992 240033 443
122670 619397 470
489554 910547 525
475826 621210 470
229663 330211 443
33809 773377 509
322762 500625 449
237336 901868 525
477996 502776 426
62768 497439 449
329875 189331 443
40557 956301 525
468873 800560 509
120095 418984 449
113756 139789 349
351408 328015 441
30194 722769 509
15681 803455 509
16856 767506 509
170964 733502 509
86677 363108 443
463250 102331 449
277845 387638 441
260809 439997 449
428652 554849 470
145204 995731 525
296532 698014 509
395420 136775 443
42010 30180 324
187930 495223 449
244055 88260 443
76738 491545 449
247318 337525 407
204201 634256 509
421565 460597 418
306649 837704 509
225551 425150 449
41977 801412 509
438555 982797 525
102505 848381 525
34749 507065 449
159379 347699 443
378210 225129 443
78554 765483 509
150448 764607 509
180774 545322 470
164306 255176 443
170054 427224 449
284631 780366 509
205401 160444 365
495371 70285 449
383017 693898 509
108156 341133 443
15558 196576 383
453179 158266 449
187358 721711 509
227879 820614 509
474820 295737 449
483134 120591 449
123721 548762 470
306634 476197 449
76032 738588 509
360590 554873 470
498878 137304 449
479359 361200 449
277255 568960 470
14916 793947 509
145481 707730 509
169956 174546 347
337108 341238 366
340001 484926 449
48 48 12
1 1000 179
1 10000 262
10000 20000 279
20000 30000 308
30000 40000 324
40000 50000 314
50000 60000 340
60000 70000 335
70000 80000 351
80000 90000 333
90000 100000 333
100000 110000 354
110000 120000 349
120000 130000 344
130000 140000 344
140000 150000 375
150000 160000 383
160000 170000 370
170000 180000 347
180000 190000 365
190000 200000 360
200000 210000 373
210000 220000 386
220000 230000 368
230000 240000 443
240000 250000 368
250000 260000 363
260000 270000 407
270000 280000 407
280000 290000 389
290000 300000 371
300000 310000 371
310000 320000 384
320000 330000 384
330000 340000 366
340000 350000 441
350000 360000 379
360000 370000 410
370000 380000 423
380000 390000 436
390000 400000 405
6634 9053 257
9357 1920 262
2 999999 525
837799 1000000 525
1 837799 525
1 837798 509
837800 1000000 507
837799 837799 525
837798 837800 525
837700 837799 525
837701 837800 525
