1 10 20
100 200 125
201 210 89
900 1000 174
1 1 1
4 5 6
61 61 20
10 1 20
1 1000000 525
1 100000 351
1 10000 262
1 1000 179
1 100 119
99999 999999 525
999999 899998 507
10000 20000 279
20000 30000 308
30000 40000 324
40000 50000 314
50000 60000 340
60000 70000 335
70000 80000 351
80000 90000 333
90000 100000 333
25 70 113
103 320 131
113 569 144
802 1042 179
35 120349 354
343 10034 262
24230 439220 449
26 686 145
342 50248 324
10148 419347 449
2352 52344 324
73243 45467 340
947 354647 443
5234 15000 276
80 5249 238
587 79 144
526423 180 470
9545 5790 262
584359 8 470
52420 645513 509
402381 324564 441
348 624958 470
771 973448 525
46415 417 324
8485 6151 262
9422 9187 260
65536 2216 340
56703 7514 340
642 9966 262
226 914509 525
533526 834 470
127984 2740 354
9956 683623 509
9952 345136 443
7268 3721 262
8035 92775 351
55391 4960 340
244666 415608 449
782246 178740 509
354737 857408 525
3039 681143 509
2876 142 209
82963 449 351
28 257250 443
287 954649 525
483433 33618 449
6226 14568 276
470 5658 238
51 1221 182
5 33475 308
1524 64504 340
880 73838 340
57678 505 340
1933 859 182
1511 8916 262
5310 23257 279
8953 63266 340
1503 64866 340
3548 9647 262
3719 30872 308
499 93378 351
336 74745 340
2334 5196 238
5946 1784 238
9896 5572 262
1611 3791 238
775 4462 238
59 1634 182
9277 47281 324
102 5239 238
8848 5231 262
5195 7701 262
8 67098 340
918 7196 262
7656 13919 276
47711 594 324
47518 8586 324
9140 369 262
519 5628 238
1287 5377 238
2592 14997 276
284 1913 182
643 6710 262
75537 98889 351
