1 10 20
100 200 125
201 210 89
900 1000 174
10090 672832 509
1 1000000 525
10678 109876 354
789999 999987 525
590234 678678 509
30123 40123 324
123 456 144
1 100 119
516726 772834 509
124731 99458 354
198996 871285 525
817788 466227 509
206279 874013 525
397024 967670 525
507517 996143 525
529825 339517 470
401412 452430 449
907179 660441 525
863522 69025 525
789086 609639 509
725219 696429 504
225152 210309 386
595000 958132 525
597327 113117 470
417703 42399 449
975008 178539 525
384486 857942 525
302050 554954 470
480348 884313 525
397321 211376 443
118175 923568 525
259797 360210 441
632309 461058 509
291879 712408 509
569659 67104 470
298863 404435 441
408859 476932 449
21914 684972 509
886772 729615 525
148692 655668 509
686699 23974 509
812265 268106 509
69844 791378 509
239659 395042 441
107376 249935 443
619624 655726 509
897976 894975 370
317931 412876 449
30054 131208 354
138945 525239 470
924148 262643 525
776584 456881 509
345754 310832 384
476453 579368 470
482961 218399 449
580663 759155 509
537228 412727 470
282548 65604 443
56643 769111 509
642303 472234 509
865961 804267 525
578097 807960 509
381680 796795 509
67432 211632 383
217901 197081 386
642081 998573 525
284838 642079 509
643683 427189 509
693615 616268 509
491409 541465 470
790218 80499 509
720631 863742 525
369777 435039 449
374273 644089 509
207174 56085 383
995001 623406 525
283908 553898 470
655857 127747 509
377004 527330 470
346822 184636 443
808531 650915 504
88386 8256 351
941066 35720 525
413188 787077 509
481632 250214 449
319996 443406 449
785880 521508 509
999559 379854 525
333938 39742 443
513070 585231 452
384175 352007 423
740676 473646 509
378719 886946 525
143139 73957 375
369027 544883 470
819 1000 179
823 952 179
239 96 128
459 596 142
297 541 144
270 869 171
648 852 171
91 766 171