1 10 20
100 200 125
201 210 89
900 1000 174
1 1 1 
1 5 8
1 3 8
3 14 20
20 18 21
75 75 15
1 10000 262
10000 20000 279
20000 30000 308
30000 40000 324
40000 50000 314
50000 60000 340
60000 70000 335
70000 80000 351
80000 90000 333
90000 100000 333
1050 2002 182
1 1000 179
1000 2000 182
2000 3000 217
10 1 20
555 45000 324
2 998 179
2 9999 262
9999 20001 279 
100000 110000 354
110000 120000 349
120000 130000 344
130000 140000 344
140000 150000 375
150000 160000 383
160000 170000 370
170000 180000 347
180000 190000 365
190000 200000 360
10000 200000 383
1 1000000 525
762705 194848 509
642020 753864 504
497430 874495 525
830873 554881 509
358313 239215 441
914904 674726 525
511838 433430 444
111111 220000 386
963719 330872 525
4999 938378 525
435425 342343 449
123123 565463 470
76543 876543 525
234567 897654 525
233454 565465 470
423494 235632 449
321	345435 443
857646 999999 507
696969 606060 509
8 16 20
1337 566666 470
202 222222 386
65454 123456 354
32645 11129 308
101 202 125 
30 80 116
911 823000 509
25 52 112
86 3 116
2 1024 179
47 66453 340
69 666 145
4623 1 238
20000 9553 279
8 16 20
1337 566666 470
202 222222 386
3 64 113
1000000 999999 259
500000 1000000 525
750000 1000000 525
900000 1000000 507
3333 23 217
88888 777777 509
17 2018 182 
63 6655 262
775533 224466 509
2882 73373 340
1000 98989 351
1996 8008 262
19191 35 279
76567 2562 340
292999 888888 525
22 666666 509
923540 923542 171
745329 323429 509
3500 3505 88
9700 10001 242
97 55452 340
60000 180000 383
12 88 116
346811 147147 443
222244 2348 386
999998 11 525
303 305 43
221 4488 238
64 65 28
17993 18000 186
13475 348925 443