668010 462381 509
357257 769522 509
698988 631001 442
255327 271689 407
931865 232121 525
716094 834694 468
94107 916326 525
891536 475129 525
385014 851080 525
849382 500463 525
440285 178207 449
736388 730964 424
679420 5592 509
589234 136845 470
493405 669095 509
942309 418357 525
490068 64537 449
839270 851702 419
716847 79641 509
473485 864936 525
212892 508317 449
95411 446981 449
352049 535800 470
535280 897646 525
972017 658082 525
754904 963170 525
364776 706479 509
142059 73768 354
56196 203043 383
765838 475769 509
361468 941760 525
437776 75784 449
728203 207519 509
25751 754178 509
76396 567497 470
368893 968071 525
187475 706794 509
763973 815166 468
57865 492177 449
235476 601889 470
163233 118243 383
990846 605294 525
861651 763495 525
701887 492025 509
233140 264770 407
543421 733177 509
350230 652267 509
21565 29464 308
215741 838221 525
780135 995667 525
31254 149999 375
392296 533873 470
454635 571904 470
108911 455177 449
107053 358941 443
836860 390825 509
650295 68788 509
963620 228659 525
609273 868366 525
297644 912761 525
415457 985962 525
327595 375297 441
635 670008 509
779524 195107 509
613403 256951 470
412619 672962 509
379588 898238 525
254509 796353 509
771521 28564 509
882384 387478 525
856880 455457 525
511057 572554 470
359407 727141 509
63899 126879 354
748592 864470 525
176583 306423 443
400633 351972 436
784131 445487 509
993774 503082 525
310814 861240 525
806086 2416 509
240507 594631 470
777314 418344 509
31736 697276 509
340550 941734 525
116683 24051 354
559384 74725 470
308916 501116 449
765951 665449 504
350131 336218 441
268309 131290 443
418493 713947 509
500740 556709 470
85952 153490 375
878087 783912 525
779238 228198 509
468311 213319 449
942293 34476 525
364273 523996 470
43938 382610 443
