1 10 9
100 200 125
201 210 89
900 1000 174
4651 6543 218
134564 95687 354
814963 491011 442
999627 434081 450
450359 580792 470
293361 497601 449
687368 925955 450
876354 721308 450
695047 401995 470
397278 970041 525
117906 986491 525
585691 337090 470
741922 806886 468
59905 752635 509
885674 613819 525
483450 209565 449
737607 517717 509
33719 396507 441
537548 657338 509
689948 864926 525
232880 805954 509
591045 387113 470
762881 676517 504
145375 994820 525
587103 141343 470
77183 982421 525
163520 294683 407
62051 300232 443
62169 946403 525
660140 581607 509
59212 815803 509
233932 967633 525
712032 343726 509
104063 490894 449
128421 965052 525
832125 726127 468
714865 408388 509
168386 897735 525
380329 285969 441
949700 770259 525
257226 641291 509
897504 827614 525
676074 757504 504
983515 79258 525
149771 400483 443
513677 2230 470
905027 451820 525
735663 782713 468
900965 257273 525
575610 176852 470
104455 464594 449
859948 751317 525
874736 272885 525
729530 281432 509
947082 813047 525
81778 83574 320
715775 770278 468
279084 773832 509
82954 37483 351
265348 779209 509
168433 71765 383
641375 579563 509
812890 745980 468
478601 150541 449
873027 192955 525
999197 231642 525
361584 79435 443
28150 830134 509
993662 342196 525
435329 914409 525
91429 790286 509
952836 952613 277
209089 999543 525
728852 650227 504
864464 608469 525
827440 58292 509
761276 967922 525
390710 543504 470
447004 141778 449
449630 308132 449
364560 89861 443
952173 326711 525
966941 539605 525
822669 627217 504
223262 216477 355
842301 583217 525
918178 877236 476
320738 760068 509
93601 893469 525
152228 561030 470
134595 789455 509
572083 667044 509
328208 278945 389
20101 703316 509
275802 217533 443
773058 981120 525
1 1000000 525
