1 1 1
1 1000000 525
765913 453183 509
357743 576567 470
861585 15029 525
89938 648413 509
421172 657865 509
41176 220415 386
343826 919637 525
177755 302917 443
293448 963097 525
292117 320591 384
768292 600340 509
834975 682601 504
682826 242514 509
498566 253865 449
750114 456511 509
294147 7719 443
952671 130189 525
762705 194848 509
642020 753864 504
497430 874495 525
830873 554881 509
358313 239215 441
914904 674726 525
511838 433430 444
534739 66219 470
145582 514791 470
295066 305309 371
211646 262353 443
728421 549801 509
844142 130726 525
728089 993090 525
471526 557709 470
495393 777319 509
423639 849452 525
411028 468420 444
557397 700536 509
382804 519900 470
589052 26389 470
26770 861427 525
428573 416317 418
666444 620357 509
192505 786302 509
503149 23081 449
858681 867640 388
326072 423541 449
94516 598850 470
747445 569857 509
788253 700304 504
354885 889996 525
662984 121006 509
593450 922526 525
171249 439853 449
889906 857269 445
832930 183312 509
447191 85304 449
79904 559350 470
571055 835474 509
479834 328958 449
773682 270852 509
906962 658512 525
532083 739204 509
392871 380340 436
963367 120061 525
421792 628692 509
816782 473378 509
202825 814378 509
670345 646729 442
631216 121473 509
783735 743491 468
351796 249693 441
928489 180077 525
921746 966595 507
676193 321805 509
218343 89336 386
235182 445337 449
443052 189447 449
234076 47447 443
831181 359100 509
209082 385048 443
422615 694665 509
105960 910176 525
308028 881228 525
328979 515764 470
642045 662811 429
624462 825368 509
111280 890521 525
57184 36403 340
505278 690816 509
741324 376910 509
73867 798365 509
185191 477193 449
606698 232577 470
361404 841969 525
58595 103378 351
580125 201483 470
978828 708298 525
932469 955179 507
755835 94398 509
942297 119511 525
189269 905838 525
341716 317678 384
459830 97953 449
168593 244053 443
310717 508432 449
716901 442231 509
561470 168448 470
745177 645250 504
527117 443766 470
760914 365523 509
124394 316330 443
437940 516757 470
770241 345341 509
570987 823215 509
166970 356407 443
941242 138802 525
612303 50225 470
422210 478825 444
290741 81533 443
987862 10365 525
232920 642306 509
775401 186693 509
452139 372580 449
525280 439582 470
582486 251772 470
739082 138616 509
43949 135579 354
145753 633327 509
239189 518324 470
422994 511125 444
778594 261125 509
590747 776954 509
662950 312266 509
492501 582530 470
282443 884696 525
885492 173694 525
724986 723080 362
455395 780075 509
179638 403068 443
208767 609116 470
949109 523466 525
34486 261794 443
638998 934627 525
909641 76106 525
440171 447843 356
707136 271633 509
23214 204073 383
624358 200104 470
493450 52559 449
251148 388078 441
276053 902000 525
