1 10 20
1 1 1
201 210 89
900 1000 174
1 2 2
9 10 20
100000 100 351
100 1000000 525
10 29 112
20 31 112
30 40 107
40 50 110
50 60 113
60 70 108
70 80 116
80 90 111
90 100 119
100 200 125
200 300 128
300 400 144
400 500 142
500 600 137
600 700 145
700 800 171
800 900 179
900 1000 174
1000 1100 169
1100 1200 182
1200 1309 177
1300 1400 177
1400 1500 172
1500 1600 167
1754 1800 149
1800 1900 175
1900 2000 175
2000 3000 217
3000 4000 238
4000 5000 215
5000 6000 236
6000 7000 262
7000 8000 252
8000 9000 247
9000 10000 260
10000 11000 268
11000 12000 250
12000 13000 263
13000 14000 276
14000 15000 271
15000 16000 271
16000 17000 266
17000 18000 279
18000 19000 261
19000 20000 274
20000 21000 256
21000 22000 269
22000 23000 269
24000 25000 264
25000 26000 264
26000 4 282
27000 28000 259
28000 29000 259
29999 39786 324
31000 32000 285
32000 33000 267
34000 35000 311
36000 37195 262
37000 38000 306
38000 39000 244
39000 40000 306
40000 41000 288
41000 42000 257
42000 43000 288
43000 44000 270
67856 56989 335
45000 46000 314
46000 47000 283
47000 48000 314
48000 49000 296
49000 50000 296
50000 51000 278
51000 52000 309
52000 53000 340
53000 54000 322
54985 55768 260
55000 56000 260
56000 57000 322
57000 58000 304
60000 59000 304
61784 60000 335
62000 61000 317
63000 62000 286
64000 63000 330
65000 64867 224
66000 65000 268
67000 70000 312
70000 80000 351
56479 86701 351
70000 69000 299
23456 1000000 525
1000000 1 525
1000000 1000000 153
298457 1 443
