1 1 1
1 2 2
2 1 2
3 3 8
5 5 6
1 10 20
10 1 20
91 19 116
10 50 112
87 11 116
91 4 116
91 14 116
56 57 33
81 90 111
18 70 113
76 65 116
27 56 113
63 40 113
37 4 112
59 45 113
53 36 110
43 3 112
66 29 113
100 46 119
33 100 119
48 58 113
50 44 105
100 200 125
200 100 125
201 210 89
210 201 89
900 1000 174
1000 900 174
1101 801 179
801 1101 179
330 331 113
331 330 113
333 333 113
499 1000 179
1000 499 179
500 1000 179
1000 5000 238
649 1446 182
847 1220 182
1187 787 182
1826 1542 180
743 964 179
876 488 179
125 772 171
387 252 144
387 1436 182
482 487 142
1457 108 182
1223 271 182
1420 911 182
685 1134 179
1209 729 182
1720 1503 180
1440 203 182
1251 323 182
75 1688 182
1646 1329 172
3735 5125 215
3345 5377 238
7448 978 262
6311 3833 262
9914 9234 260
3907 2558 238
169 4482 238
5277 6324 262
2497 7923 262
3111 8036 262
167 9351 262
6481 7824 257
9741 4381 262
7072 1554 262
6143 3613 238
8543 8768 216
2870 7501 262
5314 6085 236
8883 7736 252
2716 8407 262
27781 70913 340
6595 67164 340
19411 50126 324
86445 90324 333
88360 16326 351
94075 48998 351
61078 88740 351
23151 86700 351
8829 49153 324
85452 46892 351
77248 98593 338
42532 94025 351
42836 62530 340
20217 40413 324
27802 62939 340
28809 33763 285
42012 89681 351
55782 67813 335
2567 28234 308
11720 90104 351
