100 200 125
201 210 89
900 1000 174
1 1000000 525
10 1000000 525
100 1000000 525
1000 1000000 525
10000 1000000 525
100000 1000000 525
1000000 1000000 153
1 1 1
1 10 20
1 100 119
1 1000 179
1 10000 262
1 100000 351
1 1000000 525
1 2 2
1 3 8
1 4 8
1 5 8
1 6 9
1 7 17
1 8 17
1 9 20
10 1 20
851343 676522 525
676522 851343 525
690120 963875 525
415982 591940 470
932094 992978 507
762338 984590 525
583036 640610 509
216903 364086 443
27632 666409 509
480489 982187 525
762792 814207 468
790146 963262 525
959215 984195 458
445195 878032 525
430439 766636 509
892354 941268 507
528189 604464 452
650598 942782 525
83756 161094 383
352695 362936 410
276920 448288 449
767098 859223 525
856616 915607 476
816334 818772 344
138693 921515 525
40500 565481 470
70828 789517 509
764821 810077 468
243565 249299 350
619965 858572 525
217420 898665 525
400875 439002 449
433937 881795 525
253831 364998 441
995200 995910 290
377654 493253 449
865359 882104 432
549507 593124 434
914645 979641 507
603631 680755 509
382631 829045 509
496844 904716 525
121400 961053 525
583528 713211 509
220887 365720 443
607660 853431 525
347772 518387 470
331284 419909 449
22352 873320 525
821201 836264 419
466450 599364 470
940691 955096 414
350772 831133 509
793218 981113 525
552380 930026 525
200801 419608 449
323854 998881 525
935993 975173 507
979659 999472 440
347361 916534 525
471064 473810 338
623636 665968 509
281276 926097 525
103079 210059 383
488470 972856 525
447694 637775 509
867202 946177 507
168009 611772 470
747533 748128 318
491021 975532 525
293026 770736 509
568768 826936 509
179914 578407 470
743855 883880 525
414884 902920 525
607445 724590 509
637369 837965 525
120597 331622 443
782908 965498 525
21610 607479 470
868996 895001 445
535795 910362 525
177898 304355 443
558206 627089 509
760560 781831 468
607082 969131 525
921340 998597 507
333828 958402 525
41189 683256 509
149770 762977 509
987923 990370 352
140333 879516 525
757303 954678 525
923170 985273 507
346396 682415 509
896618 990543 507
161045 549606 470
457545 710128 509
53993 848117 525
118459 730574 509
106077 213600 383
897289 963168 507
667956 883904 525
900119 951955 507
235673 750366 509
354974 419738 449
674952 678734 385
313246 380050 441
905765 960576 507
992410 995619 365
917379 986426 507
300920 338563 384
332045 735547 509
895089 977394 507
933006 973769 507
124806 466246 449
21238 798708 509
738335 743203 424
101573 271693 443
668218 928307 525
812955 971858 525
