1 10 20
100 200 125
201 210 89
900 1000 174
1 1 1
2000 3000 217
2000 2500 209
2500 3500 217
10000 11000 268
20000 25000 282
30000 33000 285
500000 510000 426
999999 1000000 259
500000 1000000 525
4500 5500 210
6 10 20
58000 60000 304
24374 64240 340
264817 357701 441
678435 973245 525
878841 903948 445
377395 648277 509
479722 989025 525
699720 998001 525
358188 401083 436
496547 556832 470
71887 378325 443
624646 631364 509
99922 478532 449
601406 784509 509
28847 915000 525
974774 987029 427
994454 998141 440
576038 799661 509
408841 684986 509
853150 963855 507
678285 785756 504
770062 913422 525
618406 757073 509
686307 724753 504
325301 499621 449
633272 864815 525
437123 479756 444
64896 521220 470
343337 705151 509
520969 594461 452
587632 850432 525
941250 991818 458
90705 681710 509
977370 995737 427
908782 949993 507
847913 990182 507
746193 924691 525
106182 824503 509
330091 926970 525
619839 699908 509
116251 608322 470
748725 959948 525
87183 289029 443
375802 568260 470
14730 292206 443
991706 994857 365
401493 743922 509
33830 238597 443
502269 560366 470
789572 910183 525
401872 977378 525
492802 682935 509
370856 921015 525
374315 896718 525
723461 928195 525
331120 539417 470
744702 772826 468
928116 994607 507
591716 746177 509
893018 923415 476
764055 998921 525
653571 865188 525
268877 538165 470
879551 962125 507
206990 595946 470
420427 498546 444
64034 360629 443
261952 933139 525
885767 953592 507
462148 572863 470
145395 232987 443
544368 649368 509
617151 623313 372
487021 548823 470
732131 910986 525
816821 896504 525
405599 775564 509
624321 628873 509
336625 943191 525
898256 917130 476
997129 997416 352
266218 648332 509
736310 766530 424
482366 539350 470
603559 988198 525
401401 959593 525
823712 913224 525
777766 855647 525
940313 959879 414
547861 830572 509
925669 969420 507
587455 720522 509
778390 964202 525
823448 909621 525
164360 272380 443
363815 793544 509
97998 817031 509
978154 981150 427
241231 560990 470
664275 955002 525
785381 859436 525
751425 949992 525
413467 845496 525
286182 727687 509
507077 996149 525
767036 918167 525
521502 835140 509
561033 614430 434
955062 981222 458
775451 992797 525
420408 706114 509
835430 896139 525
691662 832094 504
169866 429705 449
503520 797864 509
396556 866317 525
231876 445597 449
227908 304361 443
283247 981352 525
252066 527708 470
564606 678034 509
969051 986092 458
906064 926900 476
66073 160749 383
421725 895248 525
673657 882327 525
479829 861515 525
983882 987106 427
548462 748322 509
659279 984167 525
895507 959090 507
311910 705250 509
165080 751966 509
938129 974075 507
305445 902327 525
750835 784574 468
667007 790403 504
90022 440065 449
67696 599385 470
52337 570283 470
819794 958627 525
698567 706051 504
455572 956575 525
804313 881421 525
75350 818219 509
372387 932528 525
227998 968759 525
266148 562182 470
868500 999197 507
8653 133479 354
775680 838209 525
728823 760405 424
540129 589885 452
698996 817793 504
601140 890152 525
558924 756552 509
82131 926532 525
334627 570111 470
106439 490080 449
337444 412893 449
710813 963146 525
168864 711365 509
955180 990634 458
168654 329400 443
710729 874806 525
203465 961417 525
613272 942086 525
485294 757853 509
304386 363327 441
396801 801394 509
85518 853315 525
676237 780429 504
255392 341013 407
609448 756183 509
646227 996126 525
769873 806767 468
486200 500354 426
84476 921062 525
168978 305299 443
749243 882881 525
448509 560576 470
182444 483388 449
162267 989812 525
