289178 95504 443
109980 203016 383
225412 10022 386
679179 685741 380
843984 336605 525
501948 606188 470
666084 546648 509
855667 964148 507
225844 862828 525
585616 564328 434
752571 485739 509
800715 347465 509
649763 636829 416
788689 664980 504
373382 219625 443
838309 996440 507
355459 432849 449
249091 705907 509
482595 730132 509
672164 807984 504
101310 864245 525
199900 510932 449
804755 615032 509
96673 541703 470
824726 326336 509
73297 19602 340
867348 795848 525
807114 363269 509
131800 837209 509
919368 893825 476
655362 302123 509
354032 919129 525
503403 75550 449
699544 315527 509
760812 285471 509
66993 561721 470
752578 12119 509
79495 406979 443
398090 538171 470
823046 70001 509
844319 944850 507
89205 323561 443
107232 992939 525
583745 527982 452
69922 297080 443
538882 459734 470
14121 8141 276
953849 86942 525
205318 401062 443
853447 679893 525
206491 587621 470
589603 282574 470
170948 742007 509
936112 548346 525
609805 765005 509
66176 917445 525
391705 284076 441
510679 185586 449
93892 911060 525
259497 373846 441
897518 223852 525
855624 976047 507
822916 350893 509
85927 885797 525
12385 295124 443
355887 130883 443
817266 210483 509
204654 466110 449
361237 354387 410
239356 647776 509
570242 539288 452
252266 60699 443
778398 369845 509
78547 440799 449
547991 8955 470
102402 955855 525
521163 317835 470
841025 124635 525
698454 436278 509
11171 952290 525
939350 689554 525
545166 347336 470
560185 149153 470
698607 345990 509
87222 291801 443
494786 718698 509
811499 684287 504
681970 71125 509
230797 501775 449
566565 444547 470
971385 745860 525
265103 504273 449
251469 989594 525
841161 258234 525
989861 288693 525
561986 348833 470
582311 895599 525
579017 684058 509
436573 602815 470
679642 59946 509
437014 795529 509
834519 794433 468
965832 260970 525
810662 939147 525
