1 10 20
100 200 125
201 210 89
900 1000 174
1 1 1
1 2 2
2 2 2
1 3 8
2 3 8
3 3 8
10000 20000 279
20000 10000 279
12345 54321 340
8989 9898 260
2000 2500 209
2000 3000 217
2250 3000 217
78828 123454 354
121 122 96
1111 1111 32
2222 2222 33
195667 200000 329
20000 30000 308
500000 750000 509
20053 45000 324
87878 767489 509
10000 1 262
85652 98239 333
2747 3483 217
10 250 128
32900 38894 324
19499 38281 324
97284 90372 333
12948 13472 276
48274 28472 324
10348 11000 268
11947 12023 188
1235 1974 180
20230 29994 308
277400 277482 283
8778 9000 247
4500 5402 210
67653 67710 312
44829 47693 314
55455 55555 260
66676 66766 237
2122 2322 183
11232 11300 206
77574 77893 245
43526 44123 270
56753 58395 304
92482 93485 315
28482 28682 197
1244 2048 180
58295 60184 317
3492 4028 238
5858 6507 262
9328 11380 268
8486 9672 260
2342 3856 238
58438 62058 335
682749 683952 380
5729 6738 262
1134 2347 183
100 482 144
352 139 144
582 376 142
6 30 112
683 870 171
2854 4027 238
5829 5722 205
56826 68398 335
48659 42958 314
3592 5684 238
4839 6949 262
2245 4339 238
1 48 112
3 68 113
98 104 88
6793 8049 257
285 104 128
4056 6703 262
783 1053 179
5932 4934 236
98839 100000 328
582 935 179
1 600 144
6839 4569 262
5928 5693 218
285 205 128
703 1005 179
6938 7205 257
5095 6304 262
7080 8495 252
2850 4038 238
58295 61054 335
868482 868491 220
58218 57295 273
2449 3220 217
5938 6937 262
69385 70000 299
29848 28598 272
47481 48657 283
2344 1958 183
3482 3482 31
4028 5202 215
3405 3406 62
1285 2405 183
4867 6038 236
285 304 118
85 245 128
457 284 144
692 859 171
