128380 535886 470
327070 928830 525
488569 620171 470
212442 128305 383
552111 282364 470
718776 82925 509
733101 309718 509
639336 349182 509
147234 506001 449
47080 744048 509
761408 277688 509
632686 376733 509
457182 159902 449
914047 659126 525
367913 566403 470
808286 355311 509
533686 757463 509
874777 704571 525
108011 784515 509
921232 544954 525
428303 883081 525
323543 749934 509
504517 556791 470
822845 493549 509
968887 326630 525
700269 649299 442
982189 51033 525
596030 231171 470
830540 606856 509
119111 262592 443
31730 201282 383
44202 506244 449
110545 461446 449
963418 624684 525
332248 731138 509
138087 138609 313
2220 836801 509
814598 97977 509
862223 383976 525
770979 234645 509
570455 618757 447
909057 843008 445
824965 670612 504
770849 13666 509
154607 257370 443
730768 771768 468
16902 99915 351
650884 611231 509
141452 341421 443
470106 969933 525
417162 415661 387
67985 24085 340
340047 679065 509
162919 582645 470
538090 573213 452
815219 237259 509
898425 679719 525
398150 162979 443
636380 16740 509
598439 755357 509
354583 929336 525
538727 54170 470
28977 543160 470
686126 833148 504
915240 244538 525
272831 419521 449
538030 177263 470
473183 949353 525
680929 203790 509
408522 860447 525
558635 479322 470
974579 17659 525
414126 508961 444
453483 47325 449
256244 372620 441
675509 691545 398
577824 99710 470
382548 833070 509
303373 699575 509
815761 215416 509
809423 915308 525
864597 100595 525
817573 228856 509
274865 520013 470
89244 917291 525
968101 868008 507
678910 720599 504
412271 424393 418
196738 581395 470
650231 531560 509
28251 829587 509
34888 607069 470
873121 498389 525
235114 923212 525
455484 177401 449
963328 872809 507
634018 360953 509
472564 871115 525
420824 189468 449
623918 390386 470
