1 10 20
100 200 125
201 210 89
900 1000 174
1 2 2
1 50 112
1 100 119
1 1000 179
1 10000 262
1 100000 351
1 1000000 525
200 300 128
225 319 131
319 225 131
800 700 171
8000 7000 252
9000 10000 260
10000 9000 260
9999 10000 92
9950 1050 262
105 200 125
106 200 125
107 200 125
108 200 125
110 200 125
111 200 125
112 200 125
113 200 125
114 200 125
121 200 125
133 200 125
144 200 125
155 200 125
166 200 125
177 200 120
188 200 120
199 200 120
12345 54321 340
54321 12345 340
998 998 50
100 100 26
12345 12345 51
54321 54321 40
2 1000000 525
2000000 2 557
800 801 60
800 802 60
600 601 57
123321 345232 443
1000000 1000000 153
2 2 2
2 3 8
2 4 8
2 5 8
2 6 9
2 7 17
2 10 20
8888 9999 260
9999 8888 260
1 1 1
2 1 2
400 500 142
444 555 142
999888 888999 507
200345 201345 311
654738 743913 504
843998 392129 525
749301 483294 509
4732124 41 597
14 54 113
13 53 112
16 56 113
17 57 113
18 58 113
19 59 113
20 60 113
200 210 89
201 211 89
202 212 89
213 203 89
6077 6078 156
9875 9876 136
3245 3246 137
9007 9008 79
54372 42173 340
43824 47324 314
432904 86943 449
5793 47945 324
89543 58964 351
9605 14312 276
860034 18201 525
459332 743842 509
81029 94302 333
12 13 10
1 1 1
2 2 2
1234 12345 268
98 980 179
65 64 28
76 75 23
102 208 125
