1 10 20
100 200 125
201 210 89
900 1000 174
298576 689837 509
676120 484333 509
288520 915866 525
211035 278725 443
746952 680482 504
575963 858227 525
961534 631870 525
817391 593293 509
110017 935508 525
49705 112698 354
102484 119417 354
257074 224946 443
982986 488234 525
430653 825227 509
432782 728798 509
418634 694039 509
178371 731358 509
647223 94753 509
373479 466892 449
665873 858259 525
234984 638930 509
270800 241835 407
353628 715018 509
650525 88190 509
200888 982145 525
101561 700230 509
443675 821872 509
310106 358636 441
702362 945161 525
673958 259258 509
953297 135144 525
385001 92591 443
187345 131667 383
117058 32224 354
408982 560824 470
718253 782932 468
543266 643966 509
877483 989053 507
77242 896894 525
879039 528007 525
746737 796630 468
137001 980600 525
857735 708911 525
654071 447107 509
224864 78596 386
732240 328028 509
939120 178160 525
828327 117240 509
667964 126464 509
205787 945386 525
246816 76945 443
239411 924040 525
431592 790082 509
205475 116893 383
163400 27333 383
823964 603013 509
583612 428636 470
137546 960965 525
926571 959847 507
38442 310117 443
638145 151434 509
848094 770682 525
406421 577264 470
222227 194919 386
140304 74385 354
669830 946514 525
870554 387120 525
695702 909241 525
544634 302145 470
329478 901177 525
504189 226533 449
655169 671941 442
151404 606300 470
84645 311214 443
621331 77974 470
747908 641587 504
930768 777976 525
873739 114500 525
309420 337189 384
411574 95966 449
42479 968224 525
873844 81403 525
509144 431532 444
252176 569545 470
989221 572277 525
317309 100154 443
290594 11908 443
136707 972478 525
283691 441999 449
38472 739853 509
381439 423522 449
201497 304880 443
419380 830707 509
167895 75235 383
689701 247299 509
215523 97968 383
697871 250680 509
200711 607866 470
695910 207014 509
297790 452888 449
71541 203629 383
734037 615099 509
106075 362135 443
804134 870744 525
129095 908267 525
331788 842607 525
665986 510535 509
1 2 2
859741 51784 525
127019 85365 354
851165 27635 525
125603 335220 443
585900 585187 359
193052 823474 509
548988 305110 470
757998 407461 509
611090 365277 470
498876 829539 509
710174 345126 509
734369 604951 509
513217 514307 351
875413 863465 432
892499 363504 525
415288 541398 470
145263 752239 509
1 1000000 525
779874 60807 509
396027 514927 470
100113 423976 449
765949 500426 509
805536 293165 509
700626 833436 504
198713 82033 383
430071 830215 509
175340 697589 509
821039 140244 509
173051 909709 525
291672 852756 525
216259 566963 470
626861 184170 509
454908 150047 449
210854 772124 509
287050 753281 509
695756 125380 509
625806 905663 525
5 69 113
198827 461705 449
295140 949841 525
31873 417952 449
248166 12352 443
228440 980445 525
120688 942006 525
370213 49479 443
420734 293739 449
379202 661886 509
364555 636993 509
787040 6062 509
296685 819464 509
91243 516393 470
641773 583735 509
489397 787000 509
767204 267578 509
217419 206723 386
143174 580843 470
593196 767792 509
748236 909840 525
851845 340135 525
908114 387424 525
199662 740557 509
402442 328847 441
484340 578864 470
584926 285497 470
623460 271379 470
306272 881611 525
983845 714703 525
20201 948045 525
215623 991741 525
716963 787405 468
368248 951542 525
237832 378636 441
288475 479943 449
820078 986069 525
891992 658819 525
917876 246691 525
575538 91653 470
670518 838817 525
124313 578377 470
368256 773943 509
174053 266272 443
499475 674528 509
622572 676397 509
668138 519676 509
825581 838195 525
