1 10 20
100 200 125
201 210 89
900 1000 174
1000 900 174
1 1000000 525
100 100 26
1 1 1
837800 873805 432
940120 940130 171
545457 210888 470
855978 186560 525
253113 304493 407
330866 299644 384
117754 884049 525
224352 66251 386
787414 747416 468
404284 910469 525
780133 196667 509
203449 308754 443
617589 755218 509
559017 773182 509
126137 840324 525
969638 134134 525
917115 550649 525
772401 794861 437
995084 922653 507
490324 879193 525
880674 38052 525
360233 74322 443
117288 832728 509
975859 630709 525
429805 959030 525
949117 400348 525
379945 602811 470
976699 909303 507
480534 816854 509
805365 538053 509
348381 503112 449
831255 583707 509
882867 599770 525
278921 5224 443
49801 565282 470
449226 613323 470
128334 875381 525
963658 17550 525
845208 57332 525
10389 764275 509
98835 611747 470
40095 968285 525
594028 648418 509
904652 561317 525
712125 329739 509
392454 175704 443
913418 426628 525
203185 637335 509
913565 670485 525
324444 365573 441
695295 211335 509
368118 406454 436
442439 114630 449
532776 613240 452
953244 421200 525
498425 519723 470
130946 53079 354
998391 585279 525
246856 595305 470
657743 979480 525
618260 424248 470
5702 622815 470
577169 215763 470
420504 676686 509
792063 994436 525
738011 127299 509
26283 288124 443
849048 279297 525
517239 783090 509
279243 682377 509
381637 732179 509
40532 306545 443
476127 906786 525
476748 136631 449
726143 4077 509
150713 654558 509
858353 750453 525
14190 980480 525
330245 523429 470
158915 171790 370
887487 372147 525
513117 353615 470
606277 598425 403
461104 81628 449
100617 755005 509
58691 433010 449
976319 945268 458
192705 632574 509
848052 364213 525
436702 98253 449
954524 699457 525
152999 796106 509
