1 10 20
100 200 125
201 210 89
900 1000 174
10 1 20
1 1 1
6 6 9
999999 999999 259
766356 135919 509
497711 53294 449
475178 85386 449
914830 380369 525
562119 576628 421
121487 532377 470
256392 149297 443
169284 191341 365
643035 670710 442
756537 982889 525
526621 3235 470
370499 680131 509
642784 905944 525
989474 962780 458
357929 830855 509
337255 305614 384
695591 517221 509
505581 573242 470
449675 937250 525
990280 998066 440
117817 116513 305
499206 117508 449
377181 201470 443
426875 10579 449
322789 986889 525
366668 274183 441
812812 329554 509
894510 57043 525
700568 646722 442
339220 626372 509
40336 194335 383
225917 197218 386
914669 33766 525
900170 983869 507
623722 704334 509
342391 736230 509
842898 471812 525
684221 721530 504
155376 801859 509
932148 340030 525
989061 787929 525
806861 739099 468
726015 599168 509
286621 934351 525
65912 582597 470
226799 962079 525
950036 949372 352
362585 176009 443
599300 683516 509
401991 393154 405
72168 687808 509
773031 971848 525
464135 41997 449
849585 695151 525
942062 936187 507
655936 282216 509
567023 753414 509
643292 9966 509
220056 913709 525
531726 834000 509
170284 272840 443
994556 689823 525
99052 3451 351
720568 375821 509
802135 927675 525
553791 491360 470
241466 410708 449
782116 119640 509
350737 879408 525
908639 613143 525
692876 901142 525
893963 876449 445
552128 233250 470
299887 954649 525
489823 394618 449
6656 141168 354
507470 565058 470
518512 485390 470
145355 146777 357
505662 552222 470
830927 472499 509
254346 5327 443
38498 898916 525
62373 887951 525
295062 647022 509
231853 564208 470
553745 426952 470
261033 581522 470
545847 697193 509
636194 935110 525
533436 491911 470
999303 319431 525
884903 498660 525
592782 463326 470
263499 127621 443
132266 446792 449
284685 614098 470
526194 992821 525
915994 584433 525
288036 358018 441
523112 52427 470
24207 125892 354
747261 662907 504
794865 817415 468
803191 802209 388
954396 571022 525
974753 271162 525
268062 973203 525
4023 588601 470
587650 890422 525
645110 449347 509
728204 627307 504
865459 990250 507
354152 898842 525
72542 275390 443
717364 221960 509
44439 91408 351
769119 856178 525
181978 943778 525
183676 554053 470
528895 295494 470
653297 858465 525
230532 796514 509
961893 439594 525
692016 335899 509
101597 858819 525
575043 977506 525
629131 726090 504
826692 283017 509
713902 649972 504
232588 675434 509
568193 956343 525
450884 712704 509
810796 67775 509
871712 123103 525
795047 690774 504
110066 370230 443
732743 851422 525
108564 89106 354
686510 312060 509
334064 9845 443
431326 487373 444
331854 443854 449
787701 434831 509
303416 86539 443
717374 125625 509
700446 856302 525
293864 86401 443
817180 90118 509
163202 452101 449
