70 933 179
93 1166 182
552 10277 262
250 1735 182
40 870 171
104 1298 182
307 10174 262
926 3519 217
100 1075 179
151 1739 182
990 1757 182
147 9901 262
30 386 144
97 982 179
158 5333 238
298 9242 262
87 744 171
134 1507 182
327 6988 262
175 5172 238
79 261 128
132 282 128
362 904 179
939 7991 262
27 985 179
37 1469 182
196 3960 238
682 8397 262
52 347 144
76 1303 182
573 5870 238
414 7137 262
38 527 144
111 1359 182
929 6711 262
330 2218 182
75 858 171
110 1437 182
667 4726 238
587 2184 182
42 665 145
52 1086 179
337 5413 238
717 2270 183
96 263 128
148 1181 182
973 10047 262
426 1504 182
35 119 119
77 670 145
1004 4699 238
472 2291 183
60 254 128
68 558 144
1018 7237 262
771 6511 262
50 168 122
90 274 128
734 9186 262
268 9610 262
79 160 122
128 755 171
750 1771 182
212 825 171
29 36 107
68 440 144
842 1439 182
295 9330 262
85 607 144
172 1185 182
379 825 171
802 2961 217
15 772 171
96 1442 182
417 10662 262
239 8648 262
4 926 179
11 1528 182
254 4517 238
190 8568 262
87 659 145
141 1210 182
826 7442 262
552 8317 262
25 146 122
74 921 179
392 1641 182
428 6942 262
73 144 122
138 1058 179
496 1251 182
290 7043 262
80 351 144
126 771 171
868 6345 262
215 7199 262
57 244 128
118 1032 179
541 2247 183
137 435 144
21 37 112
63 269 128
1012 2402 183
477 10058 262
97 478 144
141 1233 182
1049 9335 262
646 4873 238
70 879 179
111 1605 182
800 3098 217
608 6302 262
14 688 145
83 1124 179
776 2798 209
461 10470 262
2 406 144
32 1377 182
64 7630 262
753 9234 262
78 651 145
172 1400 182
599 4010 238
402 7255 262
59 413 144
107 831 171
307 10093 262
665 4270 238
34 573 144
60 812 171
346 5984 238
650 911 179
79 422 144
83 705 171
1050 5716 238
307 7536 262
22 712 171
77 1439 182
343 3381 217
533 7586 262
87 605 144
175 1237 182
187 7148 262
785 5444 238
62 380 144
125 488 144
405 3688 217
423 3144 217
40 402 144
71 980 179
364 5806 238
190 8170 262
46 711 171
87 1532 182
97 10694 262
482 5194 238
56 169 122
104 193 125
429 6323 262
169 9960 262
76 289 128
156 1028 179
698 3894 238
870 9482 262
53 320 131
130 646 144
548 6984 262
385 6363 262
69 574 144
81 1307 182
623 8232 262
742 5995 238
1 555 144
16 839 171
759 8284 262
886 4080 238
72 970 179
80 1608 182
247 8534 262
1020 4703 238
50 967 179
58 1854 182
917 5617 238
469 3283 217
95 772 171
105 1269 182
197 6332 262
345 8438 262
54 589 144
120 887 179
675 1875 182
41 2820 209
3 517 144
23 1472 182
188 8076 262
120 4112 238
21 316 131
62 1246 182
952 9777 262
965 7938 262
