16808 975249 525
150074 443658 449
108931 711272 509
27545 350878 443
277924 737709 509
64441 938165 525
484493 743042 509
307988 22503 443
282328 31729 443
378841 42612 443
44304 333169 443
317710 597157 470
129561 70933 354
493100 780278 509
351817 295335 441
399098 307826 441
113513 429267 449
223811 377633 443
80980 879149 525
236580 58821 443
11968 510672 449
401394 319336 441
125486 591745 470
425229 394091 449
140195 686357 509
35002 421153 449
116709 857944 525
15669 71490 340
288125 202196 443
9531 560903 470
227723 954666 525
228550 618024 470
297802 306853 371
40978 347408 443
308229 874933 525
260299 438981 449
28636 908013 525
123866 889814 525
239064 54536 443
339426 501669 449
224116 720094 509
75630 946501 525
46518 434195 449
30106 310404 443
319452 694298 509
282189 321123 389
299506 746882 509
406753 231566 441
436717 630337 509
354439 553144 470
351502 344897 441
283872 455828 449
111138 119358 349
153178 482397 449
222295 977904 525
121610 446231 449
459746 344175 449
353636 766298 509
98143 380399 443
327969 590412 470
400261 173557 443
441595 188008 449
216396 825968 509
119114 704530 509
471007 410962 444
297943 785365 509
342083 679852 509
30768 133821 354
185696 324712 443
473672 359901 449
248591 224831 443
314739 653057 509
131617 319790 443
55641 610679 470
437336 577006 470
497973 436098 444
149096 475319 449
83455 845223 525
112290 56760 354
448906 86126 449
236124 629506 509
45814 976770 525
435239 829094 509
396221 487844 449
212367 640534 509
225227 415394 449
441364 818738 509
107845 59590 354
436551 645159 509
308624 264947 407
97386 807217 509
195273 255539 443
399248 742385 509
413497 394885 449
140624 182420 383
28145 31968 285
335736 199915 443
161626 163534 339
46043 296011 443
454680 524152 470
75245 477295 449
378819 90396 443
87693 801815 509
112992 240033 443
122670 619397 470
489554 910547 525
475826 621210 470
229663 330211 443
33809 773377 509
322762 500625 449
237336 901868 525
477996 502776 426
62768 497439 449
329875 189331 443
40557 956301 525
468873 800560 509
120095 418984 449
113756 139789 349
351408 328015 441
30194 722769 509
15681 803455 509
16856 767506 509
170964 733502 509
86677 363108 443
463250 102331 449
277845 387638 441
260809 439997 449
428652 554849 470
145204 995731 525
296532 698014 509
395420 136775 443
42010 30180 324
187930 495223 449
244055 88260 443
76738 491545 449
247318 337525 407
204201 634256 509
421565 460597 418
306649 837704 509
225551 425150 449
41977 801412 509
438555 982797 525
102505 848381 525
34749 507065 449
159379 347699 443
378210 225129 443
78554 765483 509
150448 764607 509
180774 545322 470
164306 255176 443
170054 427224 449
284631 780366 509
205401 160444 365
495371 70285 449
383017 693898 509
108156 341133 443
15558 196576 383
453179 158266 449
187358 721711 509
227879 820614 509
474820 295737 449
483134 120591 449
123721 548762 470
306634 476197 449
76032 738588 509
360590 554873 470
498878 137304 449
479359 361200 449
277255 568960 470
14916 793947 509
145481 707730 509
169956 174546 347
337108 341238 366
340001 484926 449
