1 1 1
1 1000000 525
1000000 1 525
644 210 144
839 983 179
968 915 174
705 82 171
243 548 144
953 458 179
790 51 171
774 500 171
995 677 179
254 744 171
189 445 144
207 236 128
675 195 145
347 903 179
286 200 128
165 270 128
226 729 171
140 164 117
437 541 142
821 520 171
375 192 144
593 226 144
137 392 144
694 260 145
754 499 171
511 684 145
383 242 144
611 517 137
499 342 142
203 901 179
7841 9068 252
4534 8398 262
2119 415 182
5845 836 238
4021 58 238
1056 7393 262
883 2789 209
9818 7874 260
4444 2955 238
8868 8835 172
4807 4266 215
2327 4656 238
8513 3105 262
6495 5669 262
4519 4018 215
7363 2736 262
2750 5206 238
3532 8911 262
5627 5863 218
5573 8309 262
3089 9024 262
2803 4757 238
8901 9548 260
8952 9419 260
442 9799 262
7026 7117 151
5987 7169 262
133 6653 262
5453 3541 238
6941 1057 262
92502 14331 351
67190 26630 340
2198 75242 340
70128 81036 351
63123 32734 340
64209 40773 340
83732 93877 333
49729 46096 314
20426 93678 351
8511 10289 260
22603 2616 279
43847 96858 351
59441 86590 351
66062 89373 351
67185 23600 340
41123 4322 324
39843 43354 306
88471 11258 351
5084 63939 340
21981 25213 282
3211 94214 351
95149 66606 351
74070 18028 340
97744 65453 351
7103 31204 308
38657 91817 351
96559 51311 351
79681 81471 320
47156 38862 314
14697 68071 340
874770 345731 525
418010 338536 449
588337 956236 525
467049 505233 426
665572 66697 509
287917 497543 449
492812 688283 509
219608 228049 368
302134 558176 470
257545 375934 441
703222 183913 509
26182 356163 443
460304 283385 449
117722 223028 386
118824 680504 509
147775 72323 375
143156 232886 443
793815 91503 509
422682 711649 509
85454 539887 470
111284 804124 509
3978 994639 525
694025 382405 509
606072 321791 470
992807 588622 525
743867 698729 504
527080 887083 525
641049 996442 525
390054 323687 441
230849 543083 470
