1 10000 262
1 20000 279
1 500 144
500 1 144
1 1 1
2 1 2
500 750 171
1 999 179
1 999999 525
23139 293241 443
57918 384878 443
84001 289602 443
83953 304736 443
22984 747504 509
25895 618269 470
4392 799574 509
43177 441783 449
14139 20834 279
54793 979851 525
56798 17764 340
70325 412932 449
89196 618130 470
92711 175345 383
34542 146840 375
67244 590532 470
72525 349499 443
75368 691519 509
31279 493185 449
54257 621677 470
1442 635510 509
91510 390966 443
29922 369373 443
30583 726761 509
9926 240896 443
93141 973437 525
65934 795842 509
28459 61216 340
97197 280044 443
57232 618958 470
10444 237972 443
87970 377319 443
94874 688997 509
96657 877282 525
48329 625741 470
76282 323902 443
48084 718024 509
8381 865051 525
16982 784868 509
71992 451767 449
18104 755008 509
75362 172984 383
72901 138910 354
59558 120729 354
62071 586311 470
76737 141816 354
20957 99014 351
37152 384983 443
3958 48399 324
17591 187137 383
15561 925691 525
8959 803746 509
13459 489264 449
89988 448981 449
7377 562308 470
16468 944842 525
65387 839045 525
1652 273045 443
50674 947145 525
90290 286547 443
54456 381449 443
84601 942339 525
45936 33005 324
24684 200320 383
37468 157148 383
87673 164359 383
87405 644019 509
43645 601491 470
68077 883825 525
14725 247137 443
76681 242547 443
68605 80492 351
98758 483716 449
45827 839794 525
25253 640920 509
60294 328294 443
49723 20080 324
17947 772548 509
91481 213181 383
8691 468793 449
23323 929214 525
66729 357439 443
60917 155526 375
31847 556990 470
15881 876458 525
53028 11288 340
62557 607999 470
89177 954635 525
96018 692975 509
73126 274296 443
33375 842262 525
59996 851622 525
74431 350606 443
79121 554949 470
57323 773535 509
81136 223493 386
35775 534495 470
77977 748326 509
62016 856211 525
52671 314342 443
92965 276699 443
21415 368133 443
30291 397643 443
56513 611801 470
7032 403616 443
1207 412932 449
16267 971149 525
66500 688699 509
88206 124637 354
59498 896833 525
90313 302968 443
56992 534916 470
61847 468498 449
5383 952520 525
19609 421047 449
55963 449694 449
99057 162272 383
62963 850823 525
1550 383139 443
72199 938600 525
80701 837268 509
62822 992909 525
96319 543898 470
30624 78433 351
59976 326499 443
43801 430880 449
41510 798573 509
8321 740039 509
18283 935075 525
88279 575334 470
6548 727350 509
36222 154056 375
37121 406781 443
72482 196530 383
39676 453888 449
31353 438758 449
74249 694045 509
4420 115871 354
85784 696632 509
20630 679416 509
39887 615092 470
65200 675740 509
70086 744376 509
45648 768946 509
39381 420867 449
62142 755177 509
3624 32183 308
45319 287582 443
28031 389806 443
53972 411837 449
