1 10 20
100 200 125
201 210 89
900 1000 174
1 1 1
1 2 2
1500 11000 268
1 1000000 525
1000000 1000000 153
1000000 500000 525
357311 363522 410
251248 375149 441
566197 429816 470
266907 652844 509
783046 470898 509
87866 828812 509
192561 333955 443
330270 356602 441
893913 431903 525
318738 280092 389
537718 440329 470
730708 206791 509
464641 463378 338
590149 185640 470
28640 143378 375
54529 188463 383
348940 272263 441
230088 898952 525
533031 21202 470
255342 768102 509
482258 192367 449
590098 330468 470
359703 738669 509
78867 737773 509
496296 672272 509
661875 840903 525
962767 783840 525
993306 744984 525
601572 687600 509
553607 543739 452
67104 359944 443
770373 745774 468
188191 593233 470
652352 885392 525
851143 512365 525
775885 550082 509
678482 439558 509
980617 675629 525
65252 172484 383
808595 312929 509
652623 80288 509
130774 467629 449
739326 712212 424
686196 573293 509
473179 624063 470
616464 865797 525
5291 768899 509
750745 823495 468
622177 403066 470
412731 711451 509
287930 330639 389
66092 702871 509
130331 374505 443
776219 727371 468
883121 276094 525
624500 489598 470
203440 358977 443
958114 941985 414
698108 106699 509
419658 821702 509
414304 528510 470
108991 426756 449
613369 133805 470
202482 858761 525
564966 389347 470
228390 46230 386
573535 976054 525
800631 276371 509
477996 388716 449
638764 652471 416
889893 702105 525
698830 820515 504
440235 235753 449
73219 540343 470
589911 324904 470
750527 786034 468
308343 683557 509
675983 717243 504
639049 813441 504
344005 326956 366
385050 97392 443
734130 764367 424
602741 406640 470
288852 559417 470
191885 445034 449
86451 179752 383
156975 19126 383
244122 212523 443
631423 282838 509
907042 569603 525
238593 728750 509
354134 596102 470
573228 692059 509
940781 345792 525
982606 761413 525
527692 239596 470
121329 658955 509
971630 748771 525
233262 115213 443
422432 966948 525
569356 975936 525
821527 324962 509
481143 298756 449
339933 110417 443
131228 949953 525
905698 607430 525
452664 229627 449
769123 803760 468
973198 445685 525
66044 302653 443
164795 647391 509
186676 727059 509
355119 542066 470
22704 972355 525
375518 108145 443
307283 915863 525
700537 874466 525
655403 64953 509
820661 433171 509
150309 477614 449
590034 848426 525
434728 282171 449
504235 598662 470
682702 557673 509
354294 495473 449
831721 408299 509
289127 138227 443
105323 994661 525
237685 745514 509
831938 511545 509
137467 5979 354
416720 491900 444
121168 707350 509
984917 591442 525
348291 723524 509
234082 75345 443
200759 945986 525
650750 331053 509
479126 646295 509
178052 55330 383
814384 393534 509
229284 238116 443
66531 408198 443
365987 979629 525
934085 277914 525
368541 776122 509
194041 25655 383
10888 114120 354
387956 483764 449
745139 928715 525
