1 1000 179
1 3000 217
999 3000 217
488 6134 238
7649 1247 262
38761 19871 324
1 2 2
1 10 20
4862 14 238
124 98563 351
999999 1 525
135475 356874 443
12489 35478 311
945247 546879 525
101 199 125
199 101 125
325 8754 262
698 12 145
68013 106871 354
620987 620990 186
40876 40987 288
336 1678 182
856 8645 262
410 61098 340
10 864 171
8956 420 262
15 1 20
41 320 131
153 45 122
5224 53623 340
365469 525288 470
520206 250 470
216597 710483 509
4123 486 238
9874 13576 276
4680 4862 197
98746 13274 351
135795 516879 470
1 3 8
1 99 119
1 100 119
1 999 179
981354 999999 440
135098 13540 354
198746 32479 383
986369 457896 525
457896 845967 525
45682 68745 340
8456 52 262
784250 5782 509
48523 523704 470
54738 203 340
2340 89600 351
9348 2034 262
1 1000000 525
635498 168 509
48387 9876 324
13079 1337 268
1337 42069 324
789456 456123 509
123456 789456 509
369 258 144
258 147 128
159 357 144
1079 5800 238
30000 31000 272
9336 8460 260
1012 7065 262
36452 801654 509
2318 15595 276
16879 3246 276
10789 564 262
327984 156786 443
30203 20302 308
7968 32465 308
10879 18795 279
9002 6357 257
3729 1791 238
161 9886 262
6945 7647 239
6394 1649 262
4957 9172 262
6531 1845 262
2124 6952 262
2260 3677 217
7253 8591 252
5241 5902 236
8206 8097 190
3603 8818 262
9203 1550 262
6157 8175 262
8289 6666 257
4755 1024 238
6074 3023 238
8745 6747 257
9578 6343 260
194338 829646 509
953014 347879 525
20729 179607 383
197169 363429 443
864152 59086 525
70334 691787 509
960578 272964 525
365326 248989 441
258012 176366 443
592953 65907 470
93123 145994 375
848688 332133 525
902053 874276 445
893048 603764 525
23719 633895 509
641766 942560 525
832174 184520 509
73612 741181 509
956676 474345 525
829177 170320 509
653756 768743 504
361751 282355 441
387288 707796 509
105738 969697 525
428608 497081 444
787045 746164 468
527130 282630 470
186074 447937 449
894248 900521 383
521311 366328 470
792397 613833 509
743276 413790 509
98220 595756 470
375452 205942 443
493379 639669 509
388851 68324 443
2401 540236 470
547106 502803 470
484322 512594 470
281573 538782 470
