1 1000000 525
100 1 119
2485 3920 238
5920 173 238
195000 195000 99
1000000 1 525
1 2 2
6748 6748 45
2 1 2
1000 2000 182
2000 1 182
3400 100000 351
250 5 128
500000 600000 470
600000 500000 470
12345 54321 340
78794 49787 351
123 124 109
67000 78000 351
1 1 1
10000 20000 279
34500 50002 324
219134 18151 386
489644 856995 525
834938 627639 504
789819 263500 509
374616 220626 443
756310 219267 509
666570 341623 509
692527 28354 509
617276 646634 509
587149 195760 470
267042 981607 525
518558 85362 470
922941 61284 525
272262 700090 509
519800 678436 509
706159 563435 509
209380 633684 509
999971 890012 507
830441 440048 509
45500 115025 354
408527 81170 443
952911 892736 507
273549 684885 509
332846 191523 443
557922 539507 452
54735 83984 351
670156 919892 525
537397 115840 470
123042 468639 449
978386 678446 525
915383 180246 525
651006 960625 525
743720 3950 509
836826 968214 525
875550 950885 507
170715 623996 470
180274 816293 509
138807 653446 509
796520 775626 468
295811 222578 443
550828 546092 452
865174 206519 525
952864 611569 525
727350 714771 411
208524 504941 449
898887 757564 525
965806 165112 525
903846 809294 525
224363 337048 443
920120 143788 525
109229 416856 449
200351 671620 509
387047 208100 443
643660 22160 509
353191 569540 470
845750 930716 476
698890 108633 509
762324 492959 509
648326 983648 525
273782 959713 525
373663 703006 509
247222 146316 443
459887 336915 449
282623 426093 449
625956 619047 385
88473 779666 509
342950 451885 449
489745 893253 525
733475 974951 525
933799 347688 525
943488 610340 525
701195 194249 509
753307 673792 504
825250 842063 525
951342 64205 525
619029 910609 525
856327 589669 525
160104 222195 386
