1 10 20
100 200 125
201 210 89
900 1000 174
1 160 122
161 320 131
321 480 144
200 900 179
555 566 88
4 4 3
10 1 20
99 12 119
7 8 17
9 10 20
11 888 179
99 100 26
111222 111666 323
4 9999 262
8 54 113
19 56 113
20 17 21
19 16 21
18 13 21
212121 88554 383
88557 45465 351
100000 55525 351
15625 15626 147
88888 99999 333
6 8 17
12 13 10
199 377 144
154 199 125
616 699 145
450 1596 182
885 1954 182
12 45 112
166 855 171
1956 19745 279
1 1000 179
1 1212 182
1 565 144
1 858 171
2 7744 262
6 9954 262
2 10558 262
1 5485 238
858 7979 262
456 123 144
123 789 171
775 885 179
441 545 142
959 858 179
4445 4512 184
123456 456789 449
789456 456789 509
123456 753159 509
1 2 2
1 3 8
1 4 8
1 5 8
1 6 9
1 7 17
1 8 17
1 9 20
1 10 20
456 778547 509
1159 3357 217
11547 335698 443
335698 124578 443
126854 555 354
6 5 9
9 13544 276
89 885 179
4758 88521 351
1 56 113
12 56 113
56 89 116
123 7888 262
154 5585 238
6325 124 262
870655 60333 525
862842 158063 525
203924 798158 509
650858 391168 509
126 74660 340
4905 355615 443
318043 548842 470
301649 18641 443
875212 567533 525
488169 295876 449
861258 296476 525
373938 202298 443
232308 415326 449
137683 899088 525
140091 524568 470
875024 509166 525
719210 449206 509
620245 622006 372
597035 255258 470
62965 115288 354
731405 84713 509
485808 184752 449
677352 328273 509
409002 378446 436
427250 426964 356
606497 96632 470
773194 829386 468
338853 534323 470
264096 769179 509
939142 168319 525
59052 971522 525
30811 729739 509
93404 167462 383
742017 70434 509
473514 723848 509
37410 287291 443
717673 475221 509
835138 935235 525
782169 541766 509
430673 247314 449
241986 294665 407
636942 466874 509
895370 59817 525
768618 823618 468
885810 695162 525
683754 778786 504
492968 457490 444
404262 828035 509
208239 248617 443
438584 670892 509
264473 580759 470
878230 262487 525
611930 551636 434
81059 159319 383
491433 640433 509
24714 269738 443
703048 543029 509
891409 682958 525
167233 647726 509
348978 807862 509
73815 777940 509
736632 3917 509
868466 424092 525
834386 513493 509
837278 76040 509
784895 419460 509
21178 222303 386
993846 17538 525
534505 640688 509
977346 805158 525
702790 582464 509
616655 518226 452
721593 420100 509
949135 150966 525
355810 820901 509
796877 970581 525
751155 521859 509
413587 654062 509
261657 749062 509
44349 533032 470
403015 885433 525
335795 693450 509
702205 926276 525
519451 899788 525
460341 553705 470
825565 924041 525
710624 18919 509
436247 307199 449
984329 88215 525
999918 977123 440
835731 78498 509
774604 310459 509
305244 614138 470
281020 569441 470
682389 566421 509
25559 328215 443
531093 796559 509
919753 127728 525
86439 352748 443
745037 29565 509
356962 190090 443
891325 385365 525
469829 859421 525
928946 365666 525
89471 312111 443
631991 609697 509
715034 975562 525
430538 739126 509
892138 469860 525
1948 663591 509
718350 565270 509
82493 507962 449
268572 745214 509
261278 258408 345
598891 590968 403
147342 714 375
849925 154716 525
931336 40101 525
88854 159657 383
12345 885744 525
