1 1 1
1 2 2
2 1 2
100 200 125
2000 8999 262
248478 363510 441
66495 186532 383
441871 269737 449
456537 815864 509
838357 606749 525
414443 752516 509
641362 727059 504
463240 14134 449
260504 556732 470
397681 925228 525
501750 405383 449
148277 314268 443
741021 63462 509
635896 346510 509
2416 271710 443
247826 594372 470
269952 614624 470
277016 699554 509
731298 546927 509
67507 52620 335
355755 505070 449
294829 248584 407
622410 427334 470
923665 444880 525
917851 891909 476
574651 461355 470
310185 599300 470
494829 304496 449
870209 10778 525
849556 450811 525
591501 767259 509
336578 285501 389
858432 38336 525
697593 512423 509
76681 757674 509
204631 357181 443
954023 43382 525
741130 31887 509
291570 428032 449
48361 347210 443
618058 268471 470
807229 634549 504
806348 621689 509
64927 253652 443
447217 233410 449
864754 14370 525
729192 574474 509
598356 844680 525
116804 744382 509
387019 722171 509
247203 742856 509
863480 647001 525
39548 998395 525
75374 419191 449
721125 842696 525
739611 99394 509
573227 381819 470
765945 683291 504
570467 908627 525
2645 4391 238
3897 5481 215
2378 2553 209
439 7449 262
3549 7610 262
7653 1784 262
7141 794 262
2250 1229 183
9162 1168 262
7630 9069 252
3717 5872 236
6347 2151 262
9748 2704 262
4941 5895 236
4555 9589 262
9379 5329 262
7739 7066 239
2997 107 217
4633 2545 238
3843 3491 238
4398 5991 236
3812 8564 262
6805 1413 262
1426 3435 217
1164 3493 217
2921 946 217
6555 7360 257
5408 20 238
7146 9365 260
4870 3822 215
5089 979 238
502 4578 238
9524 4321 262
2058 8366 262
8597 7900 252
3868 8714 262
1322 4663 238
4472 7967 262
5216 6864 262
3690 9030 262
5943 696 238
8698 6665 257
9498 1028 262
6101 4828 236
5321 9145 262
29 8664 262
4276 3921 202
5250 1289 238
727 6895 262
7280 871 262
8120 4100 262
2303 7258 262
4144 8297 262
7603 472 262
7164 2423 262
7172 5073 262
4291 498 238
6634 9053 257
9357 1920 262
