1 10 20
4 25 24
4 11 20
9 12 20
25 100 119
75 26 116
50 700 145
500 12000 268
11000 50000 324
27 25000 282
400 11000 268
12400 12300 263
100 200 125
201 210 89
900 1000 174
950 1200 182
400 120000 354
1200 1200 19
1100 3000 217
2500 4000 238
3200 7000 262
5000 10000 262
7000 9000 252
8000 15000 276
1700 12000 268
17000 12 276
14000 200000 383
70000 2 340
4000 210000 383
80000 180000 383
7000 82000 351
120000 900000 525
10000 70000 340
15000 120000 354
25000 90000 351
17000 127000 354
127000 2 354
300000 700000 509
82514 12616 351
12300 457000 449
764100 23000 509
970000 12 525
86300 140000 354
2300 120000 354
1 10 20
2 20 21
3 30 112
4 40 112
5 50 112
6 60 113
7 70 113
8 80 116
9 90 116
10 1000 179
20 2000 182
30 3000 217
40 4000 238
50 5000 238
60 6000 238
70 7000 262
80 8000 262
90 9000 262
100 1000 179
200 2000 182
300 3000 217
400 4000 238
500 5000 238
600 6000 238
700 7000 262
800 8000 262
900 9000 262
1000 10000 262
2000 20000 279
3000 30000 308
4000 40000 324
5000 50000 324
6000 60000 340
7000 70000 340
8000 80000 351
9000 90000 351
10000 100000 351
20000 200000 383
30000 300000 443
40000 400000 443
50000 500000 449
60000 600000 470
70000 700000 509
80000 800000 509
90000 1000000 525
950000 120000 525
970000 425000 525
1000000 300 525
240 411000 449
798000 100000 509
502000 700000 509
3400 5000 238
17200 12345 276
140234 972971 525
214674 7878 383
972400 5123 525
1000000 1 525
350 74000 340
100000 54321 351
1130 9515 262
530 5 144
266188 23843 443
123456 78910 354
111213 141516 349
171819 202122 365
232425 262728 381
