895603 600833 525
138036 830655 509
71171 569656 470
955886 632205 525
931582 131584 525
248753 775346 509
432290 235714 449
808797 490644 509
14324 562748 470
671882 365139 509
609400 89475 470
186105 729555 509
253485 776119 509
179072 909710 525
357606 782279 509
422522 769561 509
899463 76909 525
116567 486986 449
162916 72452 383
119190 94497 354
204035 367942 443
386195 152677 443
120007 711343 509
643320 650682 385
274091 831553 509
15821 883490 525
437380 718277 509
129396 207216 383
10747 824820 509
116925 884704 525
123450 55798 354
654264 539265 509
649058 770830 504
26250 811974 509
843282 145439 525
906470 563668 525
29733 809016 509
716344 149739 509
520359 876016 525
316773 310801 384
223920 332593 443
710642 661299 504
567221 840037 525
868514 577967 525
181208 501791 449
462670 304658 449
557588 633286 509
360274 206646 443
404115 386523 436
534971 763748 509
531961 957792 525
327416 78045 443
766808 560111 509
227784 803518 509
436126 60908 449
114318 176398 383
909852 824959 525
837696 477072 509
181347 222562 386
55038 362555 443
724352 34059 509
183564 798291 509
667344 543837 509
521288 587811 452
446711 572610 470
351558 495023 449
530402 195325 470
573068 813561 509
271788 317203 389
617078 224265 470
378110 247747 441
400662 287961 441
72705 754710 509
281384 770403 509
977271 336421 525
649309 217974 509
886831 349224 525
532616 554175 452
409412 570256 470
141985 856122 525
142865 9894 375
351145 189618 443
721571 924212 525
3178 993358 525
241414 136607 443
733974 135875 509
384353 134636 443
423835 973409 525
889345 705218 525
743812 382967 509
557990 393120 470
117292 961172 525
742344 649907 504
515346 668107 509
736514 173682 509
524229 879379 525
699928 875373 525
68996 937850 525
315936 588526 470
447559 73701 449
725132 181532 509
209575 109485 383
316167 149761 443
82893 721863 509
371330 343056 441
621181 929319 525
736176 738472 380
406842 994871 525
904731 922188 476
662977 641244 429
612221 187205 470
36974 312148 443
578929 105970 470
766349 894864 525
210847 213907 373
484916 935978 525
395439 694490 509
561814 227957 470
844250 644707 525
466172 215579 449
987762 87352 525
661249 240289 509
342176 68091 443
751511 246906 509
506630 414488 444
404501 118850 443
118044 441475 449
947350 213325 525
63796 713698 509
624540 274642 470
443957 109456 449
726971 839395 525
803945 288785 509
583703 164547 470
933491 49874 525
380125 437604 449
653578 41374 509
677893 512105 509
625816 429403 470
759010 132445 509
360242 163510 443
767646 994638 525
121336 714995 509
207962 185131 373
945045 348853 525
976124 389001 525
458308 703095 509
744747 778605 468
991879 328449 525
943151 441721 525
894675 323275 525
879324 64604 525
881000 73568 525
576708 506815 470
19323 852069 525
155611 895916 525
531930 923257 525
890553 653266 525
154603 614866 470
354748 99647 443
963719 330872 525
4999 938378 525
33966 749745 509
233334 542196 470
594546 176484 470
983916 5572 525
16111 379591 443
70175 413462 449
453159 163234 449
920277 472481 525
15302 592239 470
884748 547231 525
515495 775301 509
716848 670098 504
906518 71596 525
