73 756 171
50 568 144
88 222 125
24 785 171
26 104 119
52 490 144
92 530 144
2 91 116
82 815 171
79 783 171
24 493 144
40 706 171
56 218 125
44 919 179
40 724 171
32 658 145
30 674 145
17 674 145
10 780 171
32 530 144
860 828 148
629 1022 179
101 605 144
161 651 145
56 1735 182
482 167 144
191 1853 182
615 1763 182
106 831 171
217 925 179
207 1413 182
798 494 171
585 1195 182
68 1942 182
560 1886 182
582 1353 182
875 932 148
130 1254 182
459 1195 182
424 1888 182
3515 7083 262
2034 285 182
7152 14106 276
4820 3822 215
3247 608 217
6673 7986 257
4227 5720 236
5016 12204 268
3438 14292 276
1213 13975 276
5315 5527 192
2984 12562 268
4289 237 238
6735 13816 276
1423 9030 262
5454 5026 192
538 10541 262
5848 3535 238
3045 5106 238
3921 215 238
10927 15616 276
8637 3752 262
6455 15800 276
14731 12363 276
8744 17075 276
5358 11936 268
13487 10299 276
10776 8464 260
8415 345 262
6042 4808 236
592 1164 182
8013 3917 262
7312 954 262
7149 15734 276
126 15861 276
1638 15504 276
3055 16329 276
2645 6682 262
4933 7126 262
8072 18227 279
10214 84326 351
8071 65322 340
13756 51072 324
13820 75780 340
39518 89291 351
7501 82828 351
32078 23815 308
967 58553 340
3112 39557 324
9172 42908 324
3340 48317 324
14802 99255 351
10877 65038 340
43803 99216 351
3208 64125 340
26501 44087 324
25641 46927 324
21163 40001 324
48975 48952 177
10942 71724 340
1 1 1
2 1 2
