1 10 20
64 128 119
100 200 125
201 210 89
299 399 144
123 456 144
444 666 145
360 765 171
720 934 179
900 1000 174
1 1024 179
13 1313 182
1000 1500 182
1492 1620 167
1337 1887 180
1941 1945 100
1776 1984 175
1989 2017 144
1234 2345 183
2000 3000 217
1954 3219 217
2468 3579 217
1234 4321 238
2250 4500 238
23 6321 262
200 7650 262
1 9999 262
9001 12345 268
12756 12800 201
10000 15000 276
16854 17192 235
17000 18000 279
11111 22222 279
24444 25000 264
1 27537 308
20000 30000 308
24680 33333 308
32496 34612 311
34000 36000 324
39342 41141 306
41812 44065 288
44469 47935 314
48000 50000 296
12345 54321 340
44444 55555 340
32768 65536 340
50000 72162 340
67985 81354 351
98900 99000 284
1 100000 351
12345 123456 354
145321 149685 357
163289 165486 334
146852 182364 383
199900 200000 228
199999 213594 373
209423 216059 373
222222 222345 262
225000 250000 443
246732 251357 350
200000 300000 443
297431 300946 371
328121 331943 353
340000 343536 353
374614 380412 423
380000 400000 436
412012 413012 343
412673 413157 343
444000 450000 369
468254 470631 382
490000 500000 426
262144 524288 470
533000 533423 377
550550 551241 346
579054 581054 328
596979 597678 341
615000 615248 447
620654 621458 310
643346 648747 341
650032 650164 230
675410 675831 274
679412 695379 442
719197 719791 305
720000 742654 424
765 765000 509
770077 773517 393
784965 785108 269
799172 808971 406
812873 813056 362
812697 832169 450
858585 859175 370
860000 861744 357
875578 875956 432
890000 900000 370
919723 926914 445
959000 959752 308
975325 976641 383
996093 997117 365
999900 1000000 259
1 125000 354
125001 250000 443
250001 375000 441
375001 500000 449
500001 625000 470
625001 750000 509
750001 875000 525
875001 1000000 507
1 1000000 525
