1 10 20
100 200 125
201 210 89
900 1000 174
1 1 1
1 2 2
1 3 8
3 5 8
10 10 7
1000000 1000000 153
1000 2000 182
2000 3000 217
3000 4000 238
4000 3000 238
4000 5000 215
100000 200000 383
200000 300000 443
300000 400000 441
400000 500000 449
500000 1000000 525
5000 6000 236
6000 7000 262
7000 8000 252
9000 10000 260
500 600 137
600 500 137
700 800 171
800 700 171
800 900 179
900 1000 174
10000 20000 279
20000 30000 308
30000 20000 308
30000 40000 324
40000 50000 314
50000 60000 340
60000 70000 335
70000 80000 351
80000 90000 333
110 120 114
130 140 91
140 150 117
160 170 112
170 180 125
180 190 107
190 200 120
200 210 89
210 220 115
220 230 115
230 240 128
240 250 110
250 260 123
260 270 123
270 280 92
280 290 118
290 300 118
500 520 124
520 540 124
540 560 137
560 580 119
580 600 119
1 50 112
50 100 119
10 20 21
20 30 112
30 40 107
40 50 110
50 60 113
60 70 108
70 80 116
80 90 111
90 100 119
1050 2000 182
2000 2050 157
2050 3000 217
3000 3050 155
3050 4000 238
4000 4050 189
4050 5000 215
5000 5050 179
5050 6000 236
6000 6050 187
6050 7000 262
7000 7050 195
7050 8000 252
8000 8050 190
8050 9000 247
9050 10000 260
910000 920000 476
920000 930000 476
930000 940000 507
940000 950000 383
950000 960000 414
960000 970000 414
970000 980000 458
980000 990000 427
990000 1000000 440
4 16 20
3 27 112
500 1000 179
1000 1500 182
1500 2000 180
2000 2500 209
2500 3000 217
3000 3500 199
3500 4000 238
4000 4500 215
4500 5000 210
5000 5500 192
5500 6000 236
6000 6500 262
6500 7000 257
7000 7500 239
7500 8000 252
8000 8500 234
8500 9000 247
9000 9500 260
9500 10000 242
10000 10000 30
1234 23249 279
449 2304 183
5039 403 238
1924 45082 324
89 90 31
175 169 125
