393367 827496 509
442935 933686 525
129922 231944 443
282830 495957 449
138758 257737 443
441002 555081 470
135052 496625 449
78293 571614 470
22470 175779 383
446588 584426 470
418299 884528 525
140391 625727 470
205855 502497 449
389495 713829 509
259618 630927 509
2341 46269 324
30064 478373 449
150176 305885 443
419792 832660 509
215873 313791 443
330294 462869 449
418032 615683 470
409590 538300 470
360973 471747 449
384966 425767 449
54259 581164 470
422172 610080 470
291614 961021 525
212698 984160 525
78379 612184 470
454116 550035 470
49127 564754 470
54991 735424 509
22602 643798 509
265477 779516 509
499839 687498 509
7497 863324 525
23156 970829 525
454241 707142 509
378627 517714 470
387768 788027 509
142726 631559 509
45589 703734 509
45028 699181 509
52381 911216 525
43145 626351 509
121356 597583 470
383548 644547 509
1318 799302 509
252473 687940 509
140059 1000000 525
71492 1000000 525
404798 1000000 525
77300 1000000 525
232506 1000000 525
23291 1000000 525
395612 1000000 525
363151 1000000 525
222915 1000000 525
377588 1000000 525
229116 1000000 525
374430 1000000 525
434397 1000000 525
383801 1000000 525
382587 1000000 525
290819 1000000 525
306209 1000000 525
410932 1000000 525
259300 1000000 525
407045 1000000 525
229478 1000000 525
374772 1000000 525
173647 1000000 525
185669 1000000 525
185420 1000000 525
615888 948212 525
402415 613222 470
728703 730623 380
325860 202994 443
721296 798267 468
732521 810177 468
193018 933036 525
326868 289323 384
325527 873530 525
725809 476575 509
483715 718000 509
727971 752291 424
57304 723544 509
616577 139660 470
702455 122083 509
165500 386473 443
702280 828501 504
280784 560240 470
380987 77494 443
628867 176078 509
378454 93024 443
177897 772336 509
120336 867937 525
310049 150651 443
3401 11162 268
