1 1000000 525
500000 1000000 525
500000 500001 152
1 1 1
500000 500000 152
1000000 1000000 153
1 10 20
1 20 21
148056 777535 509
32521 576134 470
332636 110977 443
375095 770971 509
100 200 125
201 210 89
900 1000 174
3 9 20
23 99 119
73 90 116
36 88 116
237 873 179
4 4 3
47 837 171
1 1000 179
128380 535886 470
327070 928830 525
488569 620171 470
212442 128305 383
552111 282364 470
718776 82925 509
733101 309718 509
639336 349182 509
147234 506001 449
47080 744048 509
761408 277688 509
632686 376733 509
235432 34534 443
1234 34553 311
145 45555 324
12345 347364 443
2134 45645 324
1234 567 182
1234 568 182
34 645 144
35 678 145
45 987 179
235 765 171
360144 371980 410
180533 184660 334
286911 288962 389
180226 224253 386
307280 438921 449
425618 436307 387
291481 355533 441
186003 327521 443
150377 233334 443
482192 494915 426
292602 418122 449
471198 480207 382
285493 352055 441
384148 390947 436
16498 24698 282
1000 2000 182
2609 1035 209
2456 2640 209
1594 2150 180
1359 259 182
5204 2609 238
12309 42560 324
1598 3584 217
2468 9457 262
5134 1584 238
137 238 128
30 59 113
41 256 128
9530 8018 260
5867 9101 262
3467 3747 238
8732 8156 234
9874 9140 260
7705 6821 257
6205 3471 262
9549 9920 242
3503 5397 238
5185 5282 192
9711 4423 262
9212 9766 260
6770 5038 262
377100 56973 443
554774 910035 525
169751 454842 449
211031 235259 443
775686 517018 509
789716 197360 509
794714 655456 504
992605 255831 525
709030 878771 525
8828 584872 470
342000 828037 509
708305 101866 509
917615 425433 525
740536 207666 509
899384 250028 525
