72 31878 308
362 71354 340
190 761993 509
292 45452 324
472 901931 525
178 69844 340
972 883834 525
473 811522 509
30 649013 509
109 49482 324
9 111713 354
314 383582 443
398 303996 443
208 338587 443
574 591201 470
329 747497 509
595 340162 443
523 154191 375
588 498638 449
550 799497 509
799 218743 386
784 89220 351
98 929187 525
819 830192 509
65 421437 449
683 993519 525
706 682546 509
860 257635 443
248 386444 443
6778 28124 308
875 10890 262
8516 30394 308
9529 24166 282
7273 93541 351
8353 79417 351
2200 93568 351
6103 59844 340
3267 32078 308
7761 24126 282
5799 57049 340
6405 36277 324
4639 89248 351
4592 90176 351
3550 62007 340
5902 86317 351
9453 2972 262
4255 51568 324
6308 67312 340
6835 85800 351
5828 50285 324
2468 39768 324
734 20864 279
9366 61160 340
7667 87039 351
7703 8359 252
411 23800 282
2191 4141 238
2916 62461 340
3 41622 324
6 33918 308
5 51740 324
4 68946 340
8 34006 308
3 26543 282
10 79813 351
3 34504 311
8 84185 351
7 41159 324
7 40345 324
10 79608 351
10 70128 340
8 17263 276
7 64138 340
3 42980 324
5 35508 311
10 16772 276
10 9386 262
6 32385 308
5 35611 311
1 27811 308
7 76105 340
9 13556 276
1 31790 308
10 58661 340
5 73704 340
8 93081 351
8 21555 279
297 53138 340
34 76582 340
609 74719 340
542 92839 351
738 96663 351
993 64567 340
587 6720 262
418 85492 351
843 85301 351
637 37251 324
985 7761 262
611 49540 324
177 96247 351
861 51406 324
173 70050 340
39 86618 351
849 368 171
521 9916 262
852 72591 340
310 79826 351
787 14117 276
722 85265 351
395 95461 351
102 71454 340
391 18117 279
874 98572 351
119 52270 324
488 3666 217
583 23578 282
9651807 6498897 686
9385660 9143724 575
7389691 8218379 616
6157052 3289090 613
638329 8730072 686
2051937 1572532 557
9970864 5708079 686
3055560 9653975 686
1596050 4993132 597
6869502 8689514 686
1926539 1895765 459
7809679 4772628 665
1635894 2447358 560
2669041 7366110 665
7660129 8854899 686
4730214 7155545 665
8943088 3217690 686
6263306 4531238 613
4690676 7101487 665
3065416 1566635 563
6501629 7527496 665
3955714 2454726 597
7394690 4126373 665
22572 2600301 560
8593022 1007217 686
6949299 4092034 665
4095195 7280342 665
978744 3117890 563
4398395 9821855 686
