1 10 20
100 200 125
201 210 89
900 1000 174
7654 7800 221
40 50 110
41 67 113
67 68 28
210 300 128
1 200 125
1 43 112
48000 48020 221
3800 3900 176
32 42 110
20 30 112
200 400 144
500 600 137
222 333 144
444 445 72
768 788 153
24 48 112
99 100 26
94 95 106
89 90 31
2 20 21
100 101 26
34 43 110
21 22 16
12 21 21
320000 320900 371
201 204 40
1 10000 262
475 785 171
20 88 116
99 290 128
199 200 120
198 199 120
754 789 153
429 439 116
340 480 134
345 375 126
2111 2222 170
589 599 119
666 777 171
777 888 179
111 222 125
11 22 21
22 33 112
77 88 111
123 456 144
789 1012 179
101 1010 179
4545 4646 184
88 90 31
15 30 112
7 9 20
54 55 113
69 70 15
1001 1002 143
63 66 108
2 4 8
6 8 17
10 12 15
2 4 8
8 16 20
32 64 113
128 256 128
256 512 144
512 1024 179
8888 9999 260
10 11 15
73 88 116
32 46 110
1 1000000 525
54 59 113
200 600 144
22222 22223 57
5402 6402 262
1111 2222 182
2222 3333 217
4444 5555 210
6868 6969 257
5454 454545 449
111 1111 179
2048 4096 238
2424 4242 238
500 600 137
21 42 112
789 987 179
555 4445 238
10 24 21
24 40 112
1 2 2
1 5 8
4 10 20
900 999 174
758 858 153
1428 1528 172
78 331 144
1 1000000 525
458 6752 262
1 1 1
