1 10 20
100 200 125
201 210 89
900 1000 174
10 1 20
200 100 125
210 201 89
1000 900 174
23 46 112
46 69 113
69 92 116
92 115 119
115 138 122
138 161 117
161 184 125
184 207 120
207 230 115
230 253 128
253 276 123
276 299 118
299 322 131
322 345 144
345 368 126
368 391 121
391 414 134
414 437 134
437 460 129
460 483 129
483 506 142
506 529 124
529 552 137
552 575 137
575 598 119
598 621 132
621 644 132
644 667 145
667 690 145
690 713 171
713 736 140
736 759 140
759 782 153
782 805 122
805 828 135
828 851 135
851 874 179
874 897 148
897 920 130
920 943 174
943 966 130
966 989 143
989 1012 143
1012 1035 156
1035 1058 169
1058 1081 169
1081 1104 138
1104 1127 138
1127 1150 151
1150 1173 182
1173 1196 151
1196 1219 164
1219 1242 133
1242 1265 177
1265 1288 146
1288 1311 177
1311 1334 146
1334 1357 159
1357 1380 159
1380 1403 128
1403 1426 172
1426 1449 141
1449 1472 172
1472 1495 141
1495 1518 141
1518 1541 154
1541 1564 154
1564 1587 167
1587 1610 167
1610 1633 136
1633 1656 136
1656 1679 180
1679 1702 180
1702 1725 149
1725 1748 180
1748 1771 149
1771 1794 149
1794 1817 162
1817 1840 162
1840 1863 131
1863 1886 175
1886 1909 175
1909 1932 175
1932 1955 175
1955 1978 175
1978 2001 144
2001 2024 157
2024 2047 157
2047 2070 157
2070 2093 126
2093 2116 170
2116 2139 126
2139 2162 170
2162 2185 139
2185 2208 170
2208 2231 183
2231 2254 139
2254 2277 139
2277 2300 152
2300 2323 183
2323 2346 183
2346 2369 121
2369 2392 165
2392 2415 165
2415 2438 165
2438 2461 134
2461 2484 209
2484 2507 178
2507 2530 178
2530 2553 178
2553 2576 178
2576 2599 147
2599 2622 178
2622 2645 191
2645 2668 147
2668 2691 147
2691 2714 160
2714 2737 160
2737 2760 173
2760 2783 160
2783 2806 129
2806 2829 173
2829 2852 173
2852 2875 173
2875 2898 142
2898 2921 217
2921 2944 173
2944 2967 142
2967 2990 142
2990 3013 155
3013 3036 155
3036 3059 155
3059 3082 155
3082 3105 186
3105 3128 155
3128 3151 124
3151 3174 168
3174 3197 199
3197 3220 168
3220 3243 168
3243 3266 137
3266 3289 137
3289 3312 168
3312 3335 181
3335 3358 181
3358 3381 181
3381 3404 181
3404 3427 150
3427 3450 150
3450 3473 150
3473 3496 181
3496 3519 150
1 3500 217
