1 1 1
2 6 9
8 4 17
10 5 20
8 3 17
663 788 171
353 697 145
709 500 171
841 680 171
120 187 125
572 712 171
417 263 144
631 258 144
173 332 144
882 777 179
730 779 153
57 994 179
17 569 144
686 816 171
216 772 171
498 531 124
184 443 144
592 681 145
736 163 171
818 22 171
685 688 127
720 753 140
69 857 171
224 322 131
67 472 144
322 105 131
450 975 179
125 525 144
350 642 142
179 420 144
49 584 144
976 868 179
544 517 137
610 838 171
531 913 179
509 316 144
930 446 179
645 945 179
25 856 171
849 660 171
120 747 171
151 530 144
111 469 144
529 46 144
433 218 144
820 312 171
516 460 142
962 707 179
624 278 144
71 621 144
1110 7044 262
4524 6267 262
5880 1474 238
9304 3825 262
8905 5418 262
9408 5812 262
7867 6830 257
6856 5726 262
8223 6960 252
2382 2803 209
3323 4024 238
3702 8600 262
5993 5936 143
176 2434 183
5096 4616 210
1925 3020 217
3073 3827 238
4866 1122 238
5891 6772 262
468 6186 262
9854 5742 262
6173 6809 244
54 3388 217
7685 1451 262
4241 9876 262
2357 1190 183
2554 7831 262
6660 5709 262
9761 6458 260
988 5967 238
8284 4964 262
2747 4041 238
3242 4540 238
7394 595 262
2960 5631 238
3536 132 217
7140 2734 262
5254 9281 262
3088 6539 262
457 3961 238
6085 1584 238
4988 5491 192
937 6584 262
5820 241 238
7321 1826 262
7101 541 262
4052 5018 215
3714 1472 238
7824 9805 260
8124 7554 252
1 1000 179
