1 10 20
100 200 125
201 210 89
900 1000 174
1 1000 179
1 2 2
9229 6767 257
6192 3318 262
6183 5225 262
2519 5539 238
1134 970 169
4584 9473 262
3418 3797 238
6208 1209 262
8768 473 262
4116 9127 262
9519 9618 198
2749 3174 217
8921 2298 262
3033 5709 238
9022 4395 262
7948 5141 262
1237 1976 180
9892 5261 262
3660 943 217
4976 492 238
9842 8436 260
8087 207 262
2616 1206 209
6569 5623 262
8897 4871 262
682 4757 238
7317 5433 262
5527 616 238
3138 8426 262
8880 8565 216
5293 4242 215
2918 6456 262
5036 5656 236
2063 3417 217
3630 3662 163
4089 6045 236
4104 9249 262
6986 4892 262
3457 7675 262
837 3852 238
4848 6527 262
7954 9708 260
3702 2171 217
1569 122 182
3537 7196 262
1537 4051 238
2275 8729 262
5821 4547 236
9393 5452 262
8188 2657 262
5404 1357 238
6964 7984 252
2531 8223 262
3556 2614 217
2246 1826 183
2037 2339 183
7316 9070 252
1789 8076 262
3868 9632 262
2276 8298 262
2692 2939 217
1772 6532 262
6946 7725 239
7491 154 262
4006 2775 238
2997 4393 238
6062 7273 262
3657 3465 194
5622 768 238
9967 3815 262
3097 561 217
9006 8446 247
9483 9982 242
2299 1325 183
8426 5772 262
8138 6015 262
2655 4962 238
5557 8335 262
6126 8994 262
1374 8391 262
4799 1974 238
806 240 171
7355 901 262
2119 6622 262
7007 4620 262
70 3042 217
7917 7066 239
124 6518 262
1094 8084 262
75 2479 209
6702 5031 262
5513 8435 262
8083 4722 262
8888 7547 252
5 5 6
