431342 80542 449
551146 29999 470
999032 15367 525
139569 86914 354
825470 73488 509
974465 47705 525
183964 25330 383
58496 27181 340
587701 9061 470
331513 639 443
100199 30331 351
343935 92643 443
97081 80959 333
940518 80616 525
607611 72410 470
228848 25105 386
913899 37155 525
500071 73769 449
747549 32400 509
899459 44321 525
326205 8455 443
214648 4684 383
728329 65556 509
307464 75427 443
229615 26079 386
904863 89857 525
943353 34657 525
821944 74957 509
604565 92996 470
986862 12170 525
287904 12198 443
576450 51121 470
725985 26253 509
578287 66871 470
219150 11746 386
704092 80308 509
133515 71566 354
616913 68222 470
448224 16206 449
162891 9078 383
222535 84568 386
64486 33388 340
940487 14755 525
175095 63852 383
300126 36376 443
608206 74041 470
885862 10822 525
971286 32817 525
653418 11033 509
243716 27085 443
861520 55211 525
217707 73336 386
550723 94833 470
613929 81149 470
417062 35457 449
102645 68893 351
194230 32036 383
381284 23986 443
657606 33471 509
512774 55125 470
329783 61900 443
2451 57899 340
536264 73288 470
356004 86530 443
158738 85565 383
305908 54691 443
424174 44439 449
587804 90909 470
206270 70675 383
145169 51054 375
694024 63915 509
619491 15686 470
620742 31732 470
436806 54667 449
108894 706 354
874955 7396 525
670715 5843 509
144913 1114 375
205665 41420 383
884860 74016 525
986554 48399 525
721397 98259 509
509180 84187 449
832062 98501 509
798863 15595 509
860302 83282 525
158578 67244 383
500934 41064 449
928855 52799 525
693267 64161 509
812458 78508 509
283260 71833 443
594306 42183 470
305838 64754 443
96140 9737 351
6006 48595 324
905758 28363 525
920432 23038 525
714757 33384 509
989446 52020 525
854649 22365 525
195163 58050 383
849350 24361 525
103093 16138 351
530354 20636 470
196472 65601 383
282084 15833 443
635087 74323 509
475807 28730 449
99186 24482 351
508853 47736 449
896759 32803 525
356842 43454 443
739186 39079 509
360774 6199 443
527162 22164 470
91193 86197 333
417547 23652 449
104480 90048 341
867897 91116 525
352510 75724 443
156339 17260 383
199584 23222 383
460090 29245 449
774996 30724 509
380240 44948 443
368824 97482 443
531302 77799 470
960060 57592 525
2086 84075 351
182379 29819 383
394472 95642 443
732650 50279 509
188948 31411 383
636400 16066 509
497824 80313 449
629327 34459 509
762810 11592 509
551674 77396 470
308986 237 443
650804 33780 509
319884 67238 443
685518 75301 509
717969 5662 509
622744 67353 470
483094 3974 449
847593 44357 525
298645 79637 443
609699 33285 470
712383 70497 509
