270122 75588 443
682050 569464 509
20950 528390 470
514031 494628 470
416392 46506 449
719868 976568 525
385462 868753 525
994259 319573 525
284707 499612 449
991129 914450 507
144607 53009 375
474 314979 443
755266 24878 509
953010 818983 525
889555 231331 525
690455 128677 509
443555 518181 470
737510 909093 525
179832 838336 525
149676 985789 525
966940 342978 525
900102 41818 525
783583 837337 468
755925 836191 468
108133 590050 470
715989 171365 509
444618 583750 470
732927 931095 525
687411 382383 509
628110 232210 509
928715 744103 525
918938 472217 525
961630 16653 525
680515 223934 509
73376 459080 449
701709 304898 509
114768 381710 443
157713 660941 509
526020 633083 509
143694 840987 525
184288 724758 509
187186 291715 443
508853 650445 509
705698 42506 509
234863 621104 470
799210 300224 509
567719 148634 470
662666 624409 509
836965 296309 509
808185 274989 509
586559 652178 509
660478 921003 525
467921 831553 509
525297 675526 509
695803 910080 525
260159 447175 449
354409 375167 410
17162 523454 470
925777 226836 525
243533 33296 443
371072 196454 443
76938 981719 525
422601 70444 449
529450 678672 509
981366 979155 427
157850 712741 509
189570 940000 525
819276 923837 525
68239 790793 509
417266 88121 449
19412 400489 443
707470 688909 504
135358 82858 354
79774 982762 525
47298 147588 375
245706 661430 509
504243 41688 449
485223 747385 509
491215 713964 509
655094 69026 509
520017 693765 509
555588 56791 470
237404 828712 509
791827 869060 525
654598 565032 509
470 883340 525
748155 987339 525
2486 624460 470
672418 565984 509
62910 657534 509
344364 632384 509
498548 426972 444
881398 33848 525
82478 849747 525
663152 605325 509
836118 198746 509
621697 270049 470
555474 434005 470
645446 416426 509
653583 77061 509
407768 61846 443
861786 302188 525
392276 608735 470
627020 152443 509
48505 297224 443
597156 487927 470
592479 165765 470
18003 439228 449
767156 962059 525
423826 979687 525
73022 70197 325
1731 403377 443
349307 671338 509
87016 269847 443
753189 518313 509
74139 465911 449
719185 132148 509
593943 506185 470
787104 743831 468
881622 41133 525
246507 701972 509
878597 797160 525
756542 299984 509
260367 852851 525
855076 305777 525
642915 191054 509
989078 193267 525
514981 590231 452
650237 578719 509
367056 599881 470
120349 47476 354
226567 256994 443
630544 23908 509
628407 621228 509
466735 45458 449
263576 62124 443
506848 192599 449
557617 514772 452
319915 469222 449
886373 482256 525
695442 835944 504
475137 653174 509
724860 273740 509
338498 877642 525
956845 857543 507
720832 22862 509
594222 997594 525
522434 986919 525
434076 678011 509
842570 389051 525
499670 761404 509
690014 592638 509
753843 150739 509
738776 293553 509
328778 949317 525
196057 709426 509
800967 356018 509
476197 148793 449
183549 964929 525
395736 140006 443
370380 714785 509
81290 41706 351
925412 284313 525
219561 455957 449
596169 916362 525
443887 629281 509
120126 209032 383
770090 615622 509
794413 917647 525
661155 138832 509
621233 320809 470
357354 839335 525
913820 94512 525
407450 148423 443
746789 142129 509
997433 673949 525
666127 510142 509
218030 136505 386
136480 90757 354
266403 363677 441
531099 675385 509
434791 70662 449
595951 747996 509
929459 220908 525
123517 618202 470
778513 234668 509
390766 40153 443
336688 511734 449
281295 978926 525
242454 525121 470
737756 183573 509
387663 244176 441
139274 603364 470
701836 764637 504
854106 494466 525
137678 289174 443
631945 426487 509
324649 744578 509
641658 937681 525
937110 510137 525
