1 1 1
1 10 20
1 1000000 525
6 5396 238
9 15678 276
2 123 119
89 203 125
56 2999 217
100 200 125
201 210 89
900 1000 174
1000 900 174
12 89 116
314 315 38
1000 129339 354
5203 5005 179
218 430 144
12583 245 268
812 1023 179
494 29433 308
324 998711 525
56 80 116
127 58348 340
904 1003 174
8843 48329 324
43 44 30
123 908 179
300 102 128
98345 2409 351
1000000 1000000 153
34 4849 238
47742 8476 324
3284 566848 470
93783 180598 383
3827 388443 443
3201 8495 262
12 38458 324
7181 13997 276
213 9938 262
96365 92793 328
9999 10000 92
7350 71093 340
8348 23888 282
7093 31004 308
934 23894 282
63006 123094 354
3288 8382 262
3511 23117 279
4324 59345 340
61693 68439 330
1934 4748 238
77591 9003 351
233 332 144
76041 78098 351
3214 355 217
87864 98727 333
9349 192939 383
53505 53505 97
32483 912199 525
33661 41371 324
999999 100000 525
26598 23254 282
93439 293588 443
39509 57519 340
3942 288432 443
74178 112595 354
921 78588 351
13142 69194 340
12 943209 525
3058 14340 276
101239 1 351
34369 45053 324
1000000 1 525
76 76 23
7151 81413 351
3294 85882 351
49278 60973 340
239 249082 443
87033 100588 341
660474 670014 442
524 3849375 597
73829 356247 443
9923 828 262
57061 402810 443
523211 700434 509
151761 256797 443
8539 38101 324
413759 561119 470
1237 44543 324
148960 185138 383
1123 2384 183
3420 806619 509
12283 223 268
174658 845933 525
28 85 116
28976 692 308
238 7398 262
9332 19220 279
384 82389 351
5937 739408 509
184839 1989 383
51572 38461 314
238 2979 217
5281 17099 276
203 2389 183
8564 9610 260
3289 100882 351
912 217422 386
38923 289338 443
665 57914 340
1283 8929 262
99999 99999 227
55407 461420 449
234 234 22
725916 537855 509
11221 755949 509
3 288 128
541855 787786 509
43284 83298 351
