1 1 1
44 10 112
10 44 112
11 56 113
12 32 112
23 43 112
65 104 119
54 345 144
75 604 144
73 323 131
82 282 128
90 348 144
95 549 144
100 349 144
1 100 119
1 200 125
1 300 128
1 400 144
1 500 144
1 600 144
1 700 145
1 800 171
1 900 179
1 1000 179
1234 1 182
923 1 179
834 1 171
785 1 171
612 1 144
542 1 144
476 1 144
398 1 144
223 1 125
148 1 122
122 943 179
232 439 144
289 385 144
301 472 144
350 361 126
387 401 121
399 422 134
406 510 142
437 512 142
478 570 142
498 599 137
500 601 137
550 651 145
559 621 132
572 700 145
604 702 145
630 780 171
675 800 171
700 803 171
728 824 153
733 854 153
776 899 179
779 903 179
832 910 179
835 957 179
864 962 179
877 900 148
879 904 148
880 944 174
890 1092 174
893 972 174
960 1024 156
39428 65948 340
14923 78934 351
78934 14923 351
48231 90000 351
38123 54872 340
13947 39482 324
76378 97829 351
52269 66923 340
28530 63927 340
58673 94383 351
12838 79483 351
69684 79584 351
28384 64724 340
27364 28638 259
91828 98128 328
56837 56838 92
18283 19182 261
91271 93732 333
428271 939383 525
758392 968473 525
857474 928271 476
102923 202837 383
203837 304845 443
394847 492721 449
506834 705847 509
607847 610383 403
704837 784983 468
806984 812294 406
904845 999333 507
1000000 8000 525
202393 230912 443
309402 509406 449
423860 489245 444
520813 690185 509
