1 10 20
100 200 125
201 210 89
900 1000 174
849161 946899 507
504819 697471 509
150717 459677 449
41252 589870 470
379146 580809 470
380940 387673 374
175291 771096 509
821057 886792 525
876459 881890 401
181113 722353 509
322055 634306 509
555627 702701 509
574243 704054 509
97603 979188 525
233182 684480 509
146330 617673 470
555900 687959 509
918252 921244 432
782723 979227 525
799800 919853 525
61898 773469 509
855424 952334 507
393333 493566 449
701059 932421 525
609550 706716 509
724512 967614 525
323143 679362 509
907391 961541 507
315465 894649 525
678939 928982 525
273599 569850 470
149164 712779 509
329120 983033 525
733456 767543 424
867478 921347 476
908083 944399 507
152817 348670 443
350470 807831 509
79328 960143 525
269044 785525 509
653639 708188 504
373417 482717 449
129948 969839 525
40794 628206 509
590175 860019 525
728267 744021 424
674879 822871 504
621020 954121 525
388993 464757 449
434899 916750 525
475184 793555 509
576841 763523 509
230011 585453 470
92974 470188 449
522966 892491 525
578420 886587 525
592714 762784 509
94840 104611 341
461295 965125 525
787882 814444 468
634170 748314 504
969590 982643 458
491135 538977 470
381662 978537 525
341475 915094 525
134751 670617 509
614799 616856 447
703964 766173 504
875471 944016 507
143260 993735 525
111560 578174 470
401917 544533 470
830972 952436 525
290047 507646 449
574492 785944 509
321163 733768 509
601634 897139 525
632176 946203 525
135127 485690 449
783341 987092 525
622322 863322 525
472401 581955 470
457985 920419 525
426771 855679 525
945182 971863 458
311320 626516 509
717605 807781 468
106861 894551 525
420290 884221 525
479826 571328 470
819663 826800 450
744372 809529 468
952727 971100 458
918768 985342 507
103828 526302 470
788761 969666 525
382130 647387 509
887172 909841 445
888002 890547 370
584238 818405 509
951497 978810 458
383918 832677 509
496565 669002 509
650542 721597 504
540490 905655 525
569554 933568 525
550860 686202 509
829382 881469 525
484117 998630 525
783231 944198 525
914333 924203 445
593661 824376 509
633022 991336 525
311286 328783 384
451698 688664 509
110054 169761 383
483369 485538 320
222693 239474 443
557518 854047 525
463315 993975 525
326094 394294 441
961548 996206 458
467321 914249 525
960757 971275 458
303954 557124 470
703836 958730 525
476955 854675 525
728799 779589 468
443661 971931 525
58236 561265 470
947132 993255 458
628205 696436 442
327336 523164 470
302765 641593 509
337139 476384 449
374437 488496 449
625559 871463 525
44160 368962 443
582278 649917 509
216992 604728 470
474420 815083 509
426849 508360 444
763078 908653 525
846140 889839 445
191998 635389 509
220861 740608 509
591856 721124 509
624894 645197 509
933957 959352 507
556786 762991 509
