3 14 20
20 18 21
75 75 15
235 163 128
165 436 144
103 336 144
449 197 144
447 363 134
144 371 144
316 462 144
302 155 128
393 422 134
175 116 125
258 165 128
298 255 123
405 280 144
127 128 47
483 153 144
185 374 144
403 204 144
170 410 144
286 430 144
478 359 134
169 224 125
328 269 144
198 434 144
145 192 125
371 494 142
195 454 144
304 189 128
278 193 128
176 429 144
440 252 144
164 430 144
195 365 144
369 1446 182
414 1468 182
781 1309 182
721 1089 179
795 786 104
772 804 153
631 926 179
942 1060 169
1258 830 182
823 1476 182
841 607 171
785 342 171
609 1132 179
320 366 144
1368 8739 262
6456 6353 200
4725 1687 238
8382 8963 247
5956 2745 238
7755 9699 260
5939 7024 262
7840 9301 260
5020 9951 262
3648 9073 262
3433 5858 238
6797 3308 262
1530 9245 262
7359 6840 257
9984 3921 262
7895 4076 262
8589 9176 247
5356 5857 236
3082 2677 217
1976 4928 238
5214 2765 238
8405 2819 262
3020 5849 238
6683 3514 262
6512 3523 262
6430 4104 262
1420 9568 262
2379 2941 217
3858 8878 262
7666 5649 262
5603 5747 205
38127 20627 324
20032 20436 243
31753 19011 308
24843 18391 282
11549 28581 308
11816 27362 308
34475 33121 311
40796 41053 288
20635 26086 282
29916 46083 324
29170 46923 324
22683 25892 282
47922 27324 324
35927 16149 324
18208 11813 279
39786 28227 324
12008 44825 324
72674 72888 263
74460 77034 351
71098 73016 325
