1 10 20
100 200 125
201 210 89
900 1000 174
1 1000000 525
3 4 8
5 7 17
9 8 20
10 20 21
1000 2000 182
2000 3000 217
2501 2575 178
4000 5000 215
3456 7890 262
9876 9875 136
1234 5678 238
987 654 179
1 1 1
2 2 2
1000000 1 525
2 700000 509
75432 9876 340
15 35 112
87645 98888 333
900000 1000000 507
950 100000 351
34001 40500 324
987 789 179
765 566 171
444 444 72
333 333 113
222 222 71
111 111 70
11 11 15
1 1 1
345 678 145
891 234 179
567 891 179
456 678 145
45678 89123 351
123456 789123 509
999 999999 525
1222 1444 177
777 888 179
765910 888888 525
10000 20000 279
30000 50000 324
70000 90000 351
90000 111111 354
120000 130000 344
140000 160000 383
180000 190000 365
185555 196666 360
777777 777799 181
7777 8777 252
5555 6555 262
6666 7666 257
4444 5444 210
3333 4333 238
2222 3222 217
1111 1113 138
8888 9888 260
8765 9876 260
88888 88888 59
77777 87777 338
66666 76666 325
55555 65555 335
44444 54444 340
33333 43333 324
22222 32222 308
11111 21111 279
777777 877777 525
666666 766666 504
555555 655555 509
444444 544444 470
333333 433333 449
222222 322222 443
111111 211111 383
999999 199999 525
987654 321987 525
876543 219876 525
765432 198765 509
654321 987654 525
543219 876543 525
432198 765432 509
321987 654321 509
219876 543219 470
198765 432198 449
98765 43219 351
87654 32198 351
76543 21987 340
65432 19876 340
54321 98765 351
43219 87654 351
32198 76543 340
21987 65432 340
19876 54321 340
9876 5432 262
8765 4321 262
7654 3219 262
666 666 114
