56145 4256 340
5993 54097 340
23887 11585 282
69042 44818 340
86215 80263 320
57648 21047 340
38805 851 324
50769 57055 340
37475 84587 351
5224 75441 340
38946 41398 306
82220 43859 351
78278 20674 351
14811 66207 340
39576 6590 324
2086 84075 351
64149 22077 340
95576 42525 351
97297 12419 351
41383 83729 351
14157 37331 324
14245 55164 340
21557 64029 340
55893 31473 340
76290 73449 325
6592 64298 340
38472 19339 324
24583 20995 282
46218 95968 351
82641 63729 351
58009 50319 340
96657 77181 338
7158 10889 260
14642 50618 324
6704 22393 279
58870 64663 335
23272 81364 351
12333 66293 340
56032 26319 340
66816 15712 340
98683 28632 351
87760 25788 351
4597 9169 262
22224 40832 324
54105 26066 340
72598 46642 340
49758 23009 324
32664 26221 308
25292 71455 340
17459 63803 340
69263 71736 325
95843 67268 351
39885 13314 324
51679 80 324
38557 81375 351
66328 50694 340
96382 20373 351
75502 32447 340
86721 13373 351
191 46292 324
52754 19447 340
33486 31125 285
8001 23182 279
86362 61228 351
81881 83773 320
94390 63852 351
49856 41479 314
48490 11286 324
20167 88621 351
43452 7352 324
95006 27761 351
94222 61847 351
81486 53316 351
69708 99613 351
73781 15352 340
22232 66359 340
3457 9949 262
5444 20894 279
33134 8013 308
58398 3662 340
3641 7969 262
6841 95395 351
84628 50030 351
59487 99347 351
41814 78027 351
20581 8410 279
62867 4790 340
81784 9753 351
56437 85760 351
32300 24690 308
87676 45808 351
2096 21368 279
77054 75610 351
21760 25713 282
11496 89431 351
79857 20132 351
30116 95791 351
33979 24598 308
56548 92054 351
76081 42164 340
30740 96425 351
18434 10740 279
31480 30719 285
41933 42575 288
31516 66401 340
94255 90500 333
56735 65490 335
63462 88205 351
5586 68820 340
9959 83826 351
4757 74363 340
47507 29972 324
81382 36238 351
