1 10 20
100 200 125
201 210 89
900 1000 174
856789 459914 525
782958 363377 509
220374 496143 449
862503 679938 525
542387 834951 509
17899 385992 443
942759 899565 507
228983 703138 509
731459 442787 509
835403 491019 509
291374 443048 449
685235 238752 509
22269 947301 525
133169 659518 509
625643 525542 452
927881 95241 525
809909 355046 509
541865 123466 470
576917 135811 470
209010 666224 509
658584 485328 509
263015 554103 470
588830 983049 525
952305 501542 525
888814 324577 525
702988 877042 525
102772 6584 351
422226 502592 444
501656 38505 449
162786 52360 383
708923 995071 525
989997 663829 525
989392 896647 507
143453 729897 509
256149 318656 407
867105 255613 525
626093 724911 509
378713 372517 423
62300 489935 449
988123 769874 525
674462 69734 509
738912 691122 504
585828 145843 470
431119 399218 449
430828 130564 449
950819 641443 525
731388 194724 509
209275 787706 509
445434 812528 509
202430 450162 449
113451 293898 443
738856 69452 509
214790 348903 443
234742 438262 449
502388 447620 444
571370 301834 470
473831 743286 509
183163 292269 443
975956 415710 525
723805 88536 509
518606 786170 509
383208 766259 509
909568 203865 525
701159 786909 504
458887 589095 470
2880 18440 279
933418 24742 525
503355 113154 449
724407 811454 468
113904 503054 449
847099 924267 476
420178 491889 444
673053 194004 509
906642 387976 525
885847 753148 525
263857 802902 509
825810 142609 509
46309 726684 509
461726 840738 525
612647 259169 470
990411 729710 525
698839 106065 509
380710 366231 423
210189 121666 383
373075 50294 443
172285 480465 449
256388 506376 449
197638 284779 443
145683 783109 509
964503 845288 507
356290 72465 443
133502 704017 509
345420 555275 470
223183 926786 525
56103 905988 525
340845 729323 509
931097 356490 525
685112 228784 509
680948 29730 509
935571 43121 525
