1 10 20
100 200 125
201 210 89
900 1000 174
3719 4832 215
1988 7715 262
7066 488 262
2223 7311 262
9156 1780 262
3948 8642 262
9712 9945 242
6706 4105 262
5656 4561 236
7652 8455 252
6803 3622 262
3568 1996 217
7469 746 262
1108 3389 217
8517 6912 257
9014 3472 262
8249 8150 190
6034 9076 262
7432 2762 262
4836 8842 262
7318 6428 257
7832 9107 252
7844 8748 252
2789 1022 209
8647 7606 252
7553 731 262
2733 2353 209
8930 6300 257
8702 1607 262
764 5296 238
5616 3916 236
5345 4683 210
2596 2236 209
4645 3134 238
4362 6281 262
4054 8866 262
8561 5333 262
4312 1876 238
5937 8778 262
2934 9524 262
6640 2709 262
4870 8027 262
9723 7987 260
5655 1356 238
4231 8941 262
1733 2126 180
7969 5073 262
3026 3048 155
5270 1861 238
7827 2996 262
9218 8477 247
2763 6135 238
4708 5686 236
2944 7703 262
9941 9892 242
2085 3485 217
7338 5031 262
6829 4252 262
6102 1413 238
6045 5355 236
135 5269 238
7174 801 262
9530 8018 260
5867 9101 262
3467 3747 238
8732 8156 234
9874 9140 260
7705 6821 257
6205 3471 262
9549 9920 242
3503 5397 238
5185 5282 192
9711 4423 262
9212 9766 260
6770 5038 262
4495 4859 197
3569 2500 217
2778 8860 262
1450 8119 262
6866 5932 262
6886 2879 262
262 490 144
5273 2891 238
9224 6858 257
5567 471 238
1005 5543 238
7769 8129 252
8828 3883 262
1499 7424 262
7695 8082 252
7199 5275 262
3855 2885 238
9207 5825 262
9591 3639 262
5762 8566 262
6441 4861 262
1326 8473 262
8950 3504 262
4481 7025 262
6856 2063 262
8280 1995 262
6596 5961 262
9914 5542 262
2496 9538 262
8347 1380 262
6735 5382 262
6598 1867 262
9164 6088 262
180 1104 179
6101 8362 262
4629 9161 262
5670 6835 262
1731 2853 209
5226 3829 215
3840 2504 238
5760 1606 238
6687 4378 262
3912 4215 189
2413 5585 238
3594 4011 238
1490 6011 238
2438 5244 238
224 1873 182
8339 3038 262
3566 8861 262
5995 8957 262
5645 6939 262
4637 729 238
8040 8603 234
6097 2 238
7357 1212 262
4435 1124 238
6928 7289 257
305 4167 238
8176 2688 262
2377 98 183
9219 5491 262
5935 6423 262
6696 3670 262
1592 9736 262
2266 3993 238
4628 8340 262
6292 712 262
4557 2439 238
8692 5824 262
4676 1466 238
3567 7343 262
5746 9585 262
1500 5182 238
652 6765 262
5024 7116 262
1208 7509 262
4358 1476 238
5166 9911 262
9643 3316 262
2360 7161 262
4845 8524 262
9508 6223 260
8336 70 262
