1 10 20
100 200 125
201 210 89
900 1000 174
1208 5791 238
2670 3658 217
5578 6286 262
3604 2646 217
4045 3853 189
5971 3748 236
531961 5792 470
3741 705 238
7688 5011 262
2784 8358 262
436126 690 449
4318 1738 238
852 8459 262
837696 4772 509
1347 2562 209
508 3655 217
7352 349 262
1354 7929 262
667344 5337 509
1288 5811 238
711 72610 340
351558 95023 443
12 13 10
12 14 18
12 15 18
12 16 18
12 17 18
12 18 21
12 19 21
12 20 21
13 45 112
13 46 112
13 47 112
13 48 112
13 49 112
13 50 112
15 75 116
15 780 171
15 670 145
456 3 144
456 654 145
345 965 179
123 321 131
234 432 144
678 876 179
789 987 179
890 908 117
900 1111 174
860302 83282 525
158578 67244 383
500934 41064 449
928855 52799 525
693267 64161 509
812458 78508 509
283260 71833 443
594306 42183 470
305838 64754 443
96140 9737 351
6007 48595 324
2516 8033 262
8319 9898 260
1922 5747 238
6054 9055 262
4244 8160 262
6962 8126 252
4820 8795 262
3842 6797 262
7221 9450 260
7715 8788 252
1790 2039 175
6213 9404 260
1505 4174 238
3022 8760 262
2011 9118 262
8057 8166 190
6796 8173 257
1443 7423 262
5595 7010 262
8915 9772 260
7616 8069 252
6536 7562 257
1680 9718 262
1027 1635 182
8171 8473 234
5754 5993 218
8864 9328 260
3650 5016 238
1786 9749 262
7807 8570 252
29030 69048 340
41261 81078 351
80435 89331 333
73177 82080 351
87551 95122 333
60741 84305 351
85060 95553 333
24211 75057 340
83974 91447 333
53052 93102 351
11111 22222 279
33333 44444 324
88888 99999 333
