507477 117984 449
868797 175815 525
427312 389671 449
469480 142840 449
76660 723010 509
912578 683202 525
253346 295331 407
252069 798367 509
652055 338156 509
169102 798126 509
400834 634277 509
792221 739010 468
520475 973764 525
539309 322375 470
126684 314711 443
673190 383952 509
481297 626536 509
962693 658229 525
906520 36400 525
606375 718341 509
633763 283500 509
378765 30345 443
362598 486480 449
835448 856475 525
317222 832111 509
75472 417500 449
133784 703128 509
661094 798874 504
909462 579454 525
552690 457592 470
463024 443699 444
976600 562517 525
866529 846181 419
654079 487421 509
546117 739939 509
69005 694297 509
104188 938818 525
327890 434988 449
102620 902341 525
337632 662008 509
950875 347407 525
361867 427509 449
902224 710770 525
352821 397801 436
617509 633391 509
838577 1603 525
319496 195688 443
521576 323142 470
150002 649877 509
881733 263883 525
149294 523011 470
931790 925772 476
429262 470568 444
880777 125223 525
765712 119289 509
72035 591242 470
284812 855826 525
925822 963014 507
406992 564294 470
603584 765274 509
843820 411714 525
733868 792403 468
529810 811780 509
980546 875413 507
319439 988929 525
492149 520088 470
648516 851933 525
645743 419608 509
663358 513295 509
488913 288292 449
416112 423029 387
918013 800918 525
290191 760702 509
615269 437807 470
162480 360206 443
93617 654212 509
301078 573651 470
364553 954740 525
682589 526290 509
480948 433469 444
800130 703701 504
627194 872339 525
639296 244282 509
293511 300549 371
209146 370969 443
759670 300179 509
631485 669286 442
340124 867008 525
221316 958632 525
643465 529187 509
919067 7205 525
117508 949295 525
29192 55618 340
834492 673596 504
595812 901124 525
180031 639878 509
625546 923522 525
312071 637753 509
122028 391981 443
782338 963265 525
131256 707617 509
708816 231759 509
301049 374098 441
647354 758182 504
790022 101145 509
652932 736309 504
72200 896090 525
796190 479870 509
565158 130267 470
736193 505442 509
923823 933508 476
620875 794641 509
93926 913084 525
253450 569990 470
770982 644142 504
692235 396557 509
920753 442823 525
890205 600433 525
467199 506597 426
191742 28678 383
294809 608656 470
861562 49699 525
17914 559815 470
793018 345477 509
242207 224878 443
612410 539224 452
643914 819232 504
882583 121764 525
429916 881085 525
499325 655164 509
242159 432623 449
456175 311830 449
518505 191470 470
893069 130807 525
553779 444852 470
817284 600423 509
436121 787862 509
488733 57900 449
899700 33525 525
333618 681060 509
272892 232010 407
723820 866293 525
782874 831604 468
275569 838553 525
862183 844500 419
292113 422467 449
138045 848489 525
130359 765108 509
504808 640846 509
393583 136146 443
