1 1 1
2 8 17
10 19 21
12 13 10
125 250 128
124 251 128
124 249 128
368 5879 238
23423 334234 443
147234 506001 449
98 150 122
4780 744048 509
2220 83680 351
314598 97974 443
80943 91530 333
864597 100590 525
2 3 8
3561 623459 470
437336 577006 470
49721 436985 449
1490 475945 449
813 913 179
12 2375 183
139 140 42
223451 3378 386
36 890 179
42 41 110
23 345 144
639336 349182 509
347 350 126
251 374 144
455 177 144
484 6328 262
177018 72809 383
34 78 116
5 9 20
987 1056 169
54 1987 182
265 702 145
275 552 144
935 966 174
38 529 144
280 706 171
136 346 144
13 711 171
460 3537 217
3182 4582 238
770 1365 182
607 7370 262
7308 7768 239
169 999 179
709521 733562 411
94038 99790 328
9575 9864 211
537228 412727 470
282548 65604 443
56643 769111 509
212 442 144
776 829 135
634 734 171
817883 92925 509
12 18 21
847 988 179
12 9999 262
34 98 119
12 3000 217
344 544 142
23 4987 238
69 6969 262
12 420 144
375 896 179
81462 873362 525
21 672 145
1239 697367 509
84756 93576 333
24 612 144
1603 39373 324
31 458 144
7540 99365 351
3478 6789 262
42397 42398 164
243 987 179
3856 43534 324
78 89 111
81783 929254 525
33 100 119
47 867 171
88 88 18
2168 30948 308
12 17 18
34 45 110
5 150 122
126 251 128
94 97 119
12 65 113
8178 9292 260
623461 929367 525
3487 5493 238
6907 7823 257
200 400 144
386 1094 179
348 2906 209
24 29 112
5 506 144
32 902 179
90 109 119
503 7893 262
120 5498 238
43 290 128
2 550 144
217 907 179
430 3596 217
23 90 116
