1 10 20
100 200 125
201 210 89
900 1000 174
1 2 2
1 1000000 525
999999 1000000 259
401602 694717 509
232987 260070 381
779213 248180 509
290480 905252 525
979550 562338 525
138810 903659 525
80130 560818 470
988454 347904 525
86444 47873 351
43775 456183 449
567203 562801 421
846240 947712 507
621979 724212 509
427346 868721 525
322598 754073 509
302747 678691 509
495602 544690 470
903314 727744 525
248982 870064 525
38320 284961 443
931738 213804 525
449784 54619 449
658276 693716 442
797920 305379 509
338614 325379 366
557568 22649 470
883473 667729 525
445529 8017 449
992473 161059 525
74316 825362 509
683276 536183 509
944194 33414 525
399041 58104 443
176127 200952 365
984375 922439 507
998419 772713 525
401474 718740 509
615674 794215 509
804487 838432 525
399481 157055 443
841019 30293 525
948911 47834 525
361998 35723 443
743504 397016 509
552701 922512 525
695358 794736 504
35569 636536 509
861391 154637 525
750213 340629 509
947626 557609 525
928203 407529 525
809758 714723 468
814753 211416 509
121795 964371 525
185736 75151 383
259978 249350 363
58161 159281 383
483428 487120 382
517296 372785 470
120490 207154 383
554647 955644 525
947618 787100 525
520265 699919 509
108423 444588 449
970189 936019 507
786479 539037 509
463699 323773 449
414772 219504 449
63399 803121 509
949195 305553 525
619682 164373 470
88118 832243 509
118708 615828 470
94661 654521 509
150412 649369 509
258045 569877 470
880843 913128 476
660542 931166 525
337684 57625 443
611517 362050 470
245287 628842 509
993060 170126 525
607998 501751 470
512747 687487 509
382409 68246 443
284522 394970 441
645288 395883 509
37287 254694 443
808800 10488 509
999673 617273 525
902469 345353 525
874656 284872 525
122672 633915 509
990912 149081 525
259467 707228 509
580854 647282 509
103328 688702 509
872357 650996 525
793168 889757 525
208212 764858 509
