454624 516135 470
358242 761444 509
201125 308995 443
24213 201150 383
330043 575346 470
21865 104231 351
454724 644146 509
116508 244228 443
314525 379654 441
30515 111239 354
313166 378687 441
448414 735606 509
367779 761016 509
141003 457553 449
70246 672171 509
402623 786792 509
436153 601990 470
481087 736554 509
347848 636386 509
50087 786863 509
483594 609986 470
212947 311355 443
491235 711938 509
440052 759168 509
369484 445617 449
142634 458115 449
490786 776099 509
195092 797587 509
205957 532504 470
270597 642775 509
470692 576631 470
246145 394853 441
362751 655866 509
120483 236416 443
127305 575032 470
302794 720405 509
264409 696892 509
497279 765519 509
19389 641359 509
403090 784822 509
354472 781046 509
429352 786948 509
285420 769091 509
407599 489873 449
114672 759108 509
321914 696860 509
490428 691983 509
260782 383809 441
315164 517250 470
128238 366913 443
183225 451039 449
102541 337579 443
456293 665109 509
413213 754924 509
80610 154489 375
393152 602464 470
103594 216394 386
262450 459081 449
266561 558117 470
276467 517579 470
140332 254921 443
115021 596499 470
407132 725904 509
207013 490266 449
362426 427690 449
52870 692082 509
181471 382949 443
415078 695524 509
113091 373715 443
235899 713093 509
298783 797297 509
132954 580614 470
152102 584684 470
204598 370190 443
271336 439067 449
114352 650878 509
149962 174883 383
161613 243139 443
358554 698433 509
97237 351977 443
454911 459275 356
68571 745823 509
3993 686734 509
483666 638382 509
349270 706724 509
428294 686607 509
89317 427885 449
128117 351984 443
33952 381526 443
382524 578362 470
489393 792411 509
358393 632033 509
215663 662927 509
34720 190529 383
203184 588640 470
376826 590313 470
8125 610304 470
67965 162273 383
113469 138017 349
169861 763312 509
291494 714510 509
16359 296714 443
5919 681206 509
285303 781042 509
333821 758343 509
139398 374991 443
14820 542888 470
49391 49724 296
32619 81569 351
228342 244951 443
146363 554672 470
206352 457122 449
161774 539140 470
446438 751251 509
247954 526719 470
164366 374545 443
200133 537582 470
358629 509383 449
485413 567260 470
317930 725109 509
193794 773584 509
272906 452868 449
194874 357935 443
402170 501022 449
388299 473846 449
409199 474977 449
233217 347653 441
447923 640331 509
129709 627307 509
47889 313701 443
273826 487205 449
433035 477871 444
201553 372321 443
74578 490244 449
303394 798913 509
20978 600317 470
68653 291631 443
300877 562975 470
130308 335607 443
498836 708891 509
78490 411054 449
288549 510457 449
486847 682291 509
286433 299649 389
349285 361527 410
299083 539910 470
448845 575503 470
153186 649466 509
281563 409224 441
